#0 building with "desktop-linux" instance using docker driver

#1 [internal] load .dockerignore
#1 transferring context: 2B done
#1 DONE 0.0s

#2 [internal] load build definition from Dockerfile
#2 transferring dockerfile: 7.62kB done
#2 DONE 0.0s

#3 [internal] load metadata for docker.io/bioconductor/bioconductor_docker:RELEASE_3_17
#3 ...

#4 [auth] bioconductor/bioconductor_docker:pull token for registry-1.docker.io
#4 DONE 0.0s

#3 [internal] load metadata for docker.io/bioconductor/bioconductor_docker:RELEASE_3_17
#3 DONE 1.5s

#5 [ 1/15] FROM docker.io/bioconductor/bioconductor_docker:RELEASE_3_17@sha256:1851e5cdc84a6481f2758b08f79f16ed6b099c502981783c664dcfc1d48f165e
#5 DONE 0.0s

#6 [internal] load build context
#6 transferring context: 654B done
#6 DONE 0.0s

#7 [ 2/15] ADD assets/common-debian.sh /tmp/
#7 CACHED

#8 [ 3/15] RUN apt-get update && export DEBIAN_FRONTEND=noninteractive     && /bin/bash /tmp/common-debian.sh "false" "rstudio" "1000" "1000" "false" "true" "true"     && usermod -a -G staff rstudio     && apt-get -y install     libgit2-dev     libssl-dev     libxml2-dev     libxt-dev     libfontconfig1-dev     libcairo2-dev     squashfs-tools     libxml-libxml-perl     xsel ripgrep     run-one texlive-xetex texlive-fonts-recommended texlive-plain-generic xclip     libzmq3-dev build-essential cm-super dvipng ffmpeg     libmysqlclient-dev default-libmysqlclient-dev libudunits2-dev libgdal-dev libgeos-dev libproj-dev     libjq-dev php php-xml php-json     fonts-powerline     bedtools bedops     bcftools vcftools samtools tabix picard-tools libvcflib-tools libvcflib-dev freebayes     && apt-get autoremove -y && apt-get clean -y && rm -rf /var/lib/apt/lists/* /tmp/library-scripts     && install2.r --error --skipinstalled --ncpus -1     devtools     languageserver     httpgd     IRkernel     pak     arrow     && rm -rf /tmp/downloaded_packages     && apt-get clean && rm -rf /var/lib/apt/lists/*
#8 CACHED

#9 [ 4/15] RUN export TAG=$(git ls-remote --tags --refs --sort='version:refname' https://github.com/ManuelHentschel/vscDebugger v* | tail -n 1 | cut --delimiter='/' --fields=3)     && Rscript -e "remotes::install_git('https://github.com/ManuelHentschel/vscDebugger.git', ref = '"${TAG}"', dependencies = FALSE)"
#9 CACHED

#10 [ 5/15] RUN echo 'if (interactive() && Sys.getenv("TERM_PROGRAM") == "vscode") source(file.path(Sys.getenv("HOME"), ".vscode-R", "init.R"))' >>"/usr/local/lib/R/etc/Rprofile.site"
#10 CACHED

#11 [ 6/15] RUN wget https://micromamba.snakepit.net/api/micromamba/linux-64/latest -O /usr/local/bin/micromamba
#11 0.140 --2023-08-16 00:56:44--  https://micromamba.snakepit.net/api/micromamba/linux-64/latest
#11 0.175 Resolving micromamba.snakepit.net (micromamba.snakepit.net)... 152.228.167.221, 141.95.105.229
#11 0.663 Connecting to micromamba.snakepit.net (micromamba.snakepit.net)|152.228.167.221|:443... connected.
#11 1.129 HTTP request sent, awaiting response... 307 Temporary Redirect
#11 1.299 Location: //api.anaconda.org/download/conda-forge/micromamba/1.4.9/linux-64/micromamba-1.4.9-0.tar.bz2 [following]
#11 1.301 --2023-08-16 00:56:45--  https://api.anaconda.org/download/conda-forge/micromamba/1.4.9/linux-64/micromamba-1.4.9-0.tar.bz2
#11 1.301 Resolving api.anaconda.org (api.anaconda.org)... 104.17.93.24, 104.17.92.24, 2606:4700::6811:5d18, ...
#11 1.825 Connecting to api.anaconda.org (api.anaconda.org)|104.17.93.24|:443... connected.
#11 1.915 HTTP request sent, awaiting response... 302 Found
#11 2.262 Location: https://binstar-cio-packages-prod.s3.amazonaws.com/5ef2fca5fe6b2a019b74a98b/64b02092b2afb023f16a3582?response-content-disposition=attachment%3B%20filename%3D%22micromamba-1.4.9-0.tar.bz2%22%3B%20filename%2A%3DUTF-8%27%27micromamba-1.4.9-0.tar.bz2&response-content-type=application%2Fx-tar&X-Amz-Algorithm=AWS4-HMAC-SHA256&X-Amz-Expires=600&X-Amz-Date=20230816T005646Z&X-Amz-SignedHeaders=host&X-Amz-Security-Token=IQoJb3JpZ2luX2VjEJf%2F%2F%2F%2F%2F%2F%2F%2F%2F%2FwEaCXVzLWVhc3QtMSJIMEYCIQD%2Fo%2FXIchfLakBaSUmszOQ5ZAUJefDDLBNiuIN6K6%2FoMQIhAKf1OT29QawC54y9JutMPfP3r4zR%2F3jB7UuoNhhjS2jwKrMFCFAQABoMNDU1ODY0MDk4Mzc4Igw1ExZ8KiLPUlZ7lOoqkAU4M9Ak4lMw7NdLMUICCdxO18QHwlNJehx2rqkUxpjmFuCXri4VAnoMz91F9XfAHBLq2urZXFC4kOSh76ay9gus6rCjw1RXRzO1qLuwG6I3%2FMumiS3qTDDN1i0dVabQDmS1LnSmIsJnenutiIAnG1FsmfOGIKqMR7AcbCknD7qXCCK2aOB9ThW4MoeOESRRkxCBFzdhM%2BtQbIFBNAQODuWU2CojvV2SiTNHw5I7ndSoeOzJw5O4dqzCKlGEx3YAA3wrSxhZt3yicEiwas7oWlb0OK10sJSzRTAK1BYO4PJs88xdvTXCtSNmUiN8%2F%2BC5BstG7GfNnduPbd%2FVGxvO1II2UlyqAPnt1zlSVsjOQd1ox%2FSplL1ryWTKMDxWTTsrN2Q0jq1mDAzMGlKvwgjBrNnGTiJSxJiMvv8TpzEIyVk8NI4dzsPClwgbI9CYzNePdu62uYWencvDTR7qzMtoHBhx%2FGO5uNwVS4%2BUIKvesD%2BmOJlhEoYT4%2FrTYhoLoTYlEZhFuK35qjZNHvKUR2uMsi2jWis2GhHhEybyZOGpU3rN%2Bld3QZOKqQe%2BoBI63UZuuO%2BkxHWOdy3LyYKrJ9k%2FXprVQnrt8Wv%2FfRGtWXgNmwXy%2FVd%2FQmmYq3lZDmwrRHxAZczXqZU9SD9grsVw73t0TDJoHel2olJdiU2EH75pAWK0HwOxt1RC5CBk%2FWNdllDfrCxFBQJhaWt%2Bst3tAD%2B5dRhm1KzwcDFwObBclLqloNinGAV3OPnruQWBfxuMCNqZtC1pze5aQ1m4d%2FZACkvr181JO5KzH2yqMXIuMS%2BZg37vVpjJFfzeuVl6U84b9vXJpWSLMMUMciJWTWogpLlU%2FTUgXf4gvBh6w0nR7ywAbSqI0jDC9%2B%2BmBjqwASyIYKG0U6PQieMV1e4sh8leUmCDHhmPatPy9VCOeTUNGEXX6vbnqnJxKgIDAKeQFvGsWoKrAk1sL4iysxjYWa%2FWDy7pIkD6zTkmRDS%2B1FF8uySPSL48X6nF9qPpleqwaNu4g6W%2B4Z3DChvv9mXQbdoCASXxEgy7omnSlX%2BIykOZMIeVdHQSZLE%2FU1eqD8GymsWPY4NxC88bjXTly7b4Paxa3I%2FUlkCnE0HrhgaIYpur&X-Amz-Credential=ASIAWUI46DZFAYLCL6FA%2F20230816%2Fus-east-1%2Fs3%2Faws4_request&X-Amz-Signature=83ab6278e02a40496fac08c6327af2222ae7373c1c341ea0ca2c53bf8a34a551 [following]
#11 2.263 --2023-08-16 00:56:46--  https://binstar-cio-packages-prod.s3.amazonaws.com/5ef2fca5fe6b2a019b74a98b/64b02092b2afb023f16a3582?response-content-disposition=attachment%3B%20filename%3D%22micromamba-1.4.9-0.tar.bz2%22%3B%20filename%2A%3DUTF-8%27%27micromamba-1.4.9-0.tar.bz2&response-content-type=application%2Fx-tar&X-Amz-Algorithm=AWS4-HMAC-SHA256&X-Amz-Expires=600&X-Amz-Date=20230816T005646Z&X-Amz-SignedHeaders=host&X-Amz-Security-Token=IQoJb3JpZ2luX2VjEJf%2F%2F%2F%2F%2F%2F%2F%2F%2F%2FwEaCXVzLWVhc3QtMSJIMEYCIQD%2Fo%2FXIchfLakBaSUmszOQ5ZAUJefDDLBNiuIN6K6%2FoMQIhAKf1OT29QawC54y9JutMPfP3r4zR%2F3jB7UuoNhhjS2jwKrMFCFAQABoMNDU1ODY0MDk4Mzc4Igw1ExZ8KiLPUlZ7lOoqkAU4M9Ak4lMw7NdLMUICCdxO18QHwlNJehx2rqkUxpjmFuCXri4VAnoMz91F9XfAHBLq2urZXFC4kOSh76ay9gus6rCjw1RXRzO1qLuwG6I3%2FMumiS3qTDDN1i0dVabQDmS1LnSmIsJnenutiIAnG1FsmfOGIKqMR7AcbCknD7qXCCK2aOB9ThW4MoeOESRRkxCBFzdhM%2BtQbIFBNAQODuWU2CojvV2SiTNHw5I7ndSoeOzJw5O4dqzCKlGEx3YAA3wrSxhZt3yicEiwas7oWlb0OK10sJSzRTAK1BYO4PJs88xdvTXCtSNmUiN8%2F%2BC5BstG7GfNnduPbd%2FVGxvO1II2UlyqAPnt1zlSVsjOQd1ox%2FSplL1ryWTKMDxWTTsrN2Q0jq1mDAzMGlKvwgjBrNnGTiJSxJiMvv8TpzEIyVk8NI4dzsPClwgbI9CYzNePdu62uYWencvDTR7qzMtoHBhx%2FGO5uNwVS4%2BUIKvesD%2BmOJlhEoYT4%2FrTYhoLoTYlEZhFuK35qjZNHvKUR2uMsi2jWis2GhHhEybyZOGpU3rN%2Bld3QZOKqQe%2BoBI63UZuuO%2BkxHWOdy3LyYKrJ9k%2FXprVQnrt8Wv%2FfRGtWXgNmwXy%2FVd%2FQmmYq3lZDmwrRHxAZczXqZU9SD9grsVw73t0TDJoHel2olJdiU2EH75pAWK0HwOxt1RC5CBk%2FWNdllDfrCxFBQJhaWt%2Bst3tAD%2B5dRhm1KzwcDFwObBclLqloNinGAV3OPnruQWBfxuMCNqZtC1pze5aQ1m4d%2FZACkvr181JO5KzH2yqMXIuMS%2BZg37vVpjJFfzeuVl6U84b9vXJpWSLMMUMciJWTWogpLlU%2FTUgXf4gvBh6w0nR7ywAbSqI0jDC9%2B%2BmBjqwASyIYKG0U6PQieMV1e4sh8leUmCDHhmPatPy9VCOeTUNGEXX6vbnqnJxKgIDAKeQFvGsWoKrAk1sL4iysxjYWa%2FWDy7pIkD6zTkmRDS%2B1FF8uySPSL48X6nF9qPpleqwaNu4g6W%2B4Z3DChvv9mXQbdoCASXxEgy7omnSlX%2BIykOZMIeVdHQSZLE%2FU1eqD8GymsWPY4NxC88bjXTly7b4Paxa3I%2FUlkCnE0HrhgaIYpur&X-Amz-Credential=ASIAWUI46DZFAYLCL6FA%2F20230816%2Fus-east-1%2Fs3%2Faws4_request&X-Amz-Signature=83ab6278e02a40496fac08c6327af2222ae7373c1c341ea0ca2c53bf8a34a551
#11 2.263 Resolving binstar-cio-packages-prod.s3.amazonaws.com (binstar-cio-packages-prod.s3.amazonaws.com)... 54.231.225.217, 3.5.11.119, 54.231.131.33, ...
#11 2.316 Connecting to binstar-cio-packages-prod.s3.amazonaws.com (binstar-cio-packages-prod.s3.amazonaws.com)|54.231.225.217|:443... connected.
#11 2.611 HTTP request sent, awaiting response... 200 OK
#11 2.752 Length: 5198118 (5.0M) [application/x-tar]
#11 2.754 Saving to: ‘/usr/local/bin/micromamba’
#11 2.756 
#11 2.756      0K .......... .......... .......... .......... ..........  0%  457K 11s
#11 2.866     50K .......... .......... .......... .......... ..........  1%  563K 10s
#11 2.958    100K .......... .......... .......... .......... ..........  2%  624K 9s
#11 3.034    150K .......... .......... .......... .......... ..........  3% 3.32M 7s
#11 3.051    200K .......... .......... .......... .......... ..........  4% 17.3M 6s
#11 3.051    250K .......... .......... .......... .......... ..........  5% 6.78M 5s
#11 3.058    300K .......... .......... .......... .......... ..........  6%  629K 5s
#11 3.138    350K .......... .......... .......... .......... ..........  7% 5.80M 5s
#11 3.146    400K .......... .......... .......... .......... ..........  8% 8.38M 4s
#11 3.151    450K .......... .......... .......... .......... ..........  9% 6.23M 4s
#11 3.159    500K .......... .......... .......... .......... .......... 10% 6.26M 3s
#11 3.167    550K .......... .......... .......... .......... .......... 11% 6.22M 3s
#11 3.175    600K .......... .......... .......... .......... .......... 12% 6.43M 3s
#11 3.182    650K .......... .......... .......... .......... .......... 13%  904K 3s
#11 3.238    700K .......... .......... .......... .......... .......... 14% 2.30M 3s
#11 3.259    750K .......... .......... .......... .......... .......... 15% 6.45M 3s
#11 3.269    800K .......... .......... .......... .......... .......... 16% 2.79M 3s
#11 3.284    850K .......... .......... .......... .......... .......... 17% 27.1M 2s
#11 3.286    900K .......... .......... .......... .......... .......... 18% 12.4M 2s
#11 3.290    950K .......... .......... .......... .......... .......... 19% 5.85M 2s
#11 3.298   1000K .......... .......... .......... .......... .......... 20% 6.38M 2s
#11 3.306   1050K .......... .......... .......... .......... .......... 21% 6.23M 2s
#11 3.314   1100K .......... .......... .......... .......... .......... 22% 5.82M 2s
#11 3.322   1150K .......... .......... .......... .......... .......... 23% 6.21M 2s
#11 3.330   1200K .......... .......... .......... .......... .......... 24% 6.18M 2s
#11 3.338   1250K .......... .......... .......... .......... .......... 25% 6.52M 2s
#11 3.345   1300K .......... .......... .......... .......... .......... 26%  877K 2s
#11 3.402   1350K .......... .......... .......... .......... .......... 27% 29.6M 2s
#11 3.404   1400K .......... .......... .......... .......... .......... 28% 33.0M 2s
#11 3.405   1450K .......... .......... .......... .......... .......... 29% 31.5M 2s
#11 3.407   1500K .......... .......... .......... .......... .......... 30% 33.0M 1s
#11 3.408   1550K .......... .......... .......... .......... .......... 31% 27.9M 1s
#11 3.410   1600K .......... .......... .......... .......... .......... 32% 44.8M 1s
#11 3.412   1650K .......... .......... .......... .......... .......... 33% 1.76M 1s
#11 3.439   1700K .......... .......... .......... .......... .......... 34% 6.53M 1s
#11 3.446   1750K .......... .......... .......... .......... .......... 35% 5.98M 1s
#11 3.455   1800K .......... .......... .......... .......... .......... 36% 6.09M 1s
#11 3.463   1850K .......... .......... .......... .......... .......... 37% 6.25M 1s
#11 3.470   1900K .......... .......... .......... .......... .......... 38% 6.18M 1s
#11 3.478   1950K .......... .......... .......... .......... .......... 39% 6.21M 1s
#11 3.486   2000K .......... .......... .......... .......... .......... 40% 6.72M 1s
#11 3.493   2050K .......... .......... .......... .......... .......... 41% 6.54M 1s
#11 3.501   2100K .......... .......... .......... .......... .......... 42% 6.63M 1s
#11 3.508   2150K .......... .......... .......... .......... .......... 43% 5.10M 1s
#11 3.518   2200K .......... .......... .......... .......... .......... 44% 6.54M 1s
#11 3.525   2250K .......... .......... .......... .......... .......... 45% 6.76M 1s
#11 3.533   2300K .......... .......... .......... .......... .......... 46% 6.62M 1s
#11 3.540   2350K .......... .......... .......... .......... .......... 47% 6.48M 1s
#11 3.547   2400K .......... .......... .......... .......... .......... 48% 6.99M 1s
#11 3.554   2450K .......... .......... .......... .......... .......... 49% 5.72M 1s
#11 3.563   2500K .......... .......... .......... .......... .......... 50% 6.54M 1s
#11 3.570   2550K .......... .......... .......... .......... .......... 51% 4.95M 1s
#11 3.580   2600K .......... .......... .......... .......... .......... 52% 6.79M 1s
#11 3.588   2650K .......... .......... .......... .......... .......... 53% 6.69M 1s
#11 3.595   2700K .......... .......... .......... .......... .......... 54% 6.41M 1s
#11 3.602   2750K .......... .......... .......... .......... .......... 55% 6.93M 1s
#11 3.609   2800K .......... .......... .......... .......... .......... 56% 6.69M 1s
#11 3.617   2850K .......... .......... .......... .......... .......... 57% 6.49M 1s
#11 3.624   2900K .......... .......... .......... .......... .......... 58% 6.70M 1s
#11 3.632   2950K .......... .......... .......... .......... .......... 59% 5.18M 1s
#11 3.641   3000K .......... .......... .......... .......... .......... 60% 6.51M 1s
#11 3.648   3050K .......... .......... .......... .......... .......... 61% 6.76M 1s
#11 3.656   3100K .......... .......... .......... .......... .......... 62% 6.71M 1s
#11 3.663   3150K .......... .......... .......... .......... .......... 63% 6.39M 1s
#11 3.671   3200K .......... .......... .......... .......... .......... 64% 6.94M 1s
#11 3.678   3250K .......... .......... .......... .......... .......... 65% 6.72M 1s
#11 3.685   3300K .......... .......... .......... .......... .......... 65% 6.38M 0s
#11 3.693   3350K .......... .......... .......... .......... .......... 66% 4.90M 0s
#11 3.703   3400K .......... .......... .......... .......... .......... 67% 6.64M 0s
#11 3.710   3450K .......... .......... .......... .......... .......... 68% 5.51M 0s
#11 3.719   3500K .......... .......... .......... .......... .......... 69% 6.28M 0s
#11 3.727   3550K .......... .......... .......... .......... .......... 70% 6.45M 0s
#11 3.734   3600K .......... .......... .......... .......... .......... 71% 6.25M 0s
#11 3.742   3650K .......... .......... .......... .......... .......... 72% 6.69M 0s
#11 3.749   3700K .......... .......... .......... .......... .......... 73% 6.66M 0s
#11 3.757   3750K .......... .......... .......... .......... .......... 74% 4.85M 0s
#11 3.767   3800K .......... .......... .......... .......... .......... 75% 6.46M 0s
#11 3.774   3850K .......... .......... .......... .......... .......... 76% 6.76M 0s
#11 3.781   3900K .......... .......... .......... .......... .......... 77% 6.80M 0s
#11 3.789   3950K .......... .......... .......... .......... .......... 78% 6.41M 0s
#11 3.796   4000K .......... .......... .......... .......... .......... 79% 6.34M 0s
#11 3.804   4050K .......... .......... .......... .......... .......... 80% 5.43M 0s
#11 3.813   4100K .......... .......... .......... .......... .......... 81% 6.21M 0s
#11 3.821   4150K .......... .......... .......... .......... .......... 82% 4.86M 0s
#11 3.831   4200K .......... .......... .......... .......... .......... 83% 7.02M 0s
#11 3.838   4250K .......... .......... .......... .......... .......... 84% 6.72M 0s
#11 3.845   4300K .......... .......... .......... .......... .......... 85% 6.64M 0s
#11 3.852   4350K .......... .......... .......... .......... .......... 86% 6.54M 0s
#11 3.860   4400K .......... .......... .......... .......... .......... 87% 6.55M 0s
#11 3.867   4450K .......... .......... .......... .......... .......... 88% 6.77M 0s
#11 3.875   4500K .......... .......... .......... .......... .......... 89% 7.00M 0s
#11 3.881   4550K .......... .......... .......... .......... .......... 90% 4.90M 0s
#11 3.891   4600K .......... .......... .......... .......... .......... 91% 6.57M 0s
#11 3.899   4650K .......... .......... .......... .......... .......... 92% 6.98M 0s
#11 3.906   4700K .......... .......... .......... .......... .......... 93% 6.76M 0s
#11 3.913   4750K .......... .......... .......... .......... .......... 94% 6.38M 0s
#11 3.921   4800K .......... .......... .......... .......... .......... 95% 6.61M 0s
#11 3.928   4850K .......... .......... .......... .......... .......... 96% 6.57M 0s
#11 3.936   4900K .......... .......... .......... .......... .......... 97% 6.40M 0s
#11 3.943   4950K .......... .......... .......... .......... .......... 98% 5.04M 0s
#11 3.953   5000K .......... .......... .......... .......... .......... 99% 6.72M 0s
#11 3.960   5050K .......... .......... ......                          100% 14.0M=1.2s
#11 3.962 
#11 3.963 2023-08-16 00:56:48 (4.11 MB/s) - ‘/usr/local/bin/micromamba’ saved [5198118/5198118]
#11 3.963 
#11 DONE 4.0s

#12 [ 7/15] RUN chmod +x /usr/local/bin/micromamba
#12 DONE 0.3s

#13 [ 8/15] ADD assets/environment.yml /tmp/
#13 DONE 0.0s

#14 [ 9/15] RUN micromamba install -y -f /tmp/environment.yml &&     micromamba clean --all --yes
#14 0.243 exec /usr/local/bin/micromamba: exec format error
#14 ERROR: process "/usr/local/bin/micromamba run -n base micromamba install -y -f /tmp/environment.yml &&     micromamba clean --all --yes" did not complete successfully: exit code: 1
------
 > [ 9/15] RUN micromamba install -y -f /tmp/environment.yml &&     micromamba clean --all --yes:
0.243 exec /usr/local/bin/micromamba: exec format error
------
Dockerfile:94
--------------------
  93 |     # Use mamba to update the base environment
  94 | >>> RUN micromamba install -y -f /tmp/environment.yml && \
  95 | >>>     micromamba clean --all --yes
  96 |     
--------------------
ERROR: failed to solve: process "/usr/local/bin/micromamba run -n base micromamba install -y -f /tmp/environment.yml &&     micromamba clean --all --yes" did not complete successfully: exit code: 1
