Installing packages from: /home/domeally/workspaces/vscode-rbioc/slurm_install/pkgs_003.txt
Target library: /packages/singularity/shared_cache/rbioc/rlibs/bioc-3.22
Installing carrier...
ℹ Loading metadata database
✔ Loading metadata database ... done

 
→ Will install 4 packages.
→ Will download 4 CRAN packages (210.27 kB).
+ carrier       0.3.0.4 [bld][dl] (9.72 kB)
+ crayon        1.5.3   [bld][dl] (40.40 kB)
+ lobstr        1.1.3   [bld][cmp][dl] (62.66 kB)
+ prettyunits   1.2.0   [bld][dl] (97.50 kB)
  
ℹ Getting 4 pkgs (210.27 kB)
✔ Got crayon 1.5.3 (source) (40.40 kB)
✔ Got carrier 0.3.0.4 (source) (9.72 kB)
✔ Got lobstr 1.1.3 (source) (62.66 kB)
✔ Got prettyunits 1.2.0 (source) (97.50 kB)
ℹ Building crayon 1.5.3
ℹ Building prettyunits 1.2.0
✔ Built prettyunits 1.2.0 (1s)
✔ Installed prettyunits 1.2.0  (139ms)
✔ Built crayon 1.5.3 (1.4s)
✔ Installed crayon 1.5.3  (122ms)
ℹ Building lobstr 1.1.3
✔ Built lobstr 1.1.3 (5.6s)
✔ Installed lobstr 1.1.3  (135ms)
ℹ Building carrier 0.3.0.4
✔ Built carrier 0.3.0.4 (848ms)
✔ Installed carrier 0.3.0.4  (112ms)
✔ 1 pkg + 5 deps: kept 2, added 4, dld 4 (210.27 kB) [13.9s]
Installing Category...
 
→ Will install 15 packages.
→ Will download 1 CRAN package (966.75 kB), cached: 14 (20.13 MB).
+ annotate        1.88.0    [bld]
+ AnnotationDbi   1.72.0    [bld]
+ BH              1.90.0-1  [bld]
+ Biostrings      2.78.0    [bld][cmp]
+ bit64           4.6.0-1   [bld][cmp]
+ Category        2.76.0    [bld]
+ genefilter      1.92.0    [bld][cmp]
+ graph           1.88.1    [bld][cmp]
+ GSEABase        1.72.0    [bld]
+ httr            1.4.7     [bld]
+ KEGGREST        1.50.0    [bld]
+ openssl         2.3.4     [bld][cmp] + ✔ libssl-dev
+ RBGL            1.86.0    [bld][cmp]
+ RSQLite         2.4.5     [bld][cmp]
+ XML             3.99-0.20 [bld][cmp][dl] (966.75 kB) + ✔ libxml2-dev
✔ All system requirements are already installed.
  
ℹ Getting 1 pkg (966.75 kB), 14 (20.13 MB) cached
✔ Got GSEABase 1.72.0 (source) (301.57 kB)
✔ Got XML 3.99-0.20 (source) (966.75 kB)
✔ Got genefilter 1.92.0 (source) (1.12 MB)
✔ Got graph 1.88.1 (source) (1.50 MB)
✔ Got RBGL 1.86.0 (source) (4.03 MB)
✔ Got annotate 1.88.0 (source) (1.88 MB)
✔ Got Category 2.76.0 (source) (898.37 kB)
ℹ Building BH 1.90.0-1
ℹ Building bit64 4.6.0-1
ℹ Building XML 3.99-0.20
ℹ Building Biostrings 2.78.0
ℹ Building graph 1.88.1
✔ Installed openssl 2.3.4  (299ms)
ℹ Building httr 1.4.7
✔ Built httr 1.4.7 (4.2s)
✔ Installed httr 1.4.7  (367ms)
✔ Built bit64 4.6.0-1 (8s)
✔ Installed bit64 4.6.0-1  (265ms)
ℹ Building RSQLite 2.4.5
✔ Built graph 1.88.1 (9.8s)
✔ Installed graph 1.88.1  (471ms)
✔ Built XML 3.99-0.20 (18.4s)
✔ Installed XML 3.99-0.20  (882ms)
✔ Built Biostrings 2.78.0 (22.6s)
✔ Built BH 1.90.0-1 (23.1s)
✔ Installed Biostrings 2.78.0  (1.8s)
ℹ Building KEGGREST 1.50.0
✔ Built KEGGREST 1.50.0 (4.7s)
✔ Installed KEGGREST 1.50.0  (1.2s)
✔ Installed BH 1.90.0-1  (1m 20.2s)
ℹ Building RBGL 1.86.0
✖ Failed to build RBGL 1.86.0 (370ms)
  FAILED: ! error in pak subprocess
Caused by error in `stop_task_build(state, worker)`:
! Failed to build source package RBGL.
Full installation output:
ERROR: dependency ‘BH’ is not available for package ‘RBGL’
Perhaps try a variation of:
install.packages('BH')
* removing ‘/tmp/RtmpWHlGRy/pkg-lib29e5ad5f6a69e6/RBGL’
Installing caTools...
 
  
ℹ No downloads are needed
✔ 1 pkg + 1 dep: kept 2 [1s]
Installing celda...
 
→ Will install 38 packages.
→ Will download 19 CRAN packages (29.04 MB), cached: 19 (16.81 MB).
+ BH                     1.90.0-1 [bld]
+ BiocNeighbors          2.4.0    [bld][cmp]
+ BiocSingular           1.26.1   [bld][cmp]
+ bluster                1.20.0   [bld][cmp]
+ Cairo                  1.7-0    [bld][cmp][dl] (110.57 kB) + ✔ libcairo2-dev
+ celda                  1.26.0   [bld][cmp]
+ circlize               0.4.17   [bld][dl] (2.50 MB)
+ clue                   0.3-66   [bld][cmp][dl] (600.30 kB)
+ combinat               0.0-8    [bld][dl] (9.20 kB)
+ ComplexHeatmap         2.26.0   [bld]
+ dbscan                 1.2.4    [bld][cmp][dl] (2.81 MB)
+ dendextend             1.19.1   [bld][dl] (4.70 MB)
+ dqrng                  0.4.1    [bld][cmp]
+ enrichR                3.4      [bld][dl] (302.04 kB)
+ GetoptLong             1.1.0    [bld][dl] (1.09 MB) + ✔ perl
+ ggbeeswarm             0.7.3    [bld][dl] (1.70 MB)
+ ggdendro               0.2.0    [bld][dl] (167.82 kB)
+ ggrastr                1.0.2    [bld][dl] (2.59 MB)
+ GlobalOptions          0.1.3    [bld][dl] (315.25 kB)
+ MCMCprecision          0.4.2    [bld][cmp]
+ metapod                1.18.0   [bld][cmp]
+ pheatmap               1.0.13   [bld][dl] (15.16 kB)
+ ragg                   1.5.0    [bld][cmp] + ✔ libfreetype6-dev, ✔ libjpeg-dev, ✔ libpng-dev, ✔ libtiff-dev, ✔ libwebp-dev
+ RcppML                 0.3.7    [bld][cmp][dl] (45.88 kB)
+ rjson                  0.2.23   [bld][cmp][dl] (79.16 kB)
+ RSpectra               0.16-2   [bld][cmp]
+ rsvd                   1.0.5    [bld][dl] (3.46 MB)
+ ScaledMatrix           1.18.0   [bld]
+ scater                 1.38.0   [bld]
+ scran                  1.38.0   [bld][cmp]
+ scuttle                1.20.0   [bld][cmp]
+ SingleCellExperiment   1.32.0   [bld]
+ systemfonts            1.3.1    [bld][cmp] + ✔ libfontconfig1-dev, ✔ libfreetype6-dev
+ textshaping            1.0.4    [bld][cmp] + ✔ libfreetype6-dev, ✔ libfribidi-dev, ✔ libharfbuzz-dev
+ uwot                   0.2.4    [bld][cmp]
+ vipor                  0.4.7    [bld][dl] (4.69 MB)
+ viridis                0.6.5    [bld][dl] (3.05 MB)
+ WriteXLS               6.8.0    [bld][dl] (796.57 kB) + ✔ perl
✔ All system requirements are already installed.
  
ℹ Getting 19 pkgs (29.04 MB), 19 (16.81 MB) cached
✔ Got Cairo 1.7-0 (source) (110.57 kB)
✔ Got clue 0.3-66 (source) (600.30 kB)
✔ Got rjson 0.2.23 (source) (79.16 kB)
✔ Got BiocNeighbors 2.4.0 (source) (338.98 kB)
✔ Got metapod 1.18.0 (source) (333.89 kB)
✔ Got enrichR 3.4 (source) (302.04 kB)
✔ Got BiocSingular 1.26.1 (source) (618.28 kB)
✔ Got ComplexHeatmap 2.26.0 (source) (1.47 MB)
✔ Got combinat 0.0-8 (source) (9.20 kB)
✔ Got circlize 0.4.17 (source) (2.50 MB)
✔ Got bluster 1.20.0 (source) (3.26 MB)
✔ Got celda 1.26.0 (source) (2.64 MB)
✔ Got pheatmap 1.0.13 (source) (15.16 kB)
✔ Got GlobalOptions 0.1.3 (source) (315.25 kB)
✔ Got vipor 0.4.7 (source) (4.69 MB)
✔ Got scater 1.38.0 (source) (4.57 MB)
✔ Got ggrastr 1.0.2 (source) (2.59 MB)
✔ Got WriteXLS 6.8.0 (source) (796.57 kB)
✔ Got scuttle 1.20.0 (source) (1.03 MB)
✔ Got SingleCellExperiment 1.32.0 (source) (987.98 kB)
✔ Got scran 1.38.0 (source) (1.83 MB)
✔ Got RcppML 0.3.7 (source) (45.88 kB)
✔ Got viridis 0.6.5 (source) (3.05 MB)
✔ Got ScaledMatrix 1.18.0 (source) (314.08 kB)
✔ Got ggdendro 0.2.0 (source) (167.82 kB)
✔ Got dbscan 1.2.4 (source) (2.81 MB)
✔ Got GetoptLong 1.1.0 (source) (1.09 MB)
✔ Got rsvd 1.0.5 (source) (3.46 MB)
✔ Got ggbeeswarm 0.7.3 (source) (1.70 MB)
✔ Got dendextend 1.19.1 (source) (4.70 MB)
ℹ Building Cairo 1.7-0
ℹ Building clue 0.3-66
ℹ Building combinat 0.0-8
ℹ Building dbscan 1.2.4
ℹ Building ggdendro 0.2.0
ℹ Building GlobalOptions 0.1.3
ℹ Building pheatmap 1.0.13
ℹ Building RcppML 0.3.7
ℹ Building rjson 0.2.23
ℹ Building RSpectra 0.16-2
ℹ Building rsvd 1.0.5
ℹ Building systemfonts 1.3.1
ℹ Building vipor 0.4.7
ℹ Building viridis 0.6.5
ℹ Building WriteXLS 6.8.0
ℹ Building BiocNeighbors 2.4.0
ℹ Building metapod 1.18.0
ℹ Building ScaledMatrix 1.18.0
ℹ Building SingleCellExperiment 1.32.0
✔ Built combinat 0.0-8 (3.9s)
✔ Installed combinat 0.0-8  (152ms)
ℹ Building MCMCprecision 0.4.2
✔ Built vipor 0.4.7 (6.3s)
✔ Installed vipor 0.4.7  (304ms)
ℹ Building ggbeeswarm 0.7.3
✔ Built WriteXLS 6.8.0 (6.8s)
✔ Built GlobalOptions 0.1.3 (7.7s)
✔ Installed WriteXLS 6.8.0  (527ms)
✔ Installed GlobalOptions 0.1.3  (351ms)
ℹ Building circlize 0.4.17
✔ Built pheatmap 1.0.13 (8.7s)
✔ Installed pheatmap 1.0.13  (160ms)
✔ Built rjson 0.2.23 (10.6s)
✔ Installed rjson 0.2.23  (223ms)
ℹ Building enrichR 3.4
ℹ Building GetoptLong 1.1.0
✔ Built viridis 0.6.5 (12.3s)
✔ Built ggdendro 0.2.0 (13.1s)
✔ Installed viridis 0.6.5  (338ms)
ℹ Building dendextend 1.19.1
✔ Installed ggdendro 0.2.0  (799ms)
✔ Built clue 0.3-66 (18.5s)
✔ Installed clue 0.3-66  (246ms)
✔ Built ggbeeswarm 0.7.3 (11.9s)
✔ Installed ggbeeswarm 0.7.3  (227ms)
✔ Built GetoptLong 1.1.0 (10.9s)
✔ Installed GetoptLong 1.1.0  (270ms)
✔ Built enrichR 3.4 (12.5s)
✔ Installed enrichR 3.4  (206ms)
✔ Built Cairo 1.7-0 (27.7s)
✔ Installed Cairo 1.7-0  (157ms)
✔ Built circlize 0.4.17 (24.4s)
✔ Installed circlize 0.4.17  (452ms)
ℹ Building ComplexHeatmap 2.26.0
✔ Built ScaledMatrix 1.18.0 (32.8s)
✔ Installed ScaledMatrix 1.18.0  (182ms)
✔ Built dendextend 1.19.1 (26.5s)
✔ Installed dendextend 1.19.1  (358ms)
✔ Installed BH 1.90.0-1  (1m 44.1s)
ℹ Building dqrng 0.4.1
✔ Built RcppML 0.3.7 (1m 45.2s)
✔ Built rsvd 1.0.5 (1m 45.2s)
✔ Built systemfonts 1.3.1 (1m 45.2s)
✔ Built BiocNeighbors 2.4.0 (1m 44.9s)
✔ Built metapod 1.18.0 (1m 44.8s)
✔ Built SingleCellExperiment 1.32.0 (1m 44.5s)
✔ Built ComplexHeatmap 2.26.0 (1m 12.1s)
✖ Failed to build dqrng 0.4.1 (493ms)
  FAILED: ! error in pak subprocess
Caused by error in `stop_task_build(state, worker)`:
! Failed to build source package dqrng.
Full installation output:
ERROR: dependency ‘BH’ is not available for package ‘dqrng’
Perhaps try a variation of:
install.packages('BH')
* removing ‘/tmp/RtmpWHlGRy/pkg-lib29e5ad4c407bb8/dqrng’
Installing celldex...
 
→ Will install 13 packages.
→ Will download 1 CRAN package (553.71 kB), cached: 12 (0 B).
+ alabaster.matrix     1.10.0 [bld][cmp]
+ alabaster.ranges     1.10.0 [bld]
+ alabaster.se         1.10.0 [bld]
+ AnnotationHub        4.0.0  [bld][cmp]
+ BiocBaseUtils        1.12.0 [bld]
+ BiocFileCache        3.0.0  [bld]
+ BiocVersion          3.22.0 [bld]
+ celldex              1.20.0 [bld]
+ dbplyr               2.5.1  [bld][dl] (553.71 kB)
+ DelayedMatrixStats   1.32.0 [bld]
+ ExperimentHub        3.0.0  [bld]
+ gypsum               1.6.0  [bld]
+ HDF5Array            1.38.0 [bld] + ✔ make
✔ All system requirements are already installed.
  
ℹ Getting 1 pkg (553.71 kB), 12 cached
✔ Got BiocVersion 3.22.0 (source) (1.11 kB)
✔ Got dbplyr 2.5.1 (source) (553.71 kB)
✔ Got AnnotationHub 4.0.0 (source) (1.00 MB)
✔ Got alabaster.ranges 1.10.0 (source) (232.01 kB)
✔ Got alabaster.se 1.10.0 (source) (231.15 kB)
✔ Got BiocBaseUtils 1.12.0 (source) (232.56 kB)
✔ Got BiocFileCache 3.0.0 (source) (744.19 kB)
✔ Got celldex 1.20.0 (source) (412.25 kB)
✔ Got gypsum 1.6.0 (source) (284.67 kB)
✔ Got ExperimentHub 3.0.0 (source) (503.09 kB)
ℹ Building dbplyr 2.5.1
ℹ Building alabaster.ranges 1.10.0
ℹ Building BiocBaseUtils 1.12.0
ℹ Building BiocVersion 3.22.0
ℹ Building DelayedMatrixStats 1.32.0
ℹ Building gypsum 1.6.0
ℹ Building HDF5Array 1.38.0
✔ Built BiocVersion 3.22.0 (1.3s)
✔ Installed BiocVersion 3.22.0  (129ms)
✔ Built BiocBaseUtils 1.12.0 (1.9s)
✔ Installed BiocBaseUtils 1.12.0  (197ms)
✔ Built gypsum 1.6.0 (3.4s)
✔ Installed gypsum 1.6.0  (151ms)
✔ Built alabaster.ranges 1.10.0 (7s)
✔ Installed alabaster.ranges 1.10.0  (138ms)
✔ Built dbplyr 2.5.1 (10.4s)
✔ Installed dbplyr 2.5.1  (249ms)
ℹ Building BiocFileCache 3.0.0
✔ Built DelayedMatrixStats 1.32.0 (11.5s)
✔ Installed DelayedMatrixStats 1.32.0  (228ms)
✔ Built HDF5Array 1.38.0 (13s)
✔ Installed HDF5Array 1.38.0  (1.5s)
ℹ Building alabaster.matrix 1.10.0
✔ Built BiocFileCache 3.0.0 (4.1s)
✔ Installed BiocFileCache 3.0.0  (176ms)
ℹ Building AnnotationHub 4.0.0
✔ Built AnnotationHub 4.0.0 (8.8s)
✔ Installed AnnotationHub 4.0.0  (222ms)
ℹ Building ExperimentHub 3.0.0
✔ Built alabaster.matrix 1.10.0 (15.8s)
✔ Installed alabaster.matrix 1.10.0  (1.2s)
ℹ Building alabaster.se 1.10.0
✔ Built ExperimentHub 3.0.0 (7.5s)
✔ Installed ExperimentHub 3.0.0  (1.1s)
✔ Built alabaster.se 1.10.0 (12.6s)
✔ Installed alabaster.se 1.10.0  (1.2s)
ℹ Building celldex 1.20.0
✔ Built celldex 1.20.0 (15.6s)
✔ Installed celldex 1.20.0  (203ms)
✔ 1 pkg + 82 deps: kept 69, added 13, dld 10 (4.20 MB) [1m 5.6s]
Installing cellranger...
 
  
ℹ No downloads are needed
✔ 1 pkg + 11 deps: kept 12 [956ms]
Installing cellxgenedp...
 
→ Will install 2 packages.
→ Will download 1 CRAN package (635.42 kB), cached: 1 (0 B).
+ cellxgenedp   1.14.0 [bld]
+ rjsoncons     1.3.2  [bld][cmp][dl] (635.42 kB)
✔ All system requirements are already installed.
  
ℹ Getting 1 pkg (635.42 kB), 1 cached
✔ Got rjsoncons 1.3.2 (source) (635.42 kB)
✔ Got cellxgenedp 1.14.0 (source) (484.98 kB)
ℹ Building rjsoncons 1.3.2
✔ Built rjsoncons 1.3.2 (2m 29.9s)
✔ Installed rjsoncons 1.3.2  (1.2s)
ℹ Building cellxgenedp 1.14.0
✔ Built cellxgenedp 1.14.0 (2.3s)
✔ Installed cellxgenedp 1.14.0  (146ms)
✔ 1 pkg + 56 deps: kept 54, added 2, dld 2 (1.12 MB) [2m 36.1s]
Installing censored...
 
→ Will install 4 packages.
→ Will download 4 CRAN packages (3.99 MB).
+ censored   0.3.3  [bld][dl] (112.47 kB)
+ mboost     2.9-11 [bld][cmp][dl] (1.82 MB)
+ nnls       1.6    [bld][cmp][dl] (11.74 kB)
+ partykit   1.2-24 [bld][cmp][dl] (2.04 MB)
✔ All system requirements are already installed.
  
ℹ Getting 4 pkgs (3.99 MB)
✔ Got mboost 2.9-11 (source) (1.82 MB)
✔ Got nnls 1.6 (source) (11.74 kB)
✔ Got censored 0.3.3 (source) (112.47 kB)
✔ Got partykit 1.2-24 (source) (2.04 MB)
ℹ Building nnls 1.6
ℹ Building partykit 1.2-24
✔ Built nnls 1.6 (1.3s)
✔ Installed nnls 1.6  (113ms)
✔ Built partykit 1.2-24 (5.7s)
✔ Installed partykit 1.2-24  (1.3s)
ℹ Building mboost 2.9-11
✔ Built mboost 2.9-11 (5.8s)
✔ Installed mboost 2.9-11  (254ms)
ℹ Building censored 0.3.3
✔ Built censored 0.3.3 (5s)
✔ Installed censored 0.3.3  (167ms)
✔ 1 pkg + 65 deps: kept 61, added 4, dld 4 (3.99 MB) [21.8s]
Installing changepoint...
 
→ Will install 1 package.
→ Will download 1 CRAN package (280.94 kB).
+ changepoint   2.3 [bld][cmp][dl] (280.94 kB)
  
ℹ Getting 1 pkg (280.94 kB)
✔ Got changepoint 2.3 (source) (280.94 kB)
ℹ Building changepoint 2.3
✔ Built changepoint 2.3 (4s)
✔ Installed changepoint 2.3  (137ms)
✔ 1 pkg + 2 deps: kept 2, added 1, dld 1 (280.94 kB) [6.1s]
Installing checkmate...
 
  
ℹ No downloads are needed
✔ 1 pkg + 1 dep: kept 2 [721ms]
Installing chemometrics...
 
→ Will install 4 packages.
→ Will download 4 CRAN packages (11.14 MB).
+ chemometrics   1.4.4   [bld][dl] (6.38 MB)
+ lars           1.3     [bld][cmp][dl] (184.03 kB)
+ pls            2.8-5   [bld][dl] (4.37 MB)
+ som            0.3-5.2 [bld][cmp][dl] (207.64 kB)
  
ℹ Getting 4 pkgs (11.14 MB)
✔ Got lars 1.3 (source) (184.03 kB)
✔ Got chemometrics 1.4.4 (source) (6.38 MB)
✔ Got som 0.3-5.2 (source) (207.64 kB)
✔ Got pls 2.8-5 (source) (4.37 MB)
ℹ Building lars 1.3
ℹ Building pls 2.8-5
ℹ Building som 0.3-5.2
✔ Built lars 1.3 (1.1s)
✔ Installed lars 1.3  (1.1s)
✔ Built som 0.3-5.2 (2.3s)
✔ Installed som 0.3-5.2  (114ms)
✔ Built pls 2.8-5 (2.6s)
✔ Installed pls 2.8-5  (1.1s)
ℹ Building chemometrics 1.4.4
✔ Built chemometrics 1.4.4 (3s)
✔ Installed chemometrics 1.4.4  (191ms)
✔ 1 pkg + 14 deps: kept 11, added 4, dld 4 (11.14 MB) [9s]
Installing chk...
 
→ Will install 1 package.
→ The package (687.40 kB) is cached.
+ chk   0.10.0 [bld]
  
ℹ No downloads are needed, 1 pkg (687.40 kB) is cached
ℹ Building chk 0.10.0
✔ Built chk 0.10.0 (2.1s)
✔ Installed chk 0.10.0  (194ms)
✔ 1 pkg + 4 deps: kept 4, added 1 [3.2s]
Installing chromote...
 
✖ Missing 1 system package. You'll probably need to install it manually:
+ chromium  - chromote
ℹ No downloads are needed
✔ 1 pkg + 18 deps: kept 18 [894ms]
Installing chron...
 
  
ℹ No downloads are needed
✔ 1 pkg: kept 1 [678ms]
Installing circlize...
 
  
ℹ No downloads are needed
✔ 1 pkg + 3 deps: kept 4 [718ms]
Installing Ckmeans.1d.dp...
 
→ Will install 1 package.
→ Will download 1 CRAN package (534.98 kB).
+ Ckmeans.1d.dp   4.3.5 [bld][cmp][dl] (534.98 kB)
  
ℹ Getting 1 pkg (534.98 kB)
✔ Got Ckmeans.1d.dp 4.3.5 (source) (534.98 kB)
ℹ Building Ckmeans.1d.dp 4.3.5
✔ Built Ckmeans.1d.dp 4.3.5 (18.3s)
✔ Installed Ckmeans.1d.dp 4.3.5  (187ms)
✔ 1 pkg + 3 deps: kept 2, added 1, dld 1 (534.98 kB) [20s]
Installing classInt...
 
  
ℹ No downloads are needed
✔ 1 pkg + 5 deps: kept 6 [1.4s]
Installing cli...
 
  
ℹ No downloads are needed
✔ 1 pkg: kept 1 [723ms]
Installing clinspacy...
 
→ Will install 1 package.
→ Will download 1 CRAN package (43.37 kB).
+ clinspacy   1.0.2 [bld][dl] (43.37 kB)
✔ All system requirements are already installed.
  
ℹ Getting 1 pkg (43.37 kB)
✔ Got clinspacy 1.0.2 (source) (43.37 kB)
ℹ Building clinspacy 1.0.2
✔ Built clinspacy 1.0.2 (898ms)
✔ Installed clinspacy 1.0.2  (108ms)
✔ 1 pkg + 15 deps: kept 14, added 1, dld 1 (43.37 kB) [2.5s]
Installing clipr...
 
✔ All system requirements are already installed.
  
ℹ No downloads are needed
✔ 1 pkg: kept 1 [692ms]
Installing clisymbols...
 
→ Will install 1 package.
→ Will download 1 CRAN package (9.67 kB).
+ clisymbols   1.2.0 [bld][dl] (9.67 kB)
  
ℹ Getting 1 pkg (9.67 kB)
✔ Got clisymbols 1.2.0 (source) (9.67 kB)
ℹ Building clisymbols 1.2.0
✔ Built clisymbols 1.2.0 (627ms)
✔ Installed clisymbols 1.2.0  (114ms)
✔ 1 pkg: added 1, dld 1 (9.67 kB) [2.4s]
Installing clock...
 
  
ℹ No downloads are needed
✔ 1 pkg + 6 deps: kept 7 [857ms]
Installing clue...
 
  
ℹ No downloads are needed
✔ 1 pkg + 1 dep: kept 2 [872ms]
Installing clustermq...
 
→ Will install 1 package.
→ Will download 1 CRAN package (1.49 MB).
+ clustermq   0.9.9 [bld][cmp][dl] (1.49 MB) + ✔ libzmq3-dev
✔ All system requirements are already installed.
  
ℹ Getting 1 pkg (1.49 MB)
✔ Got clustermq 0.9.9 (source) (1.49 MB)
ℹ Building clustermq 0.9.9
✔ Built clustermq 0.9.9 (27.9s)
✔ Installed clustermq 0.9.9  (247ms)
✔ 1 pkg + 14 deps: kept 13, added 1, dld 1 (1.49 MB) [29.7s]
Installing clusterProfiler...
 
→ Will install 18 packages.
→ Will download 10 CRAN packages (3.03 MB), cached: 8 (14.31 MB).
+ aplot             0.2.9    [bld][dl] (56.56 kB)
+ BH                1.90.0-1 [bld]
+ clusterProfiler   4.18.4   [bld]
+ DOSE              4.4.0    [bld]
+ enrichplot        1.30.4   [bld]
+ fgsea             1.36.0   [bld][cmp]
+ ggforce           0.5.0    [bld][cmp][dl] (906.53 kB)
+ ggfun             0.2.0    [bld][dl] (110.60 kB)
+ ggiraph           0.9.2    [bld][cmp][dl] (429.12 kB) + ✔ libpng-dev
+ ggnewscale        0.5.2    [bld][dl] (415.31 kB)
+ ggplotify         0.1.3    [bld][dl] (117.68 kB)
+ ggtangle          0.0.9    [bld][dl] (222.40 kB)
+ ggtree            4.0.3    [bld]
+ qvalue            2.42.0   [bld]
+ scatterpie        0.2.6    [bld][dl] (119.01 kB)
+ tidydr            0.0.6    [bld][dl] (67.80 kB)
+ treeio            1.34.0   [bld]
+ tweenr            2.0.3    [bld][cmp][dl] (585.00 kB)
✔ All system requirements are already installed.
  
ℹ Getting 10 pkgs (3.03 MB), 8 (14.31 MB) cached
✔ Got enrichplot 1.30.4 (source) (97.94 kB)
✔ Got qvalue 2.42.0 (source) (2.77 MB)
✔ Got aplot 0.2.9 (source) (56.56 kB)
✔ Got ggfun 0.2.0 (source) (110.60 kB)
✔ Got ggtree 4.0.3 (source) (371.15 kB)
✔ Got clusterProfiler 4.18.4 (source) (376.70 kB)
✔ Got ggforce 0.5.0 (source) (906.53 kB)
✔ Got treeio 1.34.0 (source) (701.64 kB)
✔ Got ggnewscale 0.5.2 (source) (415.31 kB)
✔ Got ggplotify 0.1.3 (source) (117.68 kB)
✔ Got DOSE 4.4.0 (source) (5.75 MB)
✔ Got ggtangle 0.0.9 (source) (222.40 kB)
✔ Got tweenr 2.0.3 (source) (585.00 kB)
✔ Got scatterpie 0.2.6 (source) (119.01 kB)
✔ Got tidydr 0.0.6 (source) (67.80 kB)
✔ Got ggiraph 0.9.2 (source) (429.12 kB)
ℹ Building ggfun 0.2.0
ℹ Building ggiraph 0.9.2
ℹ Building ggnewscale 0.5.2
ℹ Building ggplotify 0.1.3
ℹ Building tweenr 2.0.3
ℹ Building qvalue 2.42.0
ℹ Building treeio 1.34.0
✔ Built ggplotify 0.1.3 (4.7s)
✔ Built ggfun 0.2.0 (5s)
✔ Built ggnewscale 0.5.2 (5s)
✔ Installed ggplotify 0.1.3  (264ms)
✔ Installed ggfun 0.2.0  (208ms)
ℹ Building aplot 0.2.9
✔ Installed ggnewscale 0.5.2  (190ms)
ℹ Building ggtangle 0.0.9
✔ Built qvalue 2.42.0 (5.5s)
ℹ Building tidydr 0.0.6
✔ Installed qvalue 2.42.0  (235ms)
✔ Built treeio 1.34.0 (7.7s)
✔ Installed treeio 1.34.0  (366ms)
✔ Built aplot 0.2.9 (4s)
✔ Installed aplot 0.2.9  (136ms)
✔ Built tidydr 0.0.6 (3.8s)
✔ Built ggtangle 0.0.9 (4.6s)
✔ Installed tidydr 0.0.6  (190ms)
✔ Installed ggtangle 0.0.9  (1.2s)
✔ Built tweenr 2.0.3 (20.9s)
✔ Installed tweenr 2.0.3  (1.2s)
ℹ Building ggforce 0.5.0
✔ Built ggiraph 0.9.2 (40.6s)
✔ Installed ggiraph 0.9.2  (1.8s)
ℹ Building ggtree 4.0.3
✔ Installed BH 1.90.0-1  (1m 23.6s)
ℹ Building fgsea 1.36.0
✔ Built ggforce 0.5.0 (1m 1.6s)
✔ Built ggtree 4.0.3 (41.4s)
✔ Installed ggforce 0.5.0  (219ms)
ℹ Building scatterpie 0.2.6
✔ Installed ggtree 4.0.3  (196ms)
✖ Failed to build fgsea 1.36.0 (531ms)
  FAILED: ! error in pak subprocess
Caused by error in `stop_task_build(state, worker)`:
! Failed to build source package fgsea.
Full installation output:
ERROR: dependency ‘BH’ is not available for package ‘fgsea’
Perhaps try a variation of:
install.packages('BH')
* removing ‘/tmp/RtmpWHlGRy/pkg-lib29e5ad4dc11f6e/fgsea’
Installing clustifyr...
 
→ Will install 4 packages.
→ Will download 1 CRAN package (15.34 kB), cached: 3 (14.31 MB).
+ BH          1.90.0-1 [bld]
+ clustifyr   1.22.0   [bld]
+ entropy     1.3.2    [bld][dl] (15.34 kB)
+ fgsea       1.36.0   [bld][cmp]
✔ All system requirements are already installed.
  
ℹ Getting 1 pkg (15.34 kB), 3 (14.31 MB) cached
✔ Got entropy 1.3.2 (source) (15.34 kB)
✔ Got clustifyr 1.22.0 (source) (3.33 MB)
ℹ Building entropy 1.3.2
✔ Built entropy 1.3.2 (905ms)
✔ Installed entropy 1.3.2  (106ms)
✔ Installed BH 1.90.0-1  (1m 47.5s)
ℹ Building fgsea 1.36.0
✖ Failed to build fgsea 1.36.0 (497ms)
  FAILED: ! error in pak subprocess
Caused by error in `stop_task_build(state, worker)`:
! Failed to build source package fgsea.
Full installation output:
ERROR: dependency ‘BH’ is not available for package ‘fgsea’
Perhaps try a variation of:
install.packages('BH')
* removing ‘/tmp/RtmpWHlGRy/pkg-lib29e5ad373b2052/fgsea’
Installing clustMixType...
 
→ Will install 1 package.
→ Will download 1 CRAN package (89.42 kB).
+ clustMixType   0.4-2 [bld][dl] (89.42 kB)
  
ℹ Getting 1 pkg (89.42 kB)
✔ Got clustMixType 0.4-2 (source) (89.42 kB)
ℹ Building clustMixType 0.4-2
✔ Built clustMixType 0.4-2 (2.6s)
✔ Installed clustMixType 0.4-2  (115ms)
✔ 1 pkg + 17 deps: kept 17, added 1, dld 1 (89.42 kB) [4.7s]
Installing clustree...
 
→ Will install 3 packages.
→ Will download 3 CRAN packages (5.49 MB).
+ clustree    0.5.1 [bld][dl] (1.83 MB)
+ ggraph      2.2.2 [bld][cmp][dl] (3.53 MB)
+ tidygraph   1.3.1 [bld][cmp][dl] (133.61 kB)
✔ All system requirements are already installed.
  
ℹ Getting 3 pkgs (5.49 MB)
✔ Got tidygraph 1.3.1 (source) (133.61 kB)
✔ Got ggraph 2.2.2 (source) (3.53 MB)
✔ Got clustree 0.5.1 (source) (1.83 MB)
ℹ Building tidygraph 1.3.1
✔ Built tidygraph 1.3.1 (5.4s)
✔ Installed tidygraph 1.3.1  (159ms)
ℹ Building ggraph 2.2.2
✔ Built ggraph 2.2.2 (21.6s)
✔ Installed ggraph 2.2.2  (304ms)
ℹ Building clustree 0.5.1
✔ Built clustree 0.5.1 (3.7s)
✔ Installed clustree 0.5.1  (1.2s)
✔ 1 pkg + 51 deps: kept 48, added 3, dld 3 (5.49 MB) [35.4s]
Installing cmprsk...
 
→ Will install 1 package.
→ Will download 1 CRAN package (45.82 kB).
+ cmprsk   2.2-12 [bld][cmp][dl] (45.82 kB)
  
ℹ Getting 1 pkg (45.82 kB)
✔ Got cmprsk 2.2-12 (source) (45.82 kB)
ℹ Building cmprsk 2.2-12
✔ Built cmprsk 2.2-12 (3.2s)
✔ Installed cmprsk 2.2-12  (1.1s)
✔ 1 pkg + 3 deps: kept 3, added 1, dld 1 (45.82 kB) [5.9s]
Installing CNEr...
 
→ Will install 1 package.
→ The package (0 B) is cached.
+ CNEr   1.46.0 [bld][cmp]
✔ All system requirements are already installed.
  
ℹ No downloads are needed, 1 pkg is cached
✔ Got CNEr 1.46.0 (source) (10.05 MB)
ℹ Building CNEr 1.46.0
✔ Built CNEr 1.46.0 (31.9s)
✔ Installed CNEr 1.46.0  (429ms)
✔ 1 pkg + 98 deps: kept 97, added 1, dld 1 (10.05 MB) [35.6s]
Installing cobalt...
 
→ Will install 1 package.
→ Will download 1 CRAN package (1.94 MB).
+ cobalt   4.6.1 [bld][dl] (1.94 MB)
  
ℹ Getting 1 pkg (1.94 MB)
✔ Got cobalt 4.6.1 (source) (1.94 MB)
ℹ Building cobalt 4.6.1
✔ Built cobalt 4.6.1 (10.4s)
✔ Installed cobalt 4.6.1  (236ms)
✔ 1 pkg + 19 deps: kept 19, added 1, dld 1 (1.94 MB) [12.3s]
Installing cobs...
 
  
ℹ No downloads are needed
✔ 1 pkg + 7 deps: kept 8 [972ms]
Installing coda...
 
  
ℹ No downloads are needed
✔ 1 pkg + 1 dep: kept 2 [770ms]
Installing CoGAPS...
 
→ Will install 3 packages.
→ All 3 packages (14.31 MB) are cached.
+ BH       1.90.0-1 [bld]
+ CoGAPS   3.30.0   [bld][cmp]
+ fgsea    1.36.0   [bld][cmp]
✔ All system requirements are already installed.
  
ℹ No downloads are needed, 3 pkgs (14.31 MB) are cached
✔ Got CoGAPS 3.30.0 (source) (20.80 MB)
✔ Installed BH 1.90.0-1  (1m 30.4s)
ℹ Building fgsea 1.36.0
✖ Failed to build fgsea 1.36.0 (495ms)
  FAILED: ! error in pak subprocess
Caused by error in `stop_task_build(state, worker)`:
! Failed to build source package fgsea.
Full installation output:
ERROR: dependency ‘BH’ is not available for package ‘fgsea’
Perhaps try a variation of:
install.packages('BH')
* removing ‘/tmp/RtmpWHlGRy/pkg-lib29e5ad50681375/fgsea’
Installing coin...
 
→ Will install 1 package.
→ Will download 1 CRAN package (1.03 MB).
+ coin   1.4-3 [bld][cmp][dl] (1.03 MB)
  
ℹ Getting 1 pkg (1.03 MB)
✔ Got coin 1.4-3 (source) (1.03 MB)
ℹ Building coin 1.4-3
✔ Built coin 1.4-3 (6.4s)
✔ Installed coin 1.4-3  (197ms)
✔ 1 pkg + 13 deps: kept 13, added 1, dld 1 (1.03 MB) [9.1s]
Installing collapse...
 
  
ℹ No downloads are needed
✔ 1 pkg + 1 dep: kept 1 [784ms]
Installing collections...
 
  
ℹ No downloads are needed
✔ 1 pkg: kept 1 [743ms]
Installing colorspace...
 
  
ℹ No downloads are needed
✔ 1 pkg: kept 1 [763ms]
Installing colourpicker...
 
✔ All system requirements are already installed.
  
ℹ No downloads are needed
✔ 1 pkg + 50 deps: kept 50 [1.3s]
Installing combinat...
 
  
ℹ No downloads are needed
✔ 1 pkg: kept 1 [739ms]
Installing ComICS...
 
→ Will install 1 package.
→ Will download 1 CRAN package (952.55 kB).
+ ComICS   1.0.4 [bld][dl] (952.55 kB)
  
ℹ Getting 1 pkg (952.55 kB)
✔ Got ComICS 1.0.4 (source) (952.55 kB)
ℹ Building ComICS 1.0.4
✔ Built ComICS 1.0.4 (912ms)
✔ Installed ComICS 1.0.4  (130ms)
✔ 1 pkg + 9 deps: kept 8, added 1, dld 1 (952.55 kB) [3s]
Installing commonmark...
 
  
ℹ No downloads are needed
✔ 1 pkg: kept 1 [786ms]
Installing ComplexHeatmap...
 
✔ All system requirements are already installed.
  
ℹ No downloads are needed
✔ 1 pkg + 21 deps: kept 22 [1.4s]
Installing ComplexUpset...
 
→ Will install 1 package.
→ Will download 1 CRAN package (4.77 MB).
+ ComplexUpset   1.3.3 [bld][dl] (4.77 MB)
  
ℹ Getting 1 pkg (4.77 MB)
✔ Got ComplexUpset 1.3.3 (source) (4.77 MB)
ℹ Building ComplexUpset 1.3.3
✔ Built ComplexUpset 1.3.3 (7.8s)
✔ Installed ComplexUpset 1.3.3  (171ms)
✔ 1 pkg + 18 deps: kept 18, added 1, dld 1 (4.77 MB) [9.7s]
Installing compositions...
 
→ Will install 2 packages.
→ Will download 1 CRAN package (2.82 MB), cached: 1 (2.22 MB).
+ bayesm         3.1-7 [bld][cmp]
+ compositions   2.0-9 [bld][cmp][dl] (2.82 MB)
  
ℹ Getting 1 pkg (2.82 MB), 1 (2.22 MB) cached
✔ Got compositions 2.0-9 (source) (2.82 MB)
ℹ Building bayesm 3.1-7
✔ Built bayesm 3.1-7 (3m 51.7s)
✔ Installed bayesm 3.1-7  (682ms)
ℹ Building compositions 2.0-9
✔ Built compositions 2.0-9 (9.9s)
✔ Installed compositions 2.0-9  (278ms)
✔ 1 pkg + 7 deps: kept 5, added 2, dld 1 (2.82 MB) [4m 5s]
Installing CompQuadForm...
 
  
ℹ No downloads are needed
✔ 1 pkg: kept 1 [1.1s]
Installing config...
 
  
ℹ No downloads are needed
✔ 1 pkg + 1 dep: kept 2 [888ms]
Installing conflicted...
 
  
ℹ No downloads are needed
✔ 1 pkg + 5 deps: kept 6 [957ms]
Installing conquer...
 
→ Will install 1 package.
→ Will download 1 CRAN package (56.31 kB).
+ conquer   1.3.3 [bld][cmp][dl] (56.31 kB)
  
ℹ Getting 1 pkg (56.31 kB)
✔ Got conquer 1.3.3 (source) (56.31 kB)
ℹ Building conquer 1.3.3
✔ Built conquer 1.3.3 (1m 25s)
✔ Installed conquer 1.3.3  (285ms)
✔ 1 pkg + 5 deps: kept 4, added 1, dld 1 (56.31 kB) [1m 27.2s]
Installing ConsensusClusterPlus...
 
  
ℹ No downloads are needed
✔ 1 pkg + 5 deps: kept 6 [1.1s]
Installing consensusDE...
 
→ Will install 3 packages.
→ All 3 packages (0 B) are cached.
+ consensusDE                           1.28.0 [bld]
+ EnsDb.Hsapiens.v86                    2.99.0 [bld]
+ TxDb.Dmelanogaster.UCSC.dm3.ensGene   3.2.2  [bld]
✔ All system requirements are already installed.
  
ℹ No downloads are needed, 3 pkgs are cached
✔ Got consensusDE 1.28.0 (source) (918.97 kB)
✔ Got TxDb.Dmelanogaster.UCSC.dm3.ensGene 3.2.2 (source) (4.59 MB)
ℹ Building EnsDb.Hsapiens.v86 2.99.0
ℹ Building TxDb.Dmelanogaster.UCSC.dm3.ensGene 3.2.2
✔ Built TxDb.Dmelanogaster.UCSC.dm3.ensGene 3.2.2 (18.1s)
✔ Installed TxDb.Dmelanogaster.UCSC.dm3.ensGene 3.2.2  (204ms)
✔ Built EnsDb.Hsapiens.v86 2.99.0 (1m 42.4s)
✔ Installed EnsDb.Hsapiens.v86 2.99.0  (3.3s)
ℹ Building consensusDE 1.28.0
✔ Built consensusDE 1.28.0 (23.3s)
✔ Installed consensusDE 1.28.0  (1.2s)
✔ 1 pkg + 129 deps: kept 126, added 3, dld 2 (5.51 MB) [2m 14.5s]
Installing contfrac...
 
  
ℹ No downloads are needed
✔ 1 pkg: kept 1 [914ms]
Installing coro...
 
  
ℹ No downloads are needed
✔ 1 pkg + 1 dep: kept 2 [854ms]
Installing corpcor...
 
  
ℹ No downloads are needed
✔ 1 pkg: kept 1 [823ms]
Installing correlation...
 
  
ℹ No downloads are needed
✔ 1 pkg + 4 deps: kept 5 [1.4s]
Installing corrplot...
 
  
ℹ No downloads are needed
✔ 1 pkg: kept 1 [790ms]
Installing corrr...
 
→ Will install 1 package.
→ Will download 1 CRAN package (416.32 kB).
+ corrr   0.4.5 [bld][dl] (416.32 kB)
  
ℹ Getting 1 pkg (416.32 kB)
✔ Got corrr 0.4.5 (source) (416.32 kB)
ℹ Building corrr 0.4.5
✔ Built corrr 0.4.5 (2.4s)
✔ Installed corrr 0.4.5  (154ms)
✔ 1 pkg + 45 deps: kept 44, added 1, dld 1 (416.32 kB) [4.5s]
Installing countrycode...
 
→ Will install 1 package.
→ Will download 1 CRAN package (527.73 kB).
+ countrycode   1.6.1 [bld][dl] (527.73 kB)
  
ℹ Getting 1 pkg (527.73 kB)
✔ Got countrycode 1.6.1 (source) (527.73 kB)
ℹ Building countrycode 1.6.1
✔ Built countrycode 1.6.1 (1.7s)
✔ Installed countrycode 1.6.1  (1.1s)
✔ 1 pkg: added 1, dld 1 (527.73 kB) [4.6s]
Installing covr...
 
→ Will install 1 package.
→ Will download 1 CRAN package (173.72 kB).
+ covr   3.6.5 [bld][cmp][dl] (173.72 kB)
✔ All system requirements are already installed.
  
ℹ Getting 1 pkg (173.72 kB)
✔ Got covr 3.6.5 (source) (173.72 kB)
ℹ Building covr 3.6.5
✔ Built covr 3.6.5 (2.1s)
✔ Installed covr 3.6.5  (193ms)
✔ 1 pkg + 14 deps: kept 14, added 1, dld 1 (173.72 kB) [3.9s]
Installing cowplot...
 
  
ℹ No downloads are needed
✔ 1 pkg + 16 deps: kept 17 [1.1s]
Installing coxme...
 
→ Will install 1 package.
→ Will download 1 CRAN package (1.05 MB).
+ coxme   2.2-22 [bld][cmp][dl] (1.05 MB)
  
ℹ Getting 1 pkg (1.05 MB)
✔ Got coxme 2.2-22 (source) (1.05 MB)
ℹ Building coxme 2.2-22
✔ Built coxme 2.2-22 (5.8s)
✔ Installed coxme 2.2-22  (203ms)
✔ 1 pkg + 5 deps: kept 5, added 1, dld 1 (1.05 MB) [8.3s]
Installing cpp11...
 
  
ℹ No downloads are needed
✔ 1 pkg: kept 1 [785ms]
Installing crayon...
 
  
ℹ No downloads are needed
✔ 1 pkg: kept 1 [1s]
Installing credentials...
 
✔ All system requirements are already installed.
  
ℹ No downloads are needed
✔ 1 pkg + 5 deps: kept 6 [1000ms]
Installing crew...
 
→ Will install 1 package.
→ The package (779.79 kB) is cached.
+ crew   1.3.0 [bld]
✔ All system requirements are already installed.
  
ℹ No downloads are needed, 1 pkg (779.79 kB) is cached
ℹ Building crew 1.3.0
✔ Built crew 1.3.0 (4.7s)
✔ Installed crew 1.3.0  (214ms)
✔ 1 pkg + 24 deps: kept 23, added 1 [6.3s]
Installing crew.cluster...
 
→ Will install 1 package.
→ The package (174.25 kB) is cached.
+ crew.cluster   0.4.0 [bld]
✔ All system requirements are already installed.
  
ℹ No downloads are needed, 1 pkg (174.25 kB) is cached
ℹ Building crew.cluster 0.4.0
✔ Built crew.cluster 0.4.0 (3.6s)
✔ Installed crew.cluster 0.4.0  (1.2s)
✔ 1 pkg + 27 deps: kept 26, added 1 [6.1s]
Installing crosstalk...
 
  
ℹ No downloads are needed
✔ 1 pkg + 8 deps: kept 9 [1.4s]
Installing crul...
 
✔ All system requirements are already installed.
  
ℹ No downloads are needed
✔ 1 pkg + 12 deps: kept 12 [1.1s]
Installing ctrdata...
 
→ Will install 2 packages.
→ Will download 2 CRAN packages (3.35 MB).
+ ctrdata   1.25.1 [bld][dl] (2.92 MB)
+ nodbi     0.14.0 [bld][dl] (429.60 kB)
✔ All system requirements are already installed.
  
ℹ Getting 2 pkgs (3.35 MB)
✔ Got ctrdata 1.25.1 (source) (2.92 MB)
✔ Got nodbi 0.14.0 (source) (429.60 kB)
ℹ Building nodbi 0.14.0
✔ Built nodbi 0.14.0 (2.2s)
✔ Installed nodbi 0.14.0  (196ms)
ℹ Building ctrdata 1.25.1
✔ Built ctrdata 1.25.1 (5.4s)
✔ Installed ctrdata 1.25.1  (409ms)
✔ 1 pkg + 72 deps: kept 70, added 2, dld 2 (3.35 MB) [10.9s]
Installing Cubist...
 
✔ All system requirements are already installed.
  
ℹ No downloads are needed
✔ 1 pkg + 12 deps: kept 12 [1s]
Installing curl...
 
✔ All system requirements are already installed.
  
ℹ No downloads are needed
✔ 1 pkg: kept 1 [743ms]
Installing cvar...
 
  
ℹ No downloads are needed
✔ 1 pkg + 3 deps: kept 4 [921ms]
