=== Phase 2: Installing leaf packages (task 3) ===
Package file: /home/domeally/workspaces/vscode-rbioc/slurm_install/pkgs_leaf_003.txt
Library: /packages/singularity/shared_cache/rbioc/rlibs/bioc-3.22
Installing carrier...
ℹ Loading metadata database
✔ Loading metadata database ... done

 
  
ℹ No downloads are needed
✔ 1 pkg + 4 deps: kept 5 [4.1s]
Installing Category...
 
✔ All system requirements are already installed.
  
ℹ No downloads are needed
✔ 1 pkg + 46 deps: kept 47 [1.3s]
Installing caTools...
 
  
ℹ No downloads are needed
✔ 1 pkg + 1 dep: kept 2 [747ms]
Installing celda...
 
✔ All system requirements are already installed.
  
ℹ No downloads are needed
✔ 1 pkg + 117 deps: kept 117 [2.2s]
Installing Irrationone/cellassign@v0.99.2...
 
✔ All system requirements are already installed.
  
ℹ No downloads are needed
✔ 1 pkg + 71 deps: kept 71 [2.1s]
Installing sqjin/CellChat@v1.5.0...
 
✔ All system requirements are already installed.
  
ℹ No downloads are needed
✔ 1 pkg + 138 deps: kept 138 [2.8s]
Installing celldex...
 
✔ All system requirements are already installed.
  
ℹ No downloads are needed
✔ 1 pkg + 82 deps: kept 82 [1.9s]
Installing cellranger...
 
  
ℹ No downloads are needed
✔ 1 pkg + 11 deps: kept 12 [891ms]
Installing cellxgenedp...
 
✔ All system requirements are already installed.
  
ℹ No downloads are needed
✔ 1 pkg + 55 deps: kept 55 [1.6s]
Installing censored...
 
✔ All system requirements are already installed.
  
ℹ No downloads are needed
✔ 1 pkg + 65 deps: kept 65 [1.7s]
Installing changepoint...
 
  
ℹ No downloads are needed
✔ 1 pkg + 2 deps: kept 3 [858ms]
Installing checkmate...
 
  
ℹ No downloads are needed
✔ 1 pkg + 1 dep: kept 2 [942ms]
Installing chemometrics...
 
  
ℹ No downloads are needed
✔ 1 pkg + 14 deps: kept 15 [1s]
Installing chk...
 
  
ℹ No downloads are needed
✔ 1 pkg + 4 deps: kept 5 [1.1s]
Installing chromote...
 
✖ Missing 1 system package. You'll probably need to install it manually:
+ chromium  - chromote
ℹ No downloads are needed
✔ 1 pkg + 18 deps: kept 18 [978ms]
Installing chron...
 
  
ℹ No downloads are needed
✔ 1 pkg: kept 1 [752ms]
Installing Ckmeans.1d.dp...
 
  
ℹ No downloads are needed
✔ 1 pkg + 3 deps: kept 3 [770ms]
Installing classInt...
 
  
ℹ No downloads are needed
✔ 1 pkg + 5 deps: kept 6 [810ms]
Installing clinspacy...
 
✔ All system requirements are already installed.
  
ℹ No downloads are needed
✔ 1 pkg + 15 deps: kept 15 [1s]
Installing clipr...
 
✔ All system requirements are already installed.
  
ℹ No downloads are needed
✔ 1 pkg: kept 1 [779ms]
Installing clisymbols...
 
  
ℹ No downloads are needed
✔ 1 pkg: kept 1 [741ms]
Installing clock...
 
  
ℹ No downloads are needed
✔ 1 pkg + 6 deps: kept 7 [878ms]
Installing clue...
 
  
ℹ No downloads are needed
✔ 1 pkg + 1 dep: kept 2 [769ms]
Installing clustermq...
 
✔ All system requirements are already installed.
  
ℹ No downloads are needed
✔ 1 pkg + 14 deps: kept 14 [1.1s]
Installing clusterProfiler...
 
✔ All system requirements are already installed.
  
ℹ No downloads are needed
✔ 1 pkg + 125 deps: kept 125 [2.4s]
Installing clustifyr...
 
✔ All system requirements are already installed.
  
ℹ No downloads are needed
✔ 1 pkg + 77 deps: kept 77 [1.8s]
Installing clustMixType...
 
  
ℹ No downloads are needed
✔ 1 pkg + 17 deps: kept 18 [1s]
Installing clustree...
 
✔ All system requirements are already installed.
  
ℹ No downloads are needed
✔ 1 pkg + 50 deps: kept 50 [1.6s]
Installing cmprsk...
 
  
ℹ No downloads are needed
✔ 1 pkg + 3 deps: kept 4 [876ms]
Installing CNEr...
 
✔ All system requirements are already installed.
  
ℹ No downloads are needed
✔ 1 pkg + 98 deps: kept 98 [1.9s]
Installing cobalt...
 
  
ℹ No downloads are needed
✔ 1 pkg + 19 deps: kept 20 [1s]
Installing cobs...
 
  
ℹ No downloads are needed
✔ 1 pkg + 7 deps: kept 8 [892ms]
Installing coda...
 
  
ℹ No downloads are needed
✔ 1 pkg + 1 dep: kept 2 [819ms]
Installing CoGAPS...
 
✔ All system requirements are already installed.
  
ℹ No downloads are needed
✔ 1 pkg + 63 deps: kept 63 [1.8s]
Installing coin...
 
  
ℹ No downloads are needed
✔ 1 pkg + 13 deps: kept 14 [964ms]
Installing collapse...
 
  
ℹ No downloads are needed
✔ 1 pkg + 1 dep: kept 1 [824ms]
Installing collections...
 
  
ℹ No downloads are needed
✔ 1 pkg: kept 1 [844ms]
Installing colorspace...
 
  
ℹ No downloads are needed
✔ 1 pkg: kept 1 [866ms]
Installing colourpicker...
 
✔ All system requirements are already installed.
  
ℹ No downloads are needed
✔ 1 pkg + 50 deps: kept 50 [1.5s]
Installing combinat...
 
  
ℹ No downloads are needed
✔ 1 pkg: kept 1 [738ms]
Installing ComICS...
 
  
ℹ No downloads are needed
✔ 1 pkg + 9 deps: kept 9 [871ms]
Installing commonmark...
 
  
ℹ No downloads are needed
✔ 1 pkg: kept 1 [716ms]
Installing ComplexUpset...
 
  
ℹ No downloads are needed
✔ 1 pkg + 18 deps: kept 19 [1.1s]
Installing compositions...
 
  
ℹ No downloads are needed
✔ 1 pkg + 6 deps: kept 6 [855ms]
Installing CompQuadForm...
 
  
ℹ No downloads are needed
✔ 1 pkg: kept 1 [737ms]
Installing config...
 
  
ℹ No downloads are needed
✔ 1 pkg + 1 dep: kept 2 [777ms]
Installing conflicted...
 
  
ℹ No downloads are needed
✔ 1 pkg + 5 deps: kept 6 [894ms]
Installing conquer...
 
  
ℹ No downloads are needed
✔ 1 pkg + 4 deps: kept 4 [861ms]
Installing ConsensusClusterPlus...
 
  
ℹ No downloads are needed
✔ 1 pkg + 5 deps: kept 6 [885ms]
Installing consensusDE...
 
✔ All system requirements are already installed.
  
ℹ No downloads are needed
✔ 1 pkg + 129 deps: kept 129 [2.5s]
Installing contfrac...
 
  
ℹ No downloads are needed
✔ 1 pkg: kept 1 [772ms]
Installing coro...
 
  
ℹ No downloads are needed
✔ 1 pkg + 1 dep: kept 2 [851ms]
Installing corpcor...
 
  
ℹ No downloads are needed
✔ 1 pkg: kept 1 [789ms]
Installing correlation...
 
  
ℹ No downloads are needed
✔ 1 pkg + 4 deps: kept 5 [1s]
Installing corrplot...
 
  
ℹ No downloads are needed
✔ 1 pkg: kept 1 [751ms]
Installing corrr...
 
  
ℹ No downloads are needed
✔ 1 pkg + 45 deps: kept 45 [1.3s]
Installing countrycode...
 
  
ℹ No downloads are needed
✔ 1 pkg: kept 1 [781ms]
Installing covr...
 
✔ All system requirements are already installed.
  
ℹ No downloads are needed
✔ 1 pkg + 14 deps: kept 15 [906ms]
Installing coxme...
 
  
ℹ No downloads are needed
✔ 1 pkg + 5 deps: kept 6 [839ms]
Installing cpp11...
 
  
ℹ No downloads are needed
✔ 1 pkg: kept 1 [739ms]
Installing crayon...
 
  
ℹ No downloads are needed
✔ 1 pkg: kept 1 [847ms]
Installing credentials...
 
✔ All system requirements are already installed.
  
ℹ No downloads are needed
✔ 1 pkg + 5 deps: kept 6 [860ms]
Installing crew...
 
✔ All system requirements are already installed.
  
ℹ No downloads are needed
✔ 1 pkg + 24 deps: kept 24 [1.1s]
Installing crew.cluster...
 
✔ All system requirements are already installed.
  
ℹ No downloads are needed
✔ 1 pkg + 27 deps: kept 27 [1.1s]
Installing crosstalk...
 
  
ℹ No downloads are needed
✔ 1 pkg + 8 deps: kept 9 [961ms]
Installing crul...
 
✔ All system requirements are already installed.
  
ℹ No downloads are needed
✔ 1 pkg + 12 deps: kept 12 [934ms]
Installing ctrdata...
 
✔ All system requirements are already installed.
  
ℹ No downloads are needed
✔ 1 pkg + 72 deps: kept 72 [1.8s]
Installing Cubist...
 
✔ All system requirements are already installed.
  
ℹ No downloads are needed
✔ 1 pkg + 12 deps: kept 12 [945ms]
