Installing packages from: /home/domeally/workspaces/vscode-rbioc/slurm_install/pkgs_008.txt
Target library: /packages/singularity/shared_cache/rbioc/rlibs/bioc-3.22
Installing googledrive...
ℹ Loading metadata database
✔ Loading metadata database ... done

 
→ Will install 7 packages.
→ Will download 4 CRAN packages (2.29 MB), cached: 3 (1.23 MB).
+ askpass       1.2.1 [bld][cmp]
+ gargle        1.6.0 [bld][dl] (473.14 kB)
+ googledrive   2.1.2 [bld][dl] (1.62 MB)
+ httr          1.4.7 [bld][dl] (118.50 kB)
+ openssl       2.3.4 [bld][cmp] + ✔ libssl-dev
+ sys           3.4.3 [bld][cmp]
+ uuid          1.2-1 [bld][cmp][dl] (80.66 kB)
✔ All system requirements are already installed.
  
ℹ Getting 4 pkgs (2.29 MB), 3 (1.23 MB) cached
✔ Got httr 1.4.7 (source) (118.50 kB)
✔ Got gargle 1.6.0 (source) (473.14 kB)
✔ Got googledrive 2.1.2 (source) (1.62 MB)
✔ Got uuid 1.2-1 (source) (80.66 kB)
ℹ Building sys 3.4.3
ℹ Building uuid 1.2-1
✔ Built sys 3.4.3 (1.1s)
✔ Installed sys 3.4.3  (143ms)
ℹ Building askpass 1.2.1
✔ Built askpass 1.2.1 (916ms)
✔ Installed askpass 1.2.1  (1.2s)
ℹ Building openssl 2.3.4
✔ Built uuid 1.2-1 (4s)
✔ Installed uuid 1.2-1  (141ms)
✔ Built openssl 2.3.4 (5.3s)
✔ Installed openssl 2.3.4  (216ms)
ℹ Building httr 1.4.7
✔ Built httr 1.4.7 (2.9s)
✔ Installed httr 1.4.7  (222ms)
ℹ Building gargle 1.6.0
✔ Built gargle 1.6.0 (4s)
✔ Installed gargle 1.6.0  (330ms)
ℹ Building googledrive 2.1.2
✔ Built googledrive 2.1.2 (3.1s)
✔ Installed googledrive 2.1.2  (269ms)
✔ 1 pkg + 24 deps: kept 18, added 7, dld 4 (2.29 MB) [26.6s]
Installing googlesheets4...
 
→ Will install 5 packages.
→ Will download 5 CRAN packages (404.50 kB).
+ cellranger      1.1.0 [bld][dl] (63.86 kB)
+ googlesheets4   1.1.2 [bld][dl] (231.28 kB)
+ ids             1.0.1 [bld][dl] (91.21 kB)
+ rematch         2.0.0 [bld][dl] (4.78 kB)
+ rematch2        2.1.2 [bld][dl] (13.37 kB)
✔ All system requirements are already installed.
  
ℹ Getting 5 pkgs (404.50 kB)
✔ Got cellranger 1.1.0 (source) (63.86 kB)
✔ Got googlesheets4 1.1.2 (source) (231.28 kB)
✔ Got ids 1.0.1 (source) (91.21 kB)
✔ Got rematch 2.0.0 (source) (4.78 kB)
✔ Got rematch2 2.1.2 (source) (13.37 kB)
ℹ Building ids 1.0.1
ℹ Building rematch 2.0.0
ℹ Building rematch2 2.1.2
✔ Built rematch 2.0.0 (835ms)
✔ Built ids 1.0.1 (1.1s)
✔ Installed rematch 2.0.0  (192ms)
ℹ Building cellranger 1.1.0
✔ Installed ids 1.0.1  (144ms)
✔ Built rematch2 2.1.2 (1.5s)
✔ Installed rematch2 2.1.2  (122ms)
✔ Built cellranger 1.1.0 (1s)
✔ Installed cellranger 1.1.0  (148ms)
ℹ Building googlesheets4 1.1.2
✔ Built googlesheets4 1.1.2 (3.3s)
✔ Installed googlesheets4 1.1.2  (193ms)
✔ 1 pkg + 29 deps: kept 25, added 5, dld 5 (404.50 kB) [8.5s]
Installing GOSemSim...
 
→ Will install 9 packages.
→ Will download 4 CRAN packages (809.75 kB), cached: 5 (4.36 MB).
+ AnnotationDbi   1.72.0 [bld]
+ GO.db           3.22.0 [bld]
+ GOSemSim        2.36.0 [bld][cmp]
+ KEGGREST        1.50.0 [bld]
+ R.methodsS3     1.8.2  [bld][dl] (24.13 kB)
+ R.oo            1.27.1 [bld][dl] (384.26 kB)
+ R.utils         2.13.0 [bld][dl] (367.23 kB)
+ RSQLite         2.4.5  [bld][cmp]
+ yulab.utils     0.2.3  [bld][dl] (34.13 kB)
✔ All system requirements are already installed.
  
ℹ Getting 4 pkgs (809.75 kB), 5 (4.36 MB) cached
✔ Got R.methodsS3 1.8.2 (source) (24.13 kB)
✔ Got R.oo 1.27.1 (source) (384.26 kB)
✔ Got R.utils 2.13.0 (source) (367.23 kB)
✔ Got GOSemSim 2.36.0 (source) (610.99 kB)
✔ Got yulab.utils 0.2.3 (source) (34.13 kB)
✔ Got GO.db 3.22.0 (source) (25.25 MB)
ℹ Building R.methodsS3 1.8.2
ℹ Building RSQLite 2.4.5
ℹ Building yulab.utils 0.2.3
ℹ Building KEGGREST 1.50.0
✔ Built R.methodsS3 1.8.2 (1.3s)
✔ Installed R.methodsS3 1.8.2  (117ms)
ℹ Building R.oo 1.27.1
✔ Built yulab.utils 0.2.3 (2.2s)
✔ Installed yulab.utils 0.2.3  (117ms)
✔ Built KEGGREST 1.50.0 (5.5s)
✔ Installed KEGGREST 1.50.0  (224ms)
✔ Built R.oo 1.27.1 (4.5s)
✔ Installed R.oo 1.27.1  (138ms)
ℹ Building R.utils 2.13.0
✔ Built R.utils 2.13.0 (7.9s)
✔ Installed R.utils 2.13.0  (153ms)
✔ Built RSQLite 2.4.5 (1m 47.1s)
✔ Installed RSQLite 2.4.5  (349ms)
ℹ Building AnnotationDbi 1.72.0
✔ Built AnnotationDbi 1.72.0 (11.9s)
✔ Installed AnnotationDbi 1.72.0  (2.2s)
ℹ Building GO.db 3.22.0
✔ Built GO.db 3.22.0 (35.4s)
✔ Installed GO.db 3.22.0  (1.6s)
ℹ Building GOSemSim 2.36.0
✔ Built GOSemSim 2.36.0 (14.4s)
✔ Installed GOSemSim 2.36.0  (171ms)
✔ 1 pkg + 45 deps: kept 36, added 9, dld 6 (26.67 MB) [2m 56.6s]
Installing GOstats...
 
→ Will install 9 packages.
→ All 9 packages (14.31 MB) are cached.
+ annotate          1.88.0   [bld]
+ AnnotationForge   1.52.0   [bld]
+ BH                1.90.0-1 [bld]
+ Category          2.76.0   [bld]
+ genefilter        1.92.0   [bld][cmp]
+ GOstats           2.76.0   [bld]
+ GSEABase          1.72.0   [bld]
+ RBGL              1.86.0   [bld][cmp]
+ Rgraphviz         2.54.0   [bld][cmp]
✔ All system requirements are already installed.
  
ℹ No downloads are needed, 9 pkgs (14.31 MB) are cached
ℹ Building annotate 1.88.0
ℹ Building AnnotationForge 1.52.0
ℹ Building Rgraphviz 2.54.0
✔ Built annotate 1.88.0 (9.6s)
✔ Installed annotate 1.88.0  (414ms)
ℹ Building genefilter 1.92.0
ℹ Building GSEABase 1.72.0
✔ Built AnnotationForge 1.52.0 (10.5s)
✔ Installed AnnotationForge 1.52.0  (1.8s)
✔ Built GSEABase 1.72.0 (10.2s)
✔ Installed GSEABase 1.72.0  (217ms)
✔ Built genefilter 1.92.0 (11.7s)
✔ Installed genefilter 1.92.0  (220ms)
✔ Installed BH 1.90.0-1  (1m 17.7s)
ℹ Building RBGL 1.86.0
✔ Built Rgraphviz 2.54.0 (1m 17.8s)
✔ Installed Rgraphviz 2.54.0  (268ms)
✖ Failed to build RBGL 1.86.0 (388ms)
  FAILED: ! error in pak subprocess
Caused by error in `stop_task_build(state, worker)`:
! Failed to build source package RBGL.
Full installation output:
ERROR: dependency ‘BH’ is not available for package ‘RBGL’
Perhaps try a variation of:
install.packages('BH')
* removing ‘/tmp/Rtmprf4n1D/pkg-lib19a06e197efd02/RBGL’
Installing gower...
 
  
ℹ No downloads are needed
✔ 1 pkg: kept 1 [577ms]
Installing GPArotation...
 
  
ℹ No downloads are needed
✔ 1 pkg: kept 1 [713ms]
Installing GPfit...
 
  
ℹ No downloads are needed
✔ 1 pkg + 3 deps: kept 3 [720ms]
Installing gplots...
 
  
ℹ No downloads are needed
✔ 1 pkg + 4 deps: kept 5 [725ms]
Installing gprofiler2...
 
→ Will install 1 package.
→ Will download 1 CRAN package (1.52 MB).
+ gprofiler2   0.2.4 [bld][dl] (1.52 MB)
✔ All system requirements are already installed.
  
ℹ Getting 1 pkg (1.52 MB)
✔ Got gprofiler2 0.2.4 (source) (1.52 MB)
ℹ Building gprofiler2 0.2.4
✔ Built gprofiler2 0.2.4 (3.6s)
✔ Installed gprofiler2 0.2.4  (166ms)
✔ 1 pkg + 66 deps: kept 65, added 1, dld 1 (1.52 MB) [6.6s]
Installing gptstudio...
 
→ Will install 5 packages.
→ Will download 5 CRAN packages (1.16 MB).
+ gptstudio    0.4.0   [bld][dl] (390.74 kB)
+ rvest        1.0.5   [bld][dl] (121.72 kB)
+ selectr      0.5-1   [bld][dl] (55.23 kB)
+ shiny.i18n   0.3.0   [bld][dl] (207.45 kB)
+ waiter       0.2.5.1 [bld][dl] (381.66 kB)
✔ All system requirements are already installed.
  
ℹ Getting 5 pkgs (1.16 MB)
✔ Got selectr 0.5-1 (source) (55.23 kB)
✔ Got rvest 1.0.5 (source) (121.72 kB)
✔ Got shiny.i18n 0.3.0 (source) (207.45 kB)
✔ Got gptstudio 0.4.0 (source) (390.74 kB)
✔ Got waiter 0.2.5.1 (source) (381.66 kB)
ℹ Building selectr 0.5-1
ℹ Building shiny.i18n 0.3.0
ℹ Building waiter 0.2.5.1
✔ Built shiny.i18n 0.3.0 (2s)
✔ Installed shiny.i18n 0.3.0  (1.1s)
✔ Built waiter 0.2.5.1 (3.5s)
✔ Installed waiter 0.2.5.1  (166ms)
✔ Built selectr 0.5-1 (7s)
✔ Installed selectr 0.5-1  (127ms)
ℹ Building rvest 1.0.5
✔ Built rvest 1.0.5 (2.8s)
✔ Installed rvest 1.0.5  (240ms)
ℹ Building gptstudio 0.4.0
✔ Built gptstudio 0.4.0 (3.6s)
✔ Installed gptstudio 0.4.0  (352ms)
✔ 1 pkg + 63 deps: kept 58, added 5, dld 5 (1.16 MB) [17.1s]
Installing graph...
 
  
ℹ No downloads are needed
✔ 1 pkg + 2 deps: kept 3 [796ms]
Installing graphlayouts...
 
→ Will install 1 package.
→ Will download 1 CRAN package (2.20 MB).
+ graphlayouts   1.2.2 [bld][cmp][dl] (2.20 MB)
✔ All system requirements are already installed.
  
ℹ Getting 1 pkg (2.20 MB)
✔ Got graphlayouts 1.2.2 (source) (2.20 MB)
ℹ Building graphlayouts 1.2.2
✔ Built graphlayouts 1.2.2 (34s)
✔ Installed graphlayouts 1.2.2  (257ms)
✔ 1 pkg + 12 deps: kept 11, added 1, dld 1 (2.20 MB) [36s]
Installing graphsim...
 
→ Will install 2 packages.
→ Will download 2 CRAN packages (1.81 MB).
+ graphsim     1.0.4 [bld][dl] (1.78 MB)
+ matrixcalc   1.0-6 [bld][dl] (30.54 kB)
✔ All system requirements are already installed.
  
ℹ Getting 2 pkgs (1.81 MB)
✔ Got matrixcalc 1.0-6 (source) (30.54 kB)
✔ Got graphsim 1.0.4 (source) (1.78 MB)
ℹ Building matrixcalc 1.0-6
✔ Built matrixcalc 1.0-6 (1.4s)
✔ Installed matrixcalc 1.0-6  (104ms)
ℹ Building graphsim 1.0.4
✔ Built graphsim 1.0.4 (3.8s)
✔ Installed graphsim 1.0.4  (361ms)
✔ 1 pkg + 17 deps: kept 16, added 2, dld 2 (1.81 MB) [8s]
Installing gridBase...
 
→ Will install 1 package.
→ Will download 1 CRAN package (153.37 kB).
+ gridBase   0.4-7 [bld][dl] (153.37 kB)
  
ℹ Getting 1 pkg (153.37 kB)
✔ Got gridBase 0.4-7 (source) (153.37 kB)
ℹ Building gridBase 0.4-7
✔ Built gridBase 0.4-7 (815ms)
✔ Installed gridBase 0.4-7  (139ms)
✔ 1 pkg: added 1, dld 1 (153.37 kB) [2.3s]
Installing gridExtra...
 
  
ℹ No downloads are needed
✔ 1 pkg + 5 deps: kept 6 [794ms]
Installing gridGraphics...
 
→ Will install 1 package.
→ Will download 1 CRAN package (69.21 kB).
+ gridGraphics   0.5-1 [bld][dl] (69.21 kB)
  
ℹ Getting 1 pkg (69.21 kB)
✔ Got gridGraphics 0.5-1 (source) (69.21 kB)
ℹ Building gridGraphics 0.5-1
✔ Built gridGraphics 0.5-1 (2.5s)
✔ Installed gridGraphics 0.5-1  (338ms)
✔ 1 pkg: added 1, dld 1 (69.21 kB) [4s]
Installing gridtext...
 
→ Will install 1 package.
→ Will download 1 CRAN package (386.57 kB).
+ gridtext   0.1.5 [bld][cmp][dl] (386.57 kB)
✔ All system requirements are already installed.
  
ℹ Getting 1 pkg (386.57 kB)
✔ Got gridtext 0.1.5 (source) (386.57 kB)
ℹ Building gridtext 0.1.5
✔ Built gridtext 0.1.5 (15.8s)
✔ Installed gridtext 0.1.5  (178ms)
✔ 1 pkg + 17 deps: kept 16, added 1, dld 1 (386.57 kB) [17.5s]
Installing GSA...
 
→ Will install 1 package.
→ Will download 1 CRAN package (16.11 kB).
+ GSA   1.03.3 [bld][dl] (16.11 kB)
  
ℹ Getting 1 pkg (16.11 kB)
✔ Got GSA 1.03.3 (source) (16.11 kB)
ℹ Building GSA 1.03.3
✔ Built GSA 1.03.3 (1.3s)
✔ Installed GSA 1.03.3  (100ms)
✔ 1 pkg: added 1, dld 1 (16.11 kB) [2.7s]
Installing GSEABase...
 
✔ All system requirements are already installed.
  
ℹ No downloads are needed
✔ 1 pkg + 38 deps: kept 39 [1.2s]
Installing gson...
 
→ Will install 1 package.
→ Will download 1 CRAN package (98.26 kB).
+ gson   0.1.0 [bld][dl] (98.26 kB)
✔ All system requirements are already installed.
  
ℹ Getting 1 pkg (98.26 kB)
✔ Got gson 0.1.0 (source) (98.26 kB)
ℹ Building gson 0.1.0
✔ Built gson 0.1.0 (2s)
✔ Installed gson 0.1.0  (115ms)
✔ 1 pkg + 20 deps: kept 20, added 1, dld 1 (98.26 kB) [3.7s]
Installing gss...
 
→ Will install 1 package.
→ The package (545.24 kB) is cached.
+ gss   2.2-10 [bld][cmp]
  
ℹ No downloads are needed, 1 pkg (545.24 kB) is cached
ℹ Building gss 2.2-10
✔ Built gss 2.2-10 (17.4s)
✔ Installed gss 2.2-10  (308ms)
✔ 1 pkg: added 1 [18.7s]
Installing gsubfn...
 
  
ℹ No downloads are needed
✔ 1 pkg + 1 dep: kept 2 [1s]
Installing GSVA...
 
→ Will install 5 packages.
→ Will download 2 CRAN packages (5.30 MB), cached: 3 (0 B).
+ BiocSingular        1.26.1 [bld][cmp]
+ GSVA                2.4.4  [bld][cmp]
+ magick              2.9.0  [bld][cmp][dl] (4.60 MB) + ✔ libmagick++-dev, ✔ gsfonts
+ memuse              4.2-3  [bld][cmp][dl] (696.17 kB)
+ SpatialExperiment   1.20.0 [bld]
✔ All system requirements are already installed.
  
ℹ Getting 2 pkgs (5.30 MB), 3 cached
✔ Got magick 2.9.0 (source) (4.60 MB)
✔ Got memuse 4.2-3 (source) (696.17 kB)
✔ Got GSVA 2.4.4 (source) (3.30 MB)
✔ Got SpatialExperiment 1.20.0 (source) (5.41 MB)
ℹ Building magick 2.9.0
ℹ Building memuse 4.2-3
ℹ Building BiocSingular 1.26.1
✔ Built memuse 4.2-3 (3.7s)
✔ Installed memuse 4.2-3  (1.2s)
✔ Built BiocSingular 1.26.1 (18.6s)
✔ Installed BiocSingular 1.26.1  (179ms)
✔ Built magick 2.9.0 (52.1s)
✔ Installed magick 2.9.0  (313ms)
ℹ Building SpatialExperiment 1.20.0
✔ Built SpatialExperiment 1.20.0 (13.4s)
✔ Installed SpatialExperiment 1.20.0  (258ms)
ℹ Building GSVA 2.4.4
✔ Built GSVA 2.4.4 (24.4s)
✔ Installed GSVA 2.4.4  (280ms)
✔ 1 pkg + 90 deps: kept 85, added 5, dld 4 (14.01 MB) [1m 33.9s]
Installing gt...
 
→ Will install 1 package.
→ Will download 1 CRAN package (3.45 MB).
+ gt   1.2.0 [bld][dl] (3.45 MB)
✔ All system requirements are already installed.
  
ℹ Getting 1 pkg (3.45 MB)
✔ Got gt 1.2.0 (source) (3.45 MB)
ℹ Building gt 1.2.0
✔ Built gt 1.2.0 (16.9s)
✔ Installed gt 1.2.0  (395ms)
✔ 1 pkg + 54 deps: kept 53, added 1, dld 1 (3.45 MB) [19.3s]
Installing gtable...
 
  
ℹ No downloads are needed
✔ 1 pkg + 4 deps: kept 5 [786ms]
Installing gtools...
 
  
ℹ No downloads are needed
✔ 1 pkg: kept 1 [714ms]
Installing gtsummary...
 
→ Will install 3 packages.
→ Will download 3 CRAN packages (1.46 MB).
+ cards       0.7.1 [bld][dl] (320.55 kB)
+ cardx       0.3.1 [bld][dl] (200.07 kB)
+ gtsummary   2.5.0 [bld][dl] (935.06 kB)
✔ All system requirements are already installed.
  
ℹ Getting 3 pkgs (1.46 MB)
✔ Got cardx 0.3.1 (source) (200.07 kB)
✔ Got cards 0.7.1 (source) (320.55 kB)
✔ Got gtsummary 2.5.0 (source) (935.06 kB)
ℹ Building cards 0.7.1
✔ Built cards 0.7.1 (3.9s)
✔ Installed cards 0.7.1  (171ms)
ℹ Building cardx 0.3.1
✔ Built cardx 0.3.1 (3.8s)
✔ Installed cardx 0.3.1  (156ms)
ℹ Building gtsummary 2.5.0
✔ Built gtsummary 2.5.0 (8.4s)
✔ Installed gtsummary 2.5.0  (1.2s)
✔ 1 pkg + 61 deps: kept 58, added 3, dld 3 (1.46 MB) [20.7s]
Installing Gviz...
 
→ Will install 4 packages.
→ All 4 packages (0 B) are cached.
+ biovizBase          1.58.0 [bld][cmp]
+ ensembldb           2.34.0 [bld]
+ Gviz                1.54.0 [bld]
+ VariantAnnotation   1.56.0 [bld][cmp] + ✔ make
✔ All system requirements are already installed.
  
ℹ No downloads are needed, 4 pkgs are cached
✔ Got Gviz 1.54.0 (source) (7.68 MB)
ℹ Building ensembldb 2.34.0
ℹ Building VariantAnnotation 1.56.0
✔ Built ensembldb 2.34.0 (25.6s)
✔ Installed ensembldb 2.34.0  (1.3s)
✔ Built VariantAnnotation 1.56.0 (49.4s)
✔ Installed VariantAnnotation 1.56.0  (403ms)
ℹ Building biovizBase 1.58.0
✔ Built biovizBase 1.58.0 (26.9s)
✔ Installed biovizBase 1.58.0  (223ms)
ℹ Building Gviz 1.54.0
✔ Built Gviz 1.54.0 (41s)
✔ Installed Gviz 1.54.0  (390ms)
✔ 1 pkg + 138 deps: kept 134, added 4, dld 1 (7.68 MB) [2m 2.6s]
Installing GWalkR...
 
→ Will install 2 packages.
→ Will download 2 CRAN packages (2.79 MB).
+ GWalkR            0.2.1 [bld][dl] (2.47 MB)
+ shinycssloaders   1.1.0 [bld][dl] (313.57 kB)
✔ All system requirements are already installed.
  
ℹ Getting 2 pkgs (2.79 MB)
✔ Got GWalkR 0.2.1 (source) (2.47 MB)
✔ Got shinycssloaders 1.1.0 (source) (313.57 kB)
ℹ Building shinycssloaders 1.1.0
✔ Built shinycssloaders 1.1.0 (887ms)
✔ Installed shinycssloaders 1.1.0  (192ms)
ℹ Building GWalkR 0.2.1
✔ Built GWalkR 0.2.1 (2.9s)
✔ Installed GWalkR 0.2.1  (196ms)
✔ 1 pkg + 43 deps: kept 41, added 2, dld 2 (2.79 MB) [7s]
Installing gypsum...
 
✔ All system requirements are already installed.
  
ℹ No downloads are needed
✔ 1 pkg + 16 deps: kept 17 [967ms]
Installing h2o...
 
→ Will install 1 package.
→ Will download 1 CRAN package (665.87 kB).
+ h2o   3.44.0.3 [bld][dl] (665.87 kB) + ✔ default-jdk
✔ All system requirements are already installed.
  
ℹ Getting 1 pkg (665.87 kB)
✔ Got h2o 3.44.0.3 (source) (665.87 kB)
ℹ Building h2o 3.44.0.3
✔ Built h2o 3.44.0.3 (34.7s)
✔ Installed h2o 3.44.0.3  (2.2s)
✔ 1 pkg + 3 deps: kept 3, added 1, dld 1 (665.87 kB) [39.2s]
Installing hardhat...
 
  
ℹ No downloads are needed
✔ 1 pkg + 11 deps: kept 12 [1.2s]
Installing harmony...
 
→ Will install 2 packages.
→ Will download 2 CRAN packages (5.07 MB).
+ harmony       1.2.4   [bld][cmp][dl] (5.03 MB)
+ RhpcBLASctl   0.23-42 [bld][cmp][dl] (41.95 kB)
  
ℹ Getting 2 pkgs (5.07 MB)
✔ Got RhpcBLASctl 0.23-42 (source) (41.95 kB)
✔ Got harmony 1.2.4 (source) (5.03 MB)
ℹ Building RhpcBLASctl 0.23-42
✔ Built RhpcBLASctl 0.23-42 (1.9s)
✔ Installed RhpcBLASctl 0.23-42  (108ms)
ℹ Building harmony 1.2.4
✔ Built harmony 1.2.4 (34.1s)
✔ Installed harmony 1.2.4  (289ms)
✔ 1 pkg + 31 deps: kept 29, added 2, dld 2 (5.07 MB) [38.8s]
Installing haven...
 
✔ All system requirements are already installed.
  
ℹ No downloads are needed
✔ 1 pkg + 22 deps: kept 23 [1.2s]
Installing HDF5Array...
 
✔ All system requirements are already installed.
  
ℹ No downloads are needed
✔ 1 pkg + 17 deps: kept 18 [979ms]
Installing hdf5r...
 
→ Will install 1 package.
→ Will download 1 CRAN package (1.92 MB).
+ hdf5r   1.3.12 [bld][cmp][dl] (1.92 MB) + ✔ libhdf5-dev
✔ All system requirements are already installed.
  
ℹ Getting 1 pkg (1.92 MB)
✔ Got hdf5r 1.3.12 (source) (1.92 MB)
ℹ Building hdf5r 1.3.12
✔ Built hdf5r 1.3.12 (20.3s)
✔ Installed hdf5r 1.3.12  (218ms)
✔ 1 pkg + 3 deps: kept 3, added 1, dld 1 (1.92 MB) [22.4s]
Installing HDO.db...
 
→ Will install 1 package.
→ The package (0 B) is cached.
+ HDO.db   1.0.0 [bld]
✔ All system requirements are already installed.
  
ℹ No downloads are needed, 1 pkg is cached
✔ Got HDO.db 1.0.0 (source) (2.77 MB)
ℹ Building HDO.db 1.0.0
✔ Built HDO.db 1.0.0 (9.1s)
✔ Installed HDO.db 1.0.0  (211ms)
✔ 1 pkg + 34 deps: kept 34, added 1, dld 1 (2.77 MB) [11.6s]
Installing hdrcde...
 
  
ℹ No downloads are needed
✔ 1 pkg + 31 deps: kept 31 [1.3s]
Installing heatmaply...
 
→ Will install 5 packages.
→ Will download 5 CRAN packages (3.93 MB).
+ ca          0.71.1 [bld][dl] (47.72 kB)
+ gclus       1.3.3  [bld][dl] (341.63 kB)
+ heatmaply   1.6.0  [bld][dl] (1.84 MB)
+ seriation   1.5.8  [bld][cmp][dl] (974.03 kB)
+ TSP         1.2.6  [bld][cmp][dl] (721.01 kB)
✔ All system requirements are already installed.
  
ℹ Getting 5 pkgs (3.93 MB)
✔ Got gclus 1.3.3 (source) (341.63 kB)
✔ Got ca 0.71.1 (source) (47.72 kB)
✔ Got heatmaply 1.6.0 (source) (1.84 MB)
✔ Got seriation 1.5.8 (source) (974.03 kB)
✔ Got TSP 1.2.6 (source) (721.01 kB)
ℹ Building ca 0.71.1
ℹ Building gclus 1.3.3
ℹ Building TSP 1.2.6
✔ Built gclus 1.3.3 (1.2s)
✔ Installed gclus 1.3.3  (1.2s)
✔ Built TSP 1.2.6 (2.4s)
✔ Installed TSP 1.2.6  (174ms)
✔ Built ca 0.71.1 (2.8s)
✔ Installed ca 0.71.1  (1.1s)
ℹ Building seriation 1.5.8
✔ Built seriation 1.5.8 (7s)
✔ Installed seriation 1.5.8  (205ms)
ℹ Building heatmaply 1.6.0
✔ Built heatmaply 1.6.0 (4.3s)
✔ Installed heatmaply 1.6.0  (182ms)
✔ 1 pkg + 92 deps: kept 87, added 5, dld 5 (3.93 MB) [19s]
Installing here...
 
  
ℹ No downloads are needed
✔ 1 pkg + 1 dep: kept 2 [851ms]
Installing hexbin...
 
  
ℹ No downloads are needed
✔ 1 pkg + 1 dep: kept 2 [836ms]
Installing hexSticker...
 
→ Will install 2 packages.
→ Will download 2 CRAN packages (1.13 MB).
+ ggimage      0.3.4 [bld][dl] (76.89 kB)
+ hexSticker   0.5.0 [bld][dl] (1.06 MB)
✔ All system requirements are already installed.
  
ℹ Getting 2 pkgs (1.13 MB)
✔ Got ggimage 0.3.4 (source) (76.89 kB)
✔ Got hexSticker 0.5.0 (source) (1.06 MB)
ℹ Building ggimage 0.3.4
✔ Built ggimage 0.3.4 (3.4s)
✔ Installed ggimage 0.3.4  (121ms)
ℹ Building hexSticker 0.5.0
✔ Built hexSticker 0.5.0 (3.6s)
✔ Installed hexSticker 0.5.0  (176ms)
✔ 1 pkg + 66 deps: kept 64, added 2, dld 2 (1.13 MB) [10.3s]
Installing hexView...
 
→ Will install 1 package.
→ Will download 1 CRAN package (17.60 kB).
+ hexView   0.3-4 [bld][dl] (17.60 kB)
  
ℹ Getting 1 pkg (17.60 kB)
✔ Got hexView 0.3-4 (source) (17.60 kB)
ℹ Building hexView 0.3-4
✔ Built hexView 0.3-4 (1.1s)
✔ Installed hexView 0.3-4  (145ms)
✔ 1 pkg: added 1, dld 1 (17.60 kB) [2.6s]
Installing HGNChelper...
 
→ Will install 1 package.
→ Will download 1 CRAN package (1.64 MB).
+ HGNChelper   0.8.15 [bld][dl] (1.64 MB)
  
ℹ Getting 1 pkg (1.64 MB)
✔ Got HGNChelper 0.8.15 (source) (1.64 MB)
ℹ Building HGNChelper 0.8.15
✔ Built HGNChelper 0.8.15 (3.9s)
✔ Installed HGNChelper 0.8.15  (189ms)
✔ 1 pkg + 2 deps: kept 2, added 1, dld 1 (1.64 MB) [6.5s]
Installing hgu133a.db...
 
✔ All system requirements are already installed.
  
ℹ No downloads are needed
✔ 1 pkg + 35 deps: kept 36 [1.3s]
Installing hgu133plus2.db...
 
✔ All system requirements are already installed.
  
ℹ No downloads are needed
✔ 1 pkg + 35 deps: kept 36 [1.4s]
Installing highlight...
 
→ Will install 1 package.
→ Will download 1 CRAN package (355.49 kB).
+ highlight   0.5.2 [bld][cmp][dl] (355.49 kB)
  
ℹ Getting 1 pkg (355.49 kB)
✔ Got highlight 0.5.2 (source) (355.49 kB)
ℹ Building highlight 0.5.2
✔ Built highlight 0.5.2 (37s)
✔ Installed highlight 0.5.2  (1.1s)
✔ 1 pkg: added 1, dld 1 (355.49 kB) [39.7s]
Installing highr...
 
  
ℹ No downloads are needed
✔ 1 pkg + 1 dep: kept 2 [925ms]
Installing Hmisc...
 
✔ All system requirements are already installed.
  
ℹ No downloads are needed
✔ 1 pkg + 53 deps: kept 54 [2.1s]
Installing hms...
 
  
ℹ No downloads are needed
✔ 1 pkg + 6 deps: kept 7 [1.2s]
Installing homologene...
 
→ Will install 1 package.
→ Will download 1 CRAN package (3.47 MB).
+ homologene   1.4.68.19.3.27 [bld][dl] (3.47 MB)
✔ All system requirements are already installed.
  
ℹ Getting 1 pkg (3.47 MB)
✔ Got homologene 1.4.68.19.3.27 (source) (3.47 MB)
ℹ Building homologene 1.4.68.19.3.27
✔ Built homologene 1.4.68.19.3.27 (3s)
✔ Installed homologene 1.4.68.19.3.27  (221ms)
✔ 1 pkg + 27 deps: kept 27, added 1, dld 1 (3.47 MB) [5s]
Installing HPO.db...
 
→ Will install 1 package.
→ The package (0 B) is cached.
+ HPO.db   0.99.2 [bld]
✔ All system requirements are already installed.
  
ℹ No downloads are needed, 1 pkg is cached
✔ Got HPO.db 0.99.2 (source) (24.38 kB)
ℹ Building HPO.db 0.99.2
✖ Failed to build HPO.db 0.99.2 (11.3s)
  FAILED: ! error in pak subprocess
Caused by error in `stop_task_build(state, worker)`:
! Failed to build source package HPO.db.
Full installation output:
* installing *source* package ‘HPO.db’ ...
** this is package ‘HPO.db’ version ‘0.99.2’
staged installation is only possible with locking
** using non-staged installation
** R
** inst
** byte-compile and prepare package for lazy loading
** help
*** installing help indices
** building package indices
** installing vignettes
** testing if installed package can be loaded
Error: package or namespace load failed for ‘HPO.db’:
 .onLoad failed in loadNamespace() for 'HPO.db', details:
  call: NULL
  error: Replaced by more current version
   Resource removed on: 2024-05-02
Error: loading failed
Execution halted
ERROR: loading failed
* removing ‘/tmp/Rtmprf4n1D/pkg-lib19a06e4d442c73/HPO.db’
Installing HSAUR3...
 
→ Will install 1 package.
→ Will download 1 CRAN package (3.24 MB).
+ HSAUR3   1.0-15 [bld][dl] (3.24 MB)
  
ℹ Getting 1 pkg (3.24 MB)
✔ Got HSAUR3 1.0-15 (source) (3.24 MB)
ℹ Building HSAUR3 1.0-15
✔ Built HSAUR3 1.0-15 (1.7s)
✔ Installed HSAUR3 1.0-15  (1.5s)
✔ 1 pkg: added 1, dld 1 (3.24 MB) [4.8s]
Installing htmlTable...
 
✔ All system requirements are already installed.
  
ℹ No downloads are needed
✔ 1 pkg + 34 deps: kept 35 [1.3s]
Installing htmltools...
 
  
ℹ No downloads are needed
✔ 1 pkg + 4 deps: kept 5 [900ms]
Installing HTMLUtils...
 
  
ℹ No downloads are needed
✔ 1 pkg + 1 dep: kept 2 [818ms]
Installing htmlwidgets...
 
✔ All system requirements are already installed.
  
ℹ No downloads are needed
✔ 1 pkg + 26 deps: kept 27 [1.2s]
Installing httpcode...
 
  
ℹ No downloads are needed
✔ 1 pkg: kept 1 [712ms]
Installing httpuv...
 
✔ All system requirements are already installed.
  
ℹ No downloads are needed
✔ 1 pkg + 11 deps: kept 11 [1.2s]
Installing httr...
 
✔ All system requirements are already installed.
  
ℹ No downloads are needed
✔ 1 pkg + 7 deps: kept 8 [895ms]
Installing httr2...
 
✔ All system requirements are already installed.
  
ℹ No downloads are needed
✔ 1 pkg + 13 deps: kept 14 [1s]
Installing hues...
 
→ Will install 1 package.
→ Will download 1 CRAN package (184.36 kB).
+ hues   0.2.0 [bld][dl] (184.36 kB)
  
ℹ Getting 1 pkg (184.36 kB)
✔ Got hues 0.2.0 (source) (184.36 kB)
ℹ Building hues 0.2.0
✔ Built hues 0.2.0 (815ms)
✔ Installed hues 0.2.0  (170ms)
✔ 1 pkg + 1 dep: kept 1, added 1, dld 1 (184.36 kB) [2.5s]
Installing hunspell...
 
→ Will install 1 package.
→ Will download 1 CRAN package (3.21 MB).
+ hunspell   3.0.6 [bld][cmp][dl] (3.21 MB)
  
ℹ Getting 1 pkg (3.21 MB)
✔ Got hunspell 3.0.6 (source) (3.21 MB)
ℹ Building hunspell 3.0.6
✔ Built hunspell 3.0.6 (29.4s)
✔ Installed hunspell 3.0.6  (1.2s)
✔ 1 pkg + 2 deps: kept 1, added 1, dld 1 (3.21 MB) [32.3s]
Installing huxtable...
 
→ Will install 1 package.
→ Will download 1 CRAN package (1.81 MB).
+ huxtable   5.8.0 [bld][dl] (1.81 MB) + ✖ texlive
✖ Missing 1 system package. You'll probably need to install it manually:
+ texlive  - huxtable
ℹ Getting 1 pkg (1.81 MB)
✔ Got huxtable 5.8.0 (source) (1.81 MB)
ℹ Building huxtable 5.8.0
✔ Built huxtable 5.8.0 (6.6s)
✔ Installed huxtable 5.8.0  (178ms)
✔ 1 pkg + 22 deps: kept 22, added 1, dld 1 (1.81 MB) [8.9s]
Installing hwriter...
 
  
ℹ No downloads are needed
✔ 1 pkg: kept 1 [775ms]
Installing hypergeo...
 
✖ Missing 1 system package. You'll probably need to install it manually:
+ pari-gp  - elliptic
ℹ No downloads are needed
✔ 1 pkg + 4 deps: kept 5 [919ms]
Installing ica...
 
  
ℹ No downloads are needed
✔ 1 pkg: kept 1 [815ms]
Installing IDPmisc...
 
  
ℹ No downloads are needed
✔ 1 pkg + 1 dep: kept 2 [1.1s]
Installing ids...
 
✔ All system requirements are already installed.
  
ℹ No downloads are needed
✔ 1 pkg + 4 deps: kept 5 [913ms]
Installing igraph...
 
✔ All system requirements are already installed.
  
ℹ No downloads are needed
✔ 1 pkg + 9 deps: kept 10 [1.4s]
Installing illuminaio...
 
→ Will install 1 package.
→ The package (0 B) is cached.
+ illuminaio   0.52.0 [bld][cmp]
✔ All system requirements are already installed.
  
ℹ No downloads are needed, 1 pkg is cached
✔ Got illuminaio 0.52.0 (source) (490.63 kB)
ℹ Building illuminaio 0.52.0
✔ Built illuminaio 0.52.0 (1.2s)
✔ Installed illuminaio 0.52.0  (155ms)
✔ 1 pkg + 4 deps: kept 4, added 1, dld 1 (490.63 kB) [3.1s]
Installing impute...
 
  
ℹ No downloads are needed
✔ 1 pkg: kept 1 [740ms]
Installing imputeTS...
 
→ Will install 1 package.
→ Will download 1 CRAN package (2.20 MB).
+ imputeTS   3.4 [bld][cmp][dl] (2.20 MB)
✔ All system requirements are already installed.
  
ℹ Getting 1 pkg (2.20 MB)
✔ Got imputeTS 3.4 (source) (2.20 MB)
ℹ Building imputeTS 3.4
✔ Built imputeTS 3.4 (12.6s)
✔ Installed imputeTS 3.4  (249ms)
✔ 1 pkg + 48 deps: kept 47, added 1, dld 1 (2.20 MB) [15.2s]
