Installing packages from: /home/domeally/workspaces/vscode-rbioc/slurm_install/pkgs_005.txt
Target library: /packages/singularity/shared_cache/rbioc/rlibs/bioc-3.22
Installing drat...
ℹ Loading metadata database
✔ Loading metadata database ... done

 
→ Will install 1 package.
→ Will download 1 CRAN package (181.20 kB).
+ drat   0.2.5 [bld][dl] (181.20 kB)
  
ℹ Getting 1 pkg (181.20 kB)
✔ Got drat 0.2.5 (source) (181.20 kB)
ℹ Building drat 0.2.5
✔ Built drat 0.2.5 (1.3s)
✔ Installed drat 0.2.5  (1.3s)
✔ 1 pkg: added 1, dld 1 (181.20 kB) [9.6s]
Installing drc...
 
→ Will install 5 packages.
→ Will download 2 CRAN packages (558.78 kB), cached: 3 (9.34 MB).
+ drc        3.0-1  [bld][dl] (238.54 kB)
+ gtools     3.9.5  [bld][cmp]
+ multcomp   1.4-29 [bld]
+ plotrix    3.8-13 [bld][dl] (320.24 kB)
+ TH.data    1.1-5  [bld]
✔ All system requirements are already installed.
  
ℹ Getting 2 pkgs (558.78 kB), 3 (9.34 MB) cached
✔ Got plotrix 3.8-13 (source) (320.24 kB)
✔ Got drc 3.0-1 (source) (238.54 kB)
ℹ Building plotrix 3.8-13
✔ Installed gtools 3.9.5  (232ms)
✔ Installed TH.data 1.1-5  (1.6s)
ℹ Building multcomp 1.4-29
✔ Built multcomp 1.4-29 (5.3s)
✔ Installed multcomp 1.4-29  (258ms)
✔ Built plotrix 3.8-13 (9.2s)
✔ Installed plotrix 3.8-13  (183ms)
ℹ Building drc 3.0-1
✔ Built drc 3.0-1 (9.5s)
✔ Installed drc 3.0-1  (166ms)
✔ 1 pkg + 80 deps: kept 75, added 5, dld 2 (558.78 kB) [23.1s]
Installing DRIMSeq...
 
→ Will install 5 packages.
→ All 5 packages (14.51 MB) are cached.
+ BH             1.90.0-1 [bld]
+ BiocParallel   1.44.0   [bld][cmp]
+ DRIMSeq        1.38.0   [bld]
+ edgeR          4.8.2    [bld][cmp]
+ locfit         1.5-9.12 [bld][cmp]
✔ All system requirements are already installed.
  
ℹ No downloads are needed, 5 pkgs (14.51 MB) are cached
✔ Got DRIMSeq 1.38.0 (source) (496.90 kB)
✔ Got edgeR 4.8.2 (source) (3.07 MB)
ℹ Building BH 1.90.0-1
ℹ Building locfit 1.5-9.12
✔ Built locfit 1.5-9.12 (12.9s)
✔ Installed locfit 1.5-9.12  (1.3s)
ℹ Building edgeR 4.8.2
✔ Built BH 1.90.0-1 (24.5s)
✔ Built edgeR 4.8.2 (11.3s)
✔ Installed edgeR 4.8.2  (215ms)
✔ Installed BH 1.90.0-1  (2m 24.7s)
ℹ Building BiocParallel 1.44.0
✖ Failed to build BiocParallel 1.44.0 (475ms)
  FAILED: ! error in pak subprocess
Caused by error in `stop_task_build(state, worker)`:
! Failed to build source package BiocParallel.
Full installation output:
ERROR: dependency ‘BH’ is not available for package ‘BiocParallel’
Perhaps try a variation of:
install.packages('BH')
* removing ‘/tmp/RtmpGeftmy/pkg-lib1711e12b1d1914/BiocParallel’
Installing DropletUtils...
 
→ Will install 9 packages.
→ All 9 packages (14.57 MB) are cached.
+ BH                     1.90.0-1 [bld]
+ DelayedMatrixStats     1.32.0   [bld]
+ dqrng                  0.4.1    [bld][cmp]
+ DropletUtils           1.30.0   [bld][cmp] + ✔ make
+ h5mread                1.2.1    [bld][cmp]
+ HDF5Array              1.38.0   [bld] + ✔ make
+ scuttle                1.20.0   [bld][cmp]
+ SingleCellExperiment   1.32.0   [bld]
+ sparseMatrixStats      1.22.0   [bld][cmp]
✔ All system requirements are already installed.
  
ℹ No downloads are needed, 9 pkgs (14.57 MB) are cached
✔ Got h5mread 1.2.1 (source) (2.48 MB)
✔ Got HDF5Array 1.38.0 (source) (8.36 MB)
✔ Got DelayedMatrixStats 1.32.0 (source) (274.35 kB)
✔ Got DropletUtils 1.30.0 (source) (608.93 kB)
✔ Got sparseMatrixStats 1.22.0 (source) (706.40 kB)
ℹ Building h5mread 1.2.1
ℹ Building SingleCellExperiment 1.32.0
ℹ Building sparseMatrixStats 1.22.0
✔ Built SingleCellExperiment 1.32.0 (16.4s)
✔ Installed SingleCellExperiment 1.32.0  (225ms)
ℹ Building scuttle 1.20.0
✔ Built h5mread 1.2.1 (18.4s)
✔ Installed h5mread 1.2.1  (376ms)
ℹ Building HDF5Array 1.38.0
✔ Built sparseMatrixStats 1.22.0 (22.2s)
✔ Installed sparseMatrixStats 1.22.0  (233ms)
ℹ Building DelayedMatrixStats 1.32.0
✔ Built HDF5Array 1.38.0 (14.1s)
✔ Installed HDF5Array 1.38.0  (420ms)
✔ Built DelayedMatrixStats 1.32.0 (13.2s)
✔ Installed DelayedMatrixStats 1.32.0  (177ms)
✔ Installed BH 1.90.0-1  (1m 47.5s)
ℹ Building dqrng 0.4.1
✔ Built scuttle 1.20.0 (1m 30.8s)
✖ Failed to build dqrng 0.4.1 (319ms)
  FAILED: ! error in pak subprocess
Caused by error in `stop_task_build(state, worker)`:
! Failed to build source package dqrng.
Full installation output:
ERROR: dependency ‘BH’ is not available for package ‘dqrng’
Perhaps try a variation of:
install.packages('BH')
* removing ‘/tmp/RtmpGeftmy/pkg-lib1711e16e9b6068/dqrng’
Installing DRR...
 
→ Will install 1 package.
→ Will download 1 CRAN package (129.78 kB).
+ DRR   0.0.4 [bld][dl] (129.78 kB)
  
ℹ Getting 1 pkg (129.78 kB)
✔ Got DRR 0.0.4 (source) (129.78 kB)
ℹ Building DRR 0.0.4
✔ Built DRR 0.0.4 (3.9s)
✔ Installed DRR 0.0.4  (1.2s)
✔ 1 pkg + 4 deps: kept 4, added 1, dld 1 (129.78 kB) [7.1s]
Installing DT...
 
✔ All system requirements are already installed.
  
ℹ No downloads are needed
✔ 1 pkg + 34 deps: kept 34 [1.5s]
Installing dtangle...
 
→ Will install 1 package.
→ Will download 1 CRAN package (1.60 MB).
+ dtangle   2.0.9 [bld][dl] (1.60 MB)
  
ℹ Getting 1 pkg (1.60 MB)
✔ Got dtangle 2.0.9 (source) (1.60 MB)
ℹ Building dtangle 2.0.9
✔ Built dtangle 2.0.9 (1.5s)
✔ Installed dtangle 2.0.9  (1.2s)
✔ 1 pkg + 1 dep: kept 1, added 1, dld 1 (1.60 MB) [4.7s]
Installing dtplyr...
 
→ Will install 1 package.
→ Will download 1 CRAN package (200.29 kB).
+ dtplyr   1.3.2 [bld][dl] (200.29 kB)
  
ℹ Getting 1 pkg (200.29 kB)
✔ Got dtplyr 1.3.2 (source) (200.29 kB)
ℹ Building dtplyr 1.3.2
✔ Built dtplyr 1.3.2 (4.1s)
✔ Installed dtplyr 1.3.2  (1.2s)
✔ 1 pkg + 16 deps: kept 16, added 1, dld 1 (200.29 kB) [7.1s]
Installing dygraphs...
 
✔ All system requirements are already installed.
  
ℹ No downloads are needed
✔ 1 pkg + 31 deps: kept 32 [1.4s]
Installing dynamicTreeCut...
 
→ Will install 1 package.
→ Will download 1 CRAN package (24.03 kB).
+ dynamicTreeCut   1.63-1 [bld][dl] (24.03 kB)
  
ℹ Getting 1 pkg (24.03 kB)
✔ Got dynamicTreeCut 1.63-1 (source) (24.03 kB)
ℹ Building dynamicTreeCut 1.63-1
✔ Built dynamicTreeCut 1.63-1 (1.8s)
✔ Installed dynamicTreeCut 1.63-1  (1.1s)
✔ 1 pkg: added 1, dld 1 (24.03 kB) [4.5s]
Installing dyndimred...
 
→ Will install 4 packages.
→ Will download 4 CRAN packages (1.12 MB).
+ dyndimred   1.0.4  [bld][dl] (387.81 kB)
+ dynutils    1.0.12 [bld][cmp][dl] (494.83 kB)
+ lmds        0.1.0  [bld][dl] (150.43 kB)
+ proxyC      0.5.2  [bld][cmp][dl] (88.92 kB)
✔ All system requirements are already installed.
  
ℹ Getting 4 pkgs (1.12 MB)
✔ Got dyndimred 1.0.4 (source) (387.81 kB)
✔ Got proxyC 0.5.2 (source) (88.92 kB)
✔ Got dynutils 1.0.12 (source) (494.83 kB)
✔ Got lmds 0.1.0 (source) (150.43 kB)
ℹ Building proxyC 0.5.2
✔ Built proxyC 0.5.2 (43.6s)
✔ Installed proxyC 0.5.2  (240ms)
ℹ Building dynutils 1.0.12
✔ Built dynutils 1.0.12 (12.8s)
✔ Installed dynutils 1.0.12  (225ms)
ℹ Building lmds 0.1.0
✔ Built lmds 0.1.0 (3.5s)
✔ Installed lmds 0.1.0  (144ms)
ℹ Building dyndimred 1.0.4
✔ Built dyndimred 1.0.4 (4.1s)
✔ Installed dyndimred 1.0.4  (1.1s)
✔ 1 pkg + 30 deps: kept 26, added 4, dld 4 (1.12 MB) [1m 9.2s]
Installing dynparam...
 
→ Will install 1 package.
→ Will download 1 CRAN package (405.17 kB).
+ dynparam   1.0.2 [bld][dl] (405.17 kB)
✔ All system requirements are already installed.
  
ℹ Getting 1 pkg (405.17 kB)
✔ Got dynparam 1.0.2 (source) (405.17 kB)
ℹ Building dynparam 1.0.2
✔ Built dynparam 1.0.2 (4.8s)
✔ Installed dynparam 1.0.2  (151ms)
✔ 1 pkg + 31 deps: kept 30, added 1, dld 1 (405.17 kB) [7.1s]
Installing dynutils...
 
✔ All system requirements are already installed.
  
ℹ No downloads are needed
✔ 1 pkg + 26 deps: kept 26 [1.4s]
Installing dynwrap...
 
→ Will install 2 packages.
→ Will download 2 CRAN packages (2.36 MB).
+ babelwhale   1.2.0 [bld][dl] (377.40 kB)
+ dynwrap      1.2.5 [bld][dl] (1.98 MB)
✔ All system requirements are already installed.
  
ℹ Getting 2 pkgs (2.36 MB)
✔ Got babelwhale 1.2.0 (source) (377.40 kB)
✔ Got dynwrap 1.2.5 (source) (1.98 MB)
ℹ Building babelwhale 1.2.0
✔ Built babelwhale 1.2.0 (4.7s)
✔ Installed babelwhale 1.2.0  (175ms)
ℹ Building dynwrap 1.2.5
✔ Built dynwrap 1.2.5 (7.3s)
✔ Installed dynwrap 1.2.5  (1.3s)
✔ 1 pkg + 48 deps: kept 46, added 2, dld 2 (2.36 MB) [17.1s]
Installing e1071...
 
  
ℹ No downloads are needed
✔ 1 pkg + 3 deps: kept 4 [1s]
Installing earth...
 
→ Will install 2 packages.
→ Will download 2 CRAN packages (2.87 MB).
+ earth    5.3.4 [bld][cmp][dl] (1.61 MB)
+ plotmo   3.6.4 [bld][dl] (1.26 MB)
  
ℹ Getting 2 pkgs (2.87 MB)
✔ Got plotmo 3.6.4 (source) (1.26 MB)
✔ Got earth 5.3.4 (source) (1.61 MB)
ℹ Building plotmo 3.6.4
✔ Built plotmo 3.6.4 (6.7s)
✔ Installed plotmo 3.6.4  (180ms)
ℹ Building earth 5.3.4
✔ Built earth 5.3.4 (10.2s)
✔ Installed earth 5.3.4  (833ms)
✔ 1 pkg + 3 deps: kept 2, added 2, dld 2 (2.87 MB) [20.2s]
Installing easystats...
 
→ Will install 3 packages.
→ Will download 3 CRAN packages (907.93 kB).
+ correlation   0.8.8  [bld][dl] (348.78 kB)
+ easystats     0.7.5  [bld][dl] (414.59 kB)
+ see           0.12.0 [bld][dl] (144.56 kB)
  
ℹ Getting 3 pkgs (907.93 kB)
✔ Got correlation 0.8.8 (source) (348.78 kB)
✔ Got see 0.12.0 (source) (144.56 kB)
✔ Got easystats 0.7.5 (source) (414.59 kB)
ℹ Building correlation 0.8.8
✔ Built correlation 0.8.8 (2.7s)
✔ Installed correlation 0.8.8  (201ms)
ℹ Building see 0.12.0
✔ Built see 0.12.0 (6.6s)
✔ Installed see 0.12.0  (1.1s)
ℹ Building easystats 0.7.5
✔ Built easystats 0.7.5 (3.1s)
✔ Installed easystats 0.7.5  (209ms)
✔ 1 pkg + 27 deps: kept 25, added 3, dld 3 (907.93 kB) [16.8s]
Installing EDASeq...
 
✔ All system requirements are already installed.
  
ℹ No downloads are needed
✔ 1 pkg + 99 deps: kept 99 [3.3s]
Installing edgeR...
 
  
ℹ No downloads are needed
✔ 1 pkg + 4 deps: kept 5 [1.1s]
Installing effects...
 
→ Will install 3 packages.
→ Will download 3 CRAN packages (4.58 MB).
+ effects        4.2-4 [bld][dl] (2.21 MB)
+ estimability   1.5.1 [bld][dl] (15.97 kB)
+ survey         4.4-8 [bld][cmp][dl] (2.35 MB)
✔ All system requirements are already installed.
  
ℹ Getting 3 pkgs (4.58 MB)
✔ Got estimability 1.5.1 (source) (15.97 kB)
✔ Got effects 4.2-4 (source) (2.21 MB)
✔ Got survey 4.4-8 (source) (2.35 MB)
ℹ Building estimability 1.5.1
ℹ Building survey 4.4-8
✔ Built estimability 1.5.1 (1.1s)
✔ Installed estimability 1.5.1  (1.1s)
✔ Built survey 4.4-8 (27.4s)
✔ Installed survey 4.4-8  (398ms)
ℹ Building effects 4.2-4
✔ Built effects 4.2-4 (6s)
✔ Installed effects 4.2-4  (211ms)
✔ 1 pkg + 24 deps: kept 21, added 3, dld 3 (4.58 MB) [37s]
Installing effectsize...
 
  
ℹ No downloads are needed
✔ 1 pkg + 5 deps: kept 6 [1.1s]
Installing egg...
 
→ Will install 1 package.
→ Will download 1 CRAN package (1.04 MB).
+ egg   0.4.5 [bld][dl] (1.04 MB)
  
ℹ Getting 1 pkg (1.04 MB)
✔ Got egg 0.4.5 (source) (1.04 MB)
ℹ Building egg 0.4.5
✔ Built egg 0.4.5 (4.4s)
✔ Installed egg 0.4.5  (208ms)
✔ 1 pkg + 17 deps: kept 17, added 1, dld 1 (1.04 MB) [6.8s]
Installing EGSEA...
 
→ Will install 21 packages.
→ Will download 7 CRAN packages (6.17 MB), cached: 14 (0 B).
+ EGSEA            1.38.0 [bld]
+ EGSEAdata        1.38.0 [bld]
+ gage             2.60.0 [bld]
+ globaltest       5.64.0 [bld]
+ hgu133a.db       3.13.0 [bld]
+ hgu133plus2.db   3.13.0 [bld]
+ HTMLUtils        0.1.9  [bld][dl] (55.95 kB)
+ mathjaxr         2.0-0  [bld][dl] (3.11 MB)
+ metap            1.13   [bld][dl] (942.45 kB)
+ multtest         2.66.0 [bld][cmp]
+ mutoss           0.1-13 [bld][dl] (907.57 kB)
+ org.Hs.eg.db     3.22.0 [bld]
+ org.Mm.eg.db     3.22.0 [bld]
+ org.Rn.eg.db     3.22.0 [bld]
+ PADOG            1.52.0 [bld]
+ pathview         1.50.0 [bld]
+ R2HTML           2.3.4  [bld][dl] (316.60 kB)
+ safe             3.50.0 [bld]
+ sn               2.1.1  [bld][dl] (827.06 kB)
+ TFisher          0.2.0  [bld][dl] (10.72 kB)
+ topGO            2.62.0 [bld]
✔ All system requirements are already installed.
  
ℹ Getting 7 pkgs (6.17 MB), 14 cached
✔ Got HTMLUtils 0.1.9 (source) (55.95 kB)
✔ Got metap 1.13 (source) (942.45 kB)
✔ Got TFisher 0.2.0 (source) (10.72 kB)
✔ Got mutoss 0.1-13 (source) (907.57 kB)
✔ Got sn 2.1.1 (source) (827.06 kB)
✔ Got globaltest 5.64.0 (source) (575.66 kB)
✔ Got PADOG 1.52.0 (source) (378.80 kB)
✔ Got EGSEA 1.38.0 (source) (2.21 MB)
✔ Got multtest 2.66.0 (source) (1.30 MB)
✔ Got R2HTML 2.3.4 (source) (316.60 kB)
✔ Got mathjaxr 2.0-0 (source) (3.11 MB)
✔ Got pathview 1.50.0 (source) (2.69 MB)
✔ Got gage 2.60.0 (source) (4.54 MB)
✔ Got hgu133plus2.db 3.13.0 (source) (2.24 MB)
✔ Got safe 3.50.0 (source) (732.46 kB)
✔ Got hgu133a.db 3.13.0 (source) (950.93 kB)
✔ Got topGO 2.62.0 (source) (2.50 MB)
✔ Got org.Rn.eg.db 3.22.0 (source) (63.11 MB)
✔ Got EGSEAdata 1.38.0 (source) (69.81 MB)
✔ Got org.Mm.eg.db 3.22.0 (source) (92.82 MB)
ℹ Building mathjaxr 2.0-0
ℹ Building R2HTML 2.3.4
ℹ Building sn 2.1.1
ℹ Building gage 2.60.0
ℹ Building globaltest 5.64.0
ℹ Building multtest 2.66.0
ℹ Building safe 3.50.0
ℹ Building topGO 2.62.0
ℹ Building org.Hs.eg.db 3.22.0
ℹ Building org.Mm.eg.db 3.22.0
ℹ Building org.Rn.eg.db 3.22.0
ℹ Building EGSEAdata 1.38.0
✔ Built mathjaxr 2.0-0 (6.7s)
✔ Installed mathjaxr 2.0-0  (1s)
✔ Built R2HTML 2.3.4 (10.5s)
✔ Installed R2HTML 2.3.4  (410ms)
ℹ Building HTMLUtils 0.1.9
✔ Built HTMLUtils 0.1.9 (3.5s)
✔ Installed HTMLUtils 0.1.9  (302ms)
✔ Built EGSEAdata 1.38.0 (17s)
✔ Installed EGSEAdata 1.38.0  (1.4s)
✔ Built multtest 2.66.0 (23.2s)
✔ Installed multtest 2.66.0  (185ms)
ℹ Building mutoss 0.1-13
✔ Built gage 2.60.0 (24.1s)
✔ Installed gage 2.60.0  (308ms)
✔ Built safe 3.50.0 (24.6s)
✔ Installed safe 3.50.0  (202ms)
✔ Built sn 2.1.1 (25.4s)
✔ Installed sn 2.1.1  (224ms)
ℹ Building TFisher 0.2.0
✔ Built topGO 2.62.0 (30.1s)
✔ Installed topGO 2.62.0  (268ms)
✔ Built TFisher 0.2.0 (5.4s)
✔ Installed TFisher 0.2.0  (112ms)
✔ Built mutoss 0.1-13 (9.6s)
✔ Installed mutoss 0.1-13  (246ms)
ℹ Building metap 1.13
✔ Built globaltest 5.64.0 (34.1s)
✔ Installed globaltest 5.64.0  (174ms)
✔ Built metap 1.13 (4.6s)
✔ Installed metap 1.13  (226ms)
✔ Built org.Rn.eg.db 3.22.0 (3m 1.3s)
✔ Installed org.Rn.eg.db 3.22.0  (3.3s)
✔ Built org.Mm.eg.db 3.22.0 (4m 5.6s)
✔ Installed org.Mm.eg.db 3.22.0  (2.9s)
✔ Built org.Hs.eg.db 3.22.0 (4m 21s)
✔ Installed org.Hs.eg.db 3.22.0  (3.6s)
ℹ Building pathview 1.50.0
ℹ Building hgu133a.db 3.13.0
ℹ Building hgu133plus2.db 3.13.0
✔ Built hgu133a.db 3.13.0 (9.3s)
✔ Installed hgu133a.db 3.13.0  (151ms)
✔ Built pathview 1.50.0 (11.8s)
✔ Built hgu133plus2.db 3.13.0 (11.6s)
✔ Installed pathview 1.50.0  (234ms)
✔ Installed hgu133plus2.db 3.13.0  (217ms)
ℹ Building PADOG 1.52.0
✔ Built PADOG 1.52.0 (7.5s)
✔ Installed PADOG 1.52.0  (1.2s)
ℹ Building EGSEA 1.38.0
✔ Built EGSEA 1.38.0 (30.5s)
✔ Installed EGSEA 1.38.0  (214ms)
✔ 1 pkg + 182 deps: kept 161, added 21, dld 20 (250.03 MB) [5m 31.7s]
Installing EGSEAdata...
 
  
ℹ No downloads are needed
✔ 1 pkg: kept 1 [1.1s]
Installing elastic...
 
→ Will install 1 package.
→ Will download 1 CRAN package (1.23 MB).
+ elastic   1.2.0 [bld][dl] (1.23 MB)
✔ All system requirements are already installed.
  
ℹ Getting 1 pkg (1.23 MB)
✔ Got elastic 1.2.0 (source) (1.23 MB)
ℹ Building elastic 1.2.0
✔ Built elastic 1.2.0 (4.3s)
✔ Installed elastic 1.2.0  (305ms)
✔ 1 pkg + 13 deps: kept 12, added 1, dld 1 (1.23 MB) [6.6s]
Installing ellipse...
 
→ Will install 1 package.
→ Will download 1 CRAN package (160.35 kB).
+ ellipse   0.5.0 [bld][dl] (160.35 kB)
  
ℹ Getting 1 pkg (160.35 kB)
✔ Got ellipse 0.5.0 (source) (160.35 kB)
ℹ Building ellipse 0.5.0
✔ Built ellipse 0.5.0 (1.3s)
✔ Installed ellipse 0.5.0  (136ms)
✔ 1 pkg: added 1, dld 1 (160.35 kB) [3.3s]
Installing ellipsis...
 
  
ℹ No downloads are needed
✔ 1 pkg + 1 dep: kept 2 [1.3s]
Installing elliptic...
 
✖ Missing 1 system package. You'll probably need to install it manually:
+ pari-gp  - elliptic
ℹ No downloads are needed
✔ 1 pkg + 1 dep: kept 2 [1.2s]
Installing ellmer...
 
→ Will install 2 packages.
→ Will download 2 CRAN packages (3.16 MB).
+ coro     1.1.0 [bld][dl] (62.51 kB)
+ ellmer   0.4.0 [bld][dl] (3.09 MB)
✔ All system requirements are already installed.
  
ℹ Getting 2 pkgs (3.16 MB)
✔ Got coro 1.1.0 (source) (62.51 kB)
✔ Got ellmer 0.4.0 (source) (3.09 MB)
ℹ Building coro 1.1.0
✔ Built coro 1.1.0 (2s)
✔ Installed coro 1.1.0  (185ms)
ℹ Building ellmer 0.4.0
✔ Built ellmer 0.4.0 (6.1s)
✔ Installed ellmer 0.4.0  (1.3s)
✔ 1 pkg + 26 deps: kept 24, added 2, dld 2 (3.16 MB) [13.1s]
Installing emayili...
 
→ Will install 1 package.
→ Will download 1 CRAN package (282.12 kB).
+ emayili   0.9.3 [bld][dl] (282.12 kB) + ✔ pandoc
✔ All system requirements are already installed.
  
ℹ Getting 1 pkg (282.12 kB)
✔ Got emayili 0.9.3 (source) (282.12 kB)
ℹ Building emayili 0.9.3
✔ Built emayili 0.9.3 (3.6s)
✔ Installed emayili 0.9.3  (192ms)
✔ 1 pkg + 53 deps: kept 52, added 1, dld 1 (282.12 kB) [6s]
Installing emdbook...
 
  
ℹ No downloads are needed
✔ 1 pkg + 10 deps: kept 10 [1.2s]
Installing emmeans...
 
  
ℹ No downloads are needed
✔ 1 pkg + 4 deps: kept 5 [1.3s]
Installing energy...
 
→ Will install 2 packages.
→ Will download 2 CRAN packages (290.44 kB).
+ energy   1.7-12 [bld][cmp][dl] (58.02 kB)
+ gsl      2.1-9  [bld][cmp][dl] (232.42 kB) + ✔ libgsl0-dev
✔ All system requirements are already installed.
  
ℹ Getting 2 pkgs (290.44 kB)
✔ Got energy 1.7-12 (source) (58.02 kB)
✔ Got gsl 2.1-9 (source) (232.42 kB)
ℹ Building gsl 2.1-9
✔ Built gsl 2.1-9 (8.1s)
✔ Installed gsl 2.1-9  (1.2s)
ℹ Building energy 1.7-12
✔ Built energy 1.7-12 (31.8s)
✔ Installed energy 1.7-12  (211ms)
✔ 1 pkg + 3 deps: kept 1, added 2, dld 2 (290.44 kB) [43.6s]
Installing EnhancedVolcano...
 
→ Will install 1 package.
→ The package (0 B) is cached.
+ EnhancedVolcano   1.28.2 [bld]
  
ℹ No downloads are needed, 1 pkg is cached
✔ Got EnhancedVolcano 1.28.2 (source) (9.89 MB)
ℹ Building EnhancedVolcano 1.28.2
✔ Built EnhancedVolcano 1.28.2 (4.3s)
✔ Installed EnhancedVolcano 1.28.2  (232ms)
✔ 1 pkg + 18 deps: kept 17, added 1, dld 1 (9.89 MB) [7.2s]
Installing enrichplot...
 
→ Will install 5 packages.
→ All 5 packages (14.43 MB) are cached.
+ BH           1.90.0-1 [bld]
+ DOSE         4.4.0    [bld]
+ enrichplot   1.30.4   [bld]
+ fgsea        1.36.0   [bld][cmp]
+ scatterpie   0.2.6    [bld]
✔ All system requirements are already installed.
  
ℹ No downloads are needed, 5 pkgs (14.43 MB) are cached
ℹ Building scatterpie 0.2.6
✔ Built scatterpie 0.2.6 (3.7s)
✔ Installed scatterpie 0.2.6  (158ms)
✔ Installed BH 1.90.0-1  (4m 49.5s)
ℹ Building fgsea 1.36.0
✖ Failed to build fgsea 1.36.0 (645ms)
  FAILED: ! error in pak subprocess
Caused by error in `stop_task_build(state, worker)`:
! Failed to build source package fgsea.
Full installation output:
ERROR: dependency ‘BH’ is not available for package ‘fgsea’
Perhaps try a variation of:
install.packages('BH')
* removing ‘/tmp/RtmpGeftmy/pkg-lib1711e114f34912/fgsea’
Installing enrichR...
 
✔ All system requirements are already installed.
  
ℹ No downloads are needed
✔ 1 pkg + 25 deps: kept 26 [1.7s]
Installing EnsDb.Hsapiens.v86...
 
→ Will install 1 package.
→ The package (0 B) is cached.
+ EnsDb.Hsapiens.v86   2.99.0 [bld]
✔ All system requirements are already installed.
  
ℹ No downloads are needed, 1 pkg is cached
✔ Got EnsDb.Hsapiens.v86 2.99.0 (source) (78.18 MB)
ℹ Building EnsDb.Hsapiens.v86 2.99.0
✔ Built EnsDb.Hsapiens.v86 2.99.0 (1m 46.8s)
✔ Installed EnsDb.Hsapiens.v86 2.99.0  (3s)
✔ 1 pkg + 69 deps: kept 69, added 1, dld 1 (78.18 MB) [1m 57.1s]
Installing EnsDb.Mmusculus.v79...
 
→ Will install 1 package.
→ The package (0 B) is cached.
+ EnsDb.Mmusculus.v79   2.99.0 [bld]
✔ All system requirements are already installed.
  
ℹ No downloads are needed, 1 pkg is cached
✔ Got EnsDb.Mmusculus.v79 2.99.0 (source) (46.05 MB)
ℹ Building EnsDb.Mmusculus.v79 2.99.0
✔ Built EnsDb.Mmusculus.v79 2.99.0 (1m 5s)
✔ Installed EnsDb.Mmusculus.v79 2.99.0  (1.7s)
✔ 1 pkg + 69 deps: kept 69, added 1, dld 1 (46.05 MB) [1m 12.4s]
Installing ensembldb...
 
✔ All system requirements are already installed.
  
ℹ No downloads are needed
✔ 1 pkg + 68 deps: kept 69 [2.5s]
Installing entropy...
 
  
ℹ No downloads are needed
✔ 1 pkg: kept 1 [1.3s]
Installing EnvStats...
 
  
ℹ No downloads are needed
✔ 1 pkg + 18 deps: kept 19 [1.5s]
Installing epiR...
 
→ Will install 1 package.
→ Will download 1 CRAN package (3.29 MB).
+ epiR   2.0.89 [bld][dl] (3.29 MB)
✖ Missing 1 system package. You'll probably need to install it manually:
+ libabsl-dev  - s2
ℹ Getting 1 pkg (3.29 MB)
✔ Got epiR 2.0.89 (source) (3.29 MB)
ℹ Building epiR 2.0.89
✔ Built epiR 2.0.89 (18s)
✔ Installed epiR 2.0.89  (298ms)
✔ 1 pkg + 76 deps: kept 75, added 1, dld 1 (3.29 MB) [22.2s]
Installing ergm...
 
✔ All system requirements are already installed.
  
ℹ No downloads are needed
✔ 1 pkg + 34 deps: kept 35 [1.8s]
Installing escape...
 
→ Will install 1 package.
→ The package (0 B) is cached.
+ escape   2.6.1 [bld]
  
ℹ No downloads are needed, 1 pkg is cached
✔ Got escape 2.6.1 (source) (1.68 MB)
ℹ Building escape 2.6.1
✔ Built escape 2.6.1 (14.3s)
✔ Installed escape 2.6.1  (208ms)
✔ 1 pkg + 43 deps: kept 42, added 1, dld 1 (1.68 MB) [18.3s]
Installing esquisse...
 
→ Will install 1 package.
→ Will download 1 CRAN package (2.75 MB).
+ esquisse   2.1.0 [bld][dl] (2.75 MB)
✔ All system requirements are already installed.
  
ℹ Getting 1 pkg (2.75 MB)
✔ Got esquisse 2.1.0 (source) (2.75 MB)
ℹ Building esquisse 2.1.0
✔ Built esquisse 2.1.0 (6.8s)
✔ Installed esquisse 2.1.0  (529ms)
✔ 1 pkg + 93 deps: kept 92, added 1, dld 1 (2.75 MB) [11.6s]
Installing estimability...
 
  
ℹ No downloads are needed
✔ 1 pkg: kept 1 [1.2s]
Installing etrunct...
 
  
ℹ No downloads are needed
✔ 1 pkg: kept 1 [1.3s]
Installing eulerr...
 
→ Will install 1 package.
→ Will download 1 CRAN package (1.27 MB).
+ eulerr   7.0.4 [bld][cmp][dl] (1.27 MB)
  
ℹ Getting 1 pkg (1.27 MB)
✔ Got eulerr 7.0.4 (source) (1.27 MB)
ℹ Building eulerr 7.0.4
✔ Built eulerr 7.0.4 (56s)
✔ Installed eulerr 7.0.4  (343ms)
✔ 1 pkg + 5 deps: kept 4, added 1, dld 1 (1.27 MB) [58.5s]
Installing evaluate...
 
  
ℹ No downloads are needed
✔ 1 pkg: kept 1 [1.1s]
Installing evd...
 
→ Will install 1 package.
→ Will download 1 CRAN package (919.74 kB).
+ evd   2.3-7.1 [bld][cmp][dl] (919.74 kB)
  
ℹ Getting 1 pkg (919.74 kB)
✔ Got evd 2.3-7.1 (source) (919.74 kB)
ℹ Building evd 2.3-7.1
✔ Built evd 2.3-7.1 (10.1s)
✔ Installed evd 2.3-7.1  (213ms)
✔ 1 pkg: added 1, dld 1 (919.74 kB) [13.8s]
Installing EWCE...
  FAILED: ! error in pak subprocess
Caused by error: 
! Could not solve package dependencies:
* EWCE: Can't install dependency orthogene (>= 0.99.8)
* orthogene: Can't install dependency grr
* grr: Can't find package called grr.
Installing ewceData...
 
→ Will install 1 package.
→ The package (0 B) is cached.
+ ewceData   1.18.0 [bld]
✔ All system requirements are already installed.
  
ℹ No downloads are needed, 1 pkg is cached
✔ Got ewceData 1.18.0 (source) (46.45 kB)
ℹ Building ewceData 1.18.0
✔ Built ewceData 1.18.0 (8.1s)
✔ Installed ewceData 1.18.0  (173ms)
✔ 1 pkg + 56 deps: kept 56, added 1, dld 1 (46.45 kB) [10.9s]
Installing Exact...
 
  
ℹ No downloads are needed
✔ 1 pkg + 1 dep: kept 2 [1.2s]
Installing exactRankTests...
 
  
ℹ No downloads are needed
✔ 1 pkg: kept 1 [1.3s]
Installing ExperimentHub...
 
✔ All system requirements are already installed.
  
ℹ No downloads are needed
✔ 1 pkg + 55 deps: kept 56 [2.1s]
Installing expint...
 
  
ℹ No downloads are needed
✔ 1 pkg: kept 1 [1.1s]
Installing expm...
 
  
ℹ No downloads are needed
✔ 1 pkg + 2 deps: kept 3 [1.2s]
Installing extrafont...
 
→ Will install 2 packages.
→ Will download 2 CRAN packages (24.33 kB).
+ extrafont     0.20 [bld][dl] (20.27 kB)
+ extrafontdb   1.1  [bld][dl] (4.06 kB)
  
ℹ Getting 2 pkgs (24.33 kB)
✔ Got extrafontdb 1.1 (source) (4.06 kB)
✔ Got extrafont 0.20 (source) (20.27 kB)
ℹ Building extrafontdb 1.1
✔ Built extrafontdb 1.1 (897ms)
✔ Installed extrafontdb 1.1  (1.1s)
ℹ Building extrafont 0.20
✔ Built extrafont 0.20 (1.2s)
✔ Installed extrafont 0.20  (1.1s)
✔ 1 pkg + 2 deps: kept 1, added 2, dld 2 (24.33 kB) [6.6s]
Installing extrafontdb...
 
  
ℹ No downloads are needed
✔ 1 pkg: kept 1 [1.2s]
Installing factoextra...
 
→ Will install 2 packages.
→ Will download 2 CRAN packages (4.22 MB).
+ factoextra   1.0.7 [bld][dl] (1.39 MB)
+ FactoMineR   2.12  [bld][cmp][dl] (2.84 MB)
✔ All system requirements are already installed.
  
ℹ Getting 2 pkgs (4.22 MB)
✔ Got FactoMineR 2.12 (source) (2.84 MB)
✔ Got factoextra 1.0.7 (source) (1.39 MB)
ℹ Building FactoMineR 2.12
✔ Built FactoMineR 2.12 (20.6s)
✔ Installed FactoMineR 2.12  (1.3s)
ℹ Building factoextra 1.0.7
✔ Built factoextra 1.0.7 (5.5s)
✔ Installed factoextra 1.0.7  (1.1s)
✔ 1 pkg + 122 deps: kept 120, added 2, dld 2 (4.22 MB) [33.8s]
Installing FactoMineR...
 
✔ All system requirements are already installed.
  
ℹ No downloads are needed
✔ 1 pkg + 110 deps: kept 110 [3s]
Installing fANCOVA...
 
→ Will install 1 package.
→ Will download 1 CRAN package (13.83 kB).
+ fANCOVA   0.6-1 [bld][dl] (13.83 kB)
  
ℹ Getting 1 pkg (13.83 kB)
✔ Got fANCOVA 0.6-1 (source) (13.83 kB)
ℹ Building fANCOVA 0.6-1
✔ Built fANCOVA 0.6-1 (1.8s)
✔ Installed fANCOVA 0.6-1  (151ms)
✔ 1 pkg: added 1, dld 1 (13.83 kB) [4.8s]
Installing fansi...
 
  
ℹ No downloads are needed
✔ 1 pkg: kept 1 [1.2s]
Installing farver...
 
  
ℹ No downloads are needed
✔ 1 pkg: kept 1 [1.1s]
Installing fastcluster...
 
  
ℹ No downloads are needed
✔ 1 pkg: kept 1 [1.1s]
Installing fastDummies...
 
✔ All system requirements are already installed.
  
ℹ No downloads are needed
✔ 1 pkg + 13 deps: kept 14 [1.4s]
Installing fastGHQuad...
 
  
ℹ No downloads are needed
✔ 1 pkg + 1 dep: kept 1 [1.3s]
Installing fastICA...
 
  
ℹ No downloads are needed
✔ 1 pkg: kept 1 [1.3s]
Installing fastmap...
 
  
ℹ No downloads are needed
✔ 1 pkg: kept 1 [1.3s]
Installing fastmatch...
 
  
ℹ No downloads are needed
✔ 1 pkg: kept 1 [1.1s]
Installing fauxpas...
 
  
ℹ No downloads are needed
✔ 1 pkg + 3 deps: kept 4 [1.3s]
Installing fBasics...
 
  
ℹ No downloads are needed
✔ 1 pkg + 6 deps: kept 7 [1.3s]
