=== Phase 2: Installing leaf packages (task 1) ===
Package file: /home/domeally/workspaces/vscode-rbioc/slurm_install/pkgs_leaf_001.txt
Library: /packages/singularity/shared_cache/rbioc/rlibs/bioc-3.22
Installing abind...
ℹ Loading metadata database
✔ Loading metadata database ... done

 
  
ℹ No downloads are needed
✔ 1 pkg: kept 1 [4.2s]
Installing acepack...
 
  
ℹ No downloads are needed
✔ 1 pkg: kept 1 [782ms]
Installing actuar...
 
  
ℹ No downloads are needed
✔ 1 pkg + 1 dep: kept 2 [843ms]
Installing ade4...
 
  
ℹ No downloads are needed
✔ 1 pkg + 5 deps: kept 5 [955ms]
Installing adegenet...
 
✔ All system requirements are already installed.
  
ℹ No downloads are needed
✔ 1 pkg + 67 deps: kept 67 [1.7s]
Installing admisc...
 
  
ℹ No downloads are needed
✔ 1 pkg: kept 1 [777ms]
Installing AER...
 
✔ All system requirements are already installed.
  
ℹ No downloads are needed
✔ 1 pkg + 74 deps: kept 74 [1.8s]
Installing affy...
 
  
ℹ No downloads are needed
✔ 1 pkg + 6 deps: kept 7 [891ms]
Installing affyio...
 
  
ℹ No downloads are needed
✔ 1 pkg: kept 1 [786ms]
Installing airway...
 
  
ℹ No downloads are needed
✔ 1 pkg + 17 deps: kept 18 [1.1s]
Installing akima...
 
  
ℹ No downloads are needed
✔ 1 pkg + 2 deps: kept 3 [881ms]
Installing alabaster.base...
 
✔ All system requirements are already installed.
  
ℹ No downloads are needed
✔ 1 pkg + 13 deps: kept 13 [1s]
Installing alabaster.matrix...
 
✔ All system requirements are already installed.
  
ℹ No downloads are needed
✔ 1 pkg + 26 deps: kept 26 [1.2s]
Installing alabaster.ranges...
 
✔ All system requirements are already installed.
  
ℹ No downloads are needed
✔ 1 pkg + 17 deps: kept 17 [1.1s]
Installing alabaster.sce...
 
✔ All system requirements are already installed.
  
ℹ No downloads are needed
✔ 1 pkg + 34 deps: kept 34 [1.5s]
Installing alabaster.schemas...
 
  
ℹ No downloads are needed
✔ 1 pkg: kept 1 [830ms]
Installing alabaster.se...
 
✔ All system requirements are already installed.
  
ℹ No downloads are needed
✔ 1 pkg + 32 deps: kept 32 [1.4s]
Installing ald...
 
  
ℹ No downloads are needed
✔ 1 pkg: kept 1 [1.1s]
Installing ALL...
 
  
ℹ No downloads are needed
✔ 1 pkg + 3 deps: kept 4 [843ms]
Installing Amelia...
 
  
ℹ No downloads are needed
✔ 1 pkg + 3 deps: kept 3 [846ms]
Installing anndata...
 
✔ All system requirements are already installed.
  
ℹ No downloads are needed
✔ 1 pkg + 17 deps: kept 17 [978ms]
Installing annotate...
 
✔ All system requirements are already installed.
  
ℹ No downloads are needed
✔ 1 pkg + 36 deps: kept 37 [1.2s]
Installing AnnotationFilter...
 
  
ℹ No downloads are needed
✔ 1 pkg + 7 deps: kept 8 [933ms]
Installing AnnotationForge...
 
✔ All system requirements are already installed.
  
ℹ No downloads are needed
✔ 1 pkg + 37 deps: kept 38 [1.4s]
Installing anytime...
 
  
ℹ No downloads are needed
✔ 1 pkg + 1 dep: kept 1 [885ms]
Installing aod...
 
  
ℹ No downloads are needed
✔ 1 pkg: kept 1 [846ms]
Installing aorsf...
 
  
ℹ No downloads are needed
✔ 1 pkg + 8 deps: kept 8 [1s]
Installing ape...
 
  
ℹ No downloads are needed
✔ 1 pkg + 4 deps: kept 4 [964ms]
Installing apeglm...
 
  
ℹ No downloads are needed
✔ 1 pkg + 26 deps: kept 26 [1.3s]
Installing aplot...
 
✔ All system requirements are already installed.
  
ℹ No downloads are needed
✔ 1 pkg + 32 deps: kept 33 [1.3s]
Installing archive...
 
✔ All system requirements are already installed.
  
ℹ No downloads are needed
✔ 1 pkg + 10 deps: kept 11 [1s]
Installing aroma.light...
 
  
ℹ No downloads are needed
✔ 1 pkg + 4 deps: kept 5 [904ms]
Installing arrow...
 
✔ All system requirements are already installed.
  
ℹ No downloads are needed
✔ 1 pkg + 13 deps: kept 14 [1.2s]
Installing ash...
 
  
ℹ No downloads are needed
✔ 1 pkg: kept 1 [818ms]
Installing ashr...
 
  
ℹ No downloads are needed
✔ 1 pkg + 9 deps: kept 9 [917ms]
Installing AsioHeaders...
 
  
ℹ No downloads are needed
✔ 1 pkg: kept 1 [752ms]
Installing askpass...
 
  
ℹ No downloads are needed
✔ 1 pkg + 1 dep: kept 2 [807ms]
Installing assert...
 
  
ℹ No downloads are needed
✔ 1 pkg: kept 1 [766ms]
Installing assertthat...
 
  
ℹ No downloads are needed
✔ 1 pkg: kept 1 [816ms]
Installing attempt...
 
  
ℹ No downloads are needed
✔ 1 pkg + 1 dep: kept 2 [859ms]
Installing AUC...
 
  
ℹ No downloads are needed
✔ 1 pkg: kept 1 [809ms]
Installing AUCell...
 
✔ All system requirements are already installed.
  
ℹ No downloads are needed
✔ 1 pkg + 105 deps: kept 105 [2.2s]
Installing audio...
 
  
ℹ No downloads are needed
✔ 1 pkg: kept 1 [811ms]
Installing autometric...
 
  
ℹ No downloads are needed
✔ 1 pkg: kept 1 [821ms]
Installing aws.ec2metadata...
 
✔ All system requirements are already installed.
  
ℹ No downloads are needed
✔ 1 pkg + 2 deps: kept 3 [999ms]
Installing aws.s3...
 
✔ All system requirements are already installed.
  
ℹ No downloads are needed
✔ 1 pkg + 14 deps: kept 15 [1s]
Installing aws.signature...
 
  
ℹ No downloads are needed
✔ 1 pkg + 2 deps: kept 3 [903ms]
Installing AzureAuth...
 
✔ All system requirements are already installed.
  
ℹ No downloads are needed
✔ 1 pkg + 10 deps: kept 11 [1.1s]
Installing AzureCosmosR...
 
✔ All system requirements are already installed.
  
ℹ No downloads are needed
✔ 1 pkg + 19 deps: kept 20 [972ms]
Installing AzureGraph...
 
✔ All system requirements are already installed.
  
ℹ No downloads are needed
✔ 1 pkg + 11 deps: kept 12 [925ms]
Installing AzureRMR...
 
✔ All system requirements are already installed.
  
ℹ No downloads are needed
✔ 1 pkg + 13 deps: kept 14 [1s]
Installing AzureStor...
 
✔ All system requirements are already installed.
  
ℹ No downloads are needed
✔ 1 pkg + 20 deps: kept 21 [1s]
Installing AzureTableStor...
 
✔ All system requirements are already installed.
  
ℹ No downloads are needed
✔ 1 pkg + 21 deps: kept 22 [1.1s]
Installing satijalab/azimuth@243ee5d...
 
✔ All system requirements are already installed.
  
ℹ No downloads are needed
✔ 1 pkg + 215 deps: kept 215 [4.7s]
Installing b64...
 
✔ All system requirements are already installed.
  
ℹ No downloads are needed
✔ 1 pkg: kept 1 [818ms]
Installing babelgene...
 
  
ℹ No downloads are needed
✔ 1 pkg + 15 deps: kept 16 [1.1s]
Installing babelwhale...
 
✔ All system requirements are already installed.
  
ℹ No downloads are needed
✔ 1 pkg + 31 deps: kept 31 [1.4s]
Installing backports...
 
  
ℹ No downloads are needed
✔ 1 pkg: kept 1 [828ms]
Installing base64...
 
✔ All system requirements are already installed.
  
ℹ No downloads are needed
✔ 1 pkg + 3 deps: kept 4 [916ms]
Installing base64enc...
 
  
ℹ No downloads are needed
✔ 1 pkg: kept 1 [865ms]
Installing base64url...
 
  
ℹ No downloads are needed
✔ 1 pkg + 1 dep: kept 2 [1s]
Installing basilisk...
 
✔ All system requirements are already installed.
  
ℹ No downloads are needed
✔ 1 pkg + 14 deps: kept 14 [939ms]
Installing basilisk.utils...
 
  
ℹ No downloads are needed
✔ 1 pkg + 2 deps: kept 3 [882ms]
Installing batchtools...
 
✔ All system requirements are already installed.
  
ℹ No downloads are needed
✔ 1 pkg + 21 deps: kept 22 [1.1s]
Installing bayesm...
 
  
ℹ No downloads are needed
✔ 1 pkg + 1 dep: kept 1 [866ms]
Installing bayesplot...
 
✔ All system requirements are already installed.
  
ℹ No downloads are needed
✔ 1 pkg + 40 deps: kept 40 [1.3s]
Installing bayestestR...
 
  
ℹ No downloads are needed
✔ 1 pkg + 2 deps: kept 3 [989ms]
Installing BayesX...
 
✖ Missing 1 system package. You'll probably need to install it manually:
+ libabsl-dev  - s2
ℹ No downloads are needed
✔ 1 pkg + 21 deps: kept 21 [1.2s]
Installing BBmisc...
 
  
ℹ No downloads are needed
✔ 1 pkg + 3 deps: kept 4 [851ms]
