Installing packages from: /home/domeally/workspaces/vscode-rbioc/slurm_install/pkgs_010.txt
Target library: /packages/singularity/shared_cache/rbioc/rlibs/bioc-3.22
Installing learnr...
ℹ Loading metadata database
✔ Loading metadata database ... done

 
→ Will install 14 packages.
→ Will download 8 CRAN packages (4.06 MB), cached: 6 (3.22 MB).
+ checkmate     2.3.3  [bld][cmp][dl] (261.48 kB)
+ evaluate      1.0.5  [bld]
+ highr         0.11   [bld]
+ htmlwidgets   1.6.4  [bld]
+ knitr         1.51   [bld][dl] (483.74 kB) + ✔ pandoc
+ learnr        0.11.6 [bld][dl] (1.65 MB) + ✔ pandoc
+ litedown      0.9    [bld][dl] (103.18 kB)
+ markdown      2.0    [bld][dl] (23.66 kB)
+ renv          1.1.5  [bld][dl] (1.26 MB)
+ rmarkdown     2.30   [bld] + ✔ pandoc
+ rprojroot     2.1.1  [bld]
+ tinytex       0.58   [bld]
+ xfun          0.55   [bld][cmp][dl] (171.60 kB)
+ yaml          2.3.12 [bld][cmp][dl] (108.97 kB)
✔ All system requirements are already installed.
  
ℹ Getting 8 pkgs (4.06 MB), 6 (3.22 MB) cached
✔ Got knitr 1.51 (source) (483.74 kB)
✔ Got xfun 0.55 (source) (171.60 kB)
✔ Got checkmate 2.3.3 (source) (261.48 kB)
✔ Got learnr 0.11.6 (source) (1.65 MB)
✔ Got markdown 2.0 (source) (23.66 kB)
✔ Got yaml 2.3.12 (source) (108.97 kB)
✔ Got renv 1.1.5 (source) (1.26 MB)
✔ Got litedown 0.9 (source) (103.18 kB)
ℹ Building checkmate 2.3.3
ℹ Building evaluate 1.0.5
ℹ Building renv 1.1.5
ℹ Building rprojroot 2.1.1
ℹ Building xfun 0.55
ℹ Building yaml 2.3.12
✔ Built evaluate 1.0.5 (2s)
✔ Built rprojroot 2.1.1 (2.1s)
✔ Installed evaluate 1.0.5  (204ms)
✔ Installed rprojroot 2.1.1  (212ms)
✔ Built xfun 0.55 (4.9s)
✔ Built checkmate 2.3.3 (5.6s)
✔ Installed xfun 0.55  (262ms)
ℹ Building highr 0.11
ℹ Building litedown 0.9
✔ Installed checkmate 2.3.3  (237ms)
ℹ Building tinytex 0.58
✔ Built yaml 2.3.12 (5.9s)
✔ Installed yaml 2.3.12  (264ms)
✔ Built highr 0.11 (1.2s)
✔ Installed highr 0.11  (170ms)
ℹ Building knitr 1.51
✔ Built tinytex 0.58 (1.7s)
✔ Installed tinytex 0.58  (123ms)
✔ Built litedown 0.9 (3.4s)
✔ Installed litedown 0.9  (1.2s)
ℹ Building markdown 2.0
✔ Built markdown 2.0 (1.1s)
✔ Installed markdown 2.0  (173ms)
✔ Built renv 1.1.5 (12s)
✔ Built knitr 1.51 (5.2s)
✔ Installed renv 1.1.5  (374ms)
✔ Installed knitr 1.51  (1.7s)
ℹ Building rmarkdown 2.30
✔ Built rmarkdown 2.30 (5.1s)
✔ Installed rmarkdown 2.30  (1.1s)
ℹ Building htmlwidgets 1.6.4
✔ Built htmlwidgets 1.6.4 (1.5s)
✔ Installed htmlwidgets 1.6.4  (227ms)
ℹ Building learnr 0.11.6
✔ Built learnr 0.11.6 (3.8s)
✔ Installed learnr 0.11.6  (430ms)
✔ 1 pkg + 44 deps: kept 30, added 14, dld 8 (4.06 MB) [33.5s]
Installing leiden...
 
→ Will install 4 packages.
→ Will download 1 CRAN package (2.86 MB), cached: 3 (1.86 MB).
+ here         1.0.2   [bld]
+ leiden       0.4.3.1 [bld][dl] (2.86 MB)
+ RcppTOML     0.2.3   [bld][cmp]
+ reticulate   1.44.1  [bld][cmp] + ✔ python3
✔ All system requirements are already installed.
  
ℹ Getting 1 pkg (2.86 MB), 3 (1.86 MB) cached
✔ Got leiden 0.4.3.1 (source) (2.86 MB)
ℹ Building RcppTOML 0.2.3
✔ Installed here 1.0.2  (371ms)
✔ Built RcppTOML 0.2.3 (10.9s)
✔ Installed RcppTOML 0.2.3  (434ms)
ℹ Building reticulate 1.44.1
✔ Built reticulate 1.44.1 (21.2s)
✔ Installed reticulate 1.44.1  (318ms)
ℹ Building leiden 0.4.3.1
✔ Built leiden 0.4.3.1 (12.8s)
✔ Installed leiden 0.4.3.1  (226ms)
✔ 1 pkg + 19 deps: kept 15, added 4, dld 1 (2.86 MB) [48.1s]
Installing leidenAlg...
 
→ Will install 20 packages.
→ Will download 4 CRAN packages (2.50 MB), cached: 16 (26.96 MB).
+ BH                 1.90.0-1 [bld]
+ dqrng              0.4.1    [bld][cmp]
+ fastDummies        1.7.5    [bld]
+ leidenAlg          1.1.5    [bld][cmp][dl] (1.67 MB) + ✔ libglpk-dev, ✔ make, ✔ libxml2-dev
+ pbmcapply          1.5.1    [bld][cmp][dl] (8.09 kB)
+ plotly             4.11.0   [bld]
+ pROC               1.19.0.1 [bld][cmp][dl] (449.57 kB)
+ RcppAnnoy          0.0.22   [bld][cmp]
+ RcppHNSW           0.6.0    [bld][cmp]
+ RSpectra           0.16-2   [bld][cmp]
+ Rtsne              0.17     [bld][cmp]
+ sccore             1.0.6    [bld][cmp][dl] (379.33 kB)
+ sctransform        0.4.2    [bld][cmp]
+ Seurat             5.4.0    [bld][cmp]
+ SeuratObject       5.3.0    [bld][cmp]
+ spam               2.11-1   [bld][cmp]
+ spatstat.explore   3.6-0    [bld][cmp]
+ spatstat.geom      3.6-1    [bld][cmp]
+ spatstat.random    3.4-3    [bld][cmp]
+ uwot               0.2.4    [bld][cmp]
✔ All system requirements are already installed.
  
ℹ Getting 4 pkgs (2.50 MB), 16 (26.96 MB) cached
✔ Got pbmcapply 1.5.1 (source) (8.09 kB)
✔ Got pROC 1.19.0.1 (source) (449.57 kB)
✔ Got sccore 1.0.6 (source) (379.33 kB)
✔ Got leidenAlg 1.1.5 (source) (1.67 MB)
ℹ Building fastDummies 1.7.5
ℹ Building pbmcapply 1.5.1
ℹ Building plotly 4.11.0
ℹ Building pROC 1.19.0.1
ℹ Building RcppAnnoy 0.0.22
ℹ Building RcppHNSW 0.6.0
ℹ Building RSpectra 0.16-2
ℹ Building Rtsne 0.17
ℹ Building sctransform 0.4.2
ℹ Building spam 2.11-1
ℹ Building spatstat.geom 3.6-1
✔ Built fastDummies 1.7.5 (2.4s)
✔ Installed fastDummies 1.7.5  (196ms)
✔ Built pbmcapply 1.5.1 (2.8s)
✔ Installed pbmcapply 1.5.1  (165ms)
✔ Built plotly 4.11.0 (20.5s)
✔ Installed plotly 4.11.0  (1.1s)
✔ Built pROC 1.19.0.1 (23.3s)
✔ Installed pROC 1.19.0.1  (197ms)
✔ Built Rtsne 0.17 (28.8s)
✔ Installed Rtsne 0.17  (227ms)
✔ Built RcppHNSW 0.6.0 (36s)
✔ Installed RcppHNSW 0.6.0  (349ms)
✔ Built spam 2.11-1 (40.2s)
✔ Installed spam 2.11-1  (405ms)
ℹ Building SeuratObject 5.3.0
✔ Built sctransform 0.4.2 (46.1s)
✔ Installed sctransform 0.4.2  (265ms)
✔ Built RcppAnnoy 0.0.22 (48.4s)
✔ Installed RcppAnnoy 0.0.22  (416ms)
✔ Built spatstat.geom 3.6-1 (50.1s)
✔ Installed spatstat.geom 3.6-1  (314ms)
ℹ Building spatstat.random 3.4-3
✔ Installed BH 1.90.0-1  (4m 49.4s)
ℹ Building dqrng 0.4.1
✔ Built SeuratObject 5.3.0 (4m 8.8s)
✔ Built spatstat.random 3.4-3 (3m 59.1s)
✖ Failed to build dqrng 0.4.1 (303ms)
  FAILED: ! error in pak subprocess
Caused by error in `stop_task_build(state, worker)`:
! Failed to build source package dqrng.
Full installation output:
ERROR: dependency ‘BH’ is not available for package ‘dqrng’
Perhaps try a variation of:
install.packages('BH')
* removing ‘/tmp/RtmpAC1Tab/pkg-lib19a06a2415c828/dqrng’
Installing leidenbase...
 
→ Will install 1 package.
→ Will download 1 CRAN package (3.78 MB).
+ leidenbase   0.1.36 [bld][cmp][dl] (3.78 MB)
✔ All system requirements are already installed.
  
ℹ Getting 1 pkg (3.78 MB)
✔ Got leidenbase 0.1.36 (source) (3.78 MB)
ℹ Building leidenbase 0.1.36
✔ Built leidenbase 0.1.36 (1m 41.8s)
✔ Installed leidenbase 0.1.36  (319ms)
✔ 1 pkg + 10 deps: kept 10, added 1, dld 1 (3.78 MB) [1m 44.7s]
Installing lfda...
 
→ Will install 3 packages.
→ Will download 2 CRAN packages (23.97 kB), cached: 1 (128.03 kB).
+ lfda       1.1.3  [bld][dl] (14.11 kB)
+ rARPACK    0.11-0 [bld][dl] (9.86 kB)
+ RSpectra   0.16-2 [bld][cmp]
  
ℹ Getting 2 pkgs (23.97 kB), 1 (128.03 kB) cached
✔ Got lfda 1.1.3 (source) (14.11 kB)
✔ Got rARPACK 0.11-0 (source) (9.86 kB)
ℹ Building RSpectra 0.16-2
✔ Built RSpectra 0.16-2 (1m 45.3s)
✔ Installed RSpectra 0.16-2  (1.8s)
ℹ Building rARPACK 0.11-0
✔ Built rARPACK 0.11-0 (2s)
✔ Installed rARPACK 0.11-0  (126ms)
ℹ Building lfda 1.1.3
✔ Built lfda 1.1.3 (2.8s)
✔ Installed lfda 1.1.3  (114ms)
✔ 1 pkg + 7 deps: kept 4, added 3, dld 2 (23.97 kB) [1m 54.2s]
Installing lfe...
 
→ Will install 1 package.
→ Will download 1 CRAN package (1.13 MB).
+ lfe   3.1.1 [bld][cmp][dl] (1.13 MB)
  
ℹ Getting 1 pkg (1.13 MB)
✔ Got lfe 3.1.1 (source) (1.13 MB)
ℹ Building lfe 3.1.1
✔ Built lfe 3.1.1 (6.7s)
✔ Installed lfe 3.1.1  (213ms)
✔ 1 pkg + 6 deps: kept 6, added 1, dld 1 (1.13 MB) [9.1s]
Installing lgr...
 
→ Will install 1 package.
→ Will download 1 CRAN package (585.65 kB).
+ lgr   0.5.0 [bld][dl] (585.65 kB)
  
ℹ Getting 1 pkg (585.65 kB)
✔ Got lgr 0.5.0 (source) (585.65 kB)
ℹ Building lgr 0.5.0
✔ Built lgr 0.5.0 (6.9s)
✔ Installed lgr 0.5.0  (197ms)
✔ 1 pkg + 1 dep: kept 1, added 1, dld 1 (585.65 kB) [8.4s]
Installing lhs...
 
  
ℹ No downloads are needed
✔ 1 pkg + 1 dep: kept 1 [793ms]
Installing libcoin...
 
  
ℹ No downloads are needed
✔ 1 pkg + 1 dep: kept 2 [790ms]
Installing lifecycle...
 
  
ℹ No downloads are needed
✔ 1 pkg + 3 deps: kept 4 [822ms]
Installing limma...
 
  
ℹ No downloads are needed
✔ 1 pkg + 1 dep: kept 2 [781ms]
Installing limSolve...
 
→ Will install 1 package.
→ Will download 1 CRAN package (729.38 kB).
+ limSolve   2.0.1 [bld][cmp][dl] (729.38 kB)
  
ℹ Getting 1 pkg (729.38 kB)
✔ Got limSolve 2.0.1 (source) (729.38 kB)
ℹ Building limSolve 2.0.1
✔ Built limSolve 2.0.1 (4.3s)
✔ Installed limSolve 2.0.1  (181ms)
✔ 1 pkg + 3 deps: kept 3, added 1, dld 1 (729.38 kB) [5.8s]
Installing linprog...
 
  
ℹ No downloads are needed
✔ 1 pkg + 1 dep: kept 2 [1.1s]
Installing lintr...
 
✔ All system requirements are already installed.
  
ℹ No downloads are needed
✔ 1 pkg + 15 deps: kept 16 [1s]
Installing listenv...
 
  
ℹ No downloads are needed
✔ 1 pkg: kept 1 [622ms]
Installing listviewer...
 
→ Will install 1 package.
→ Will download 1 CRAN package (477.04 kB).
+ listviewer   4.0.0 [bld][dl] (477.04 kB)
✔ All system requirements are already installed.
  
ℹ Getting 1 pkg (477.04 kB)
✔ Got listviewer 4.0.0 (source) (477.04 kB)
ℹ Building listviewer 4.0.0
✔ Built listviewer 4.0.0 (1.2s)
✔ Installed listviewer 4.0.0  (203ms)
✔ 1 pkg + 38 deps: kept 37, added 1, dld 1 (477.04 kB) [3.5s]
Installing litedown...
 
  
ℹ No downloads are needed
✔ 1 pkg + 2 deps: kept 3 [775ms]
Installing littler...
 
→ Will install 1 package.
→ Will download 1 CRAN package (129.86 kB).
+ littler   0.3.21 [bld][cmp][dl] (129.86 kB)
  
ℹ Getting 1 pkg (129.86 kB)
✔ Got littler 0.3.21 (source) (129.86 kB)
ℹ Building littler 0.3.21
✔ Built littler 0.3.21 (2.7s)
✔ Installed littler 0.3.21  (417ms)
✔ 1 pkg: added 1, dld 1 (129.86 kB) [4.7s]
Installing lm.beta...
 
→ Will install 1 package.
→ Will download 1 CRAN package (228.59 kB).
+ lm.beta   1.7-3 [bld][dl] (228.59 kB)
  
ℹ Getting 1 pkg (228.59 kB)
✔ Got lm.beta 1.7-3 (source) (228.59 kB)
ℹ Building lm.beta 1.7-3
✔ Built lm.beta 1.7-3 (783ms)
✔ Installed lm.beta 1.7-3  (131ms)
✔ 1 pkg + 1 dep: kept 1, added 1, dld 1 (228.59 kB) [2.2s]
Installing lmds...
 
✔ All system requirements are already installed.
  
ℹ No downloads are needed
✔ 1 pkg + 28 deps: kept 28 [1.2s]
Installing lme4...
 
✔ All system requirements are already installed.
  
ℹ No downloads are needed
✔ 1 pkg + 12 deps: kept 12 [1s]
Installing lmerTest...
 
→ Will install 1 package.
→ Will download 1 CRAN package (195.63 kB).
+ lmerTest   3.1-3 [bld][dl] (195.63 kB)
✔ All system requirements are already installed.
  
ℹ Getting 1 pkg (195.63 kB)
✔ Got lmerTest 3.1-3 (source) (195.63 kB)
ℹ Building lmerTest 3.1-3
✔ Built lmerTest 3.1-3 (5.6s)
✔ Installed lmerTest 3.1-3  (158ms)
✔ 1 pkg + 29 deps: kept 28, added 1, dld 1 (195.63 kB) [7.6s]
Installing lmodel2...
 
→ Will install 1 package.
→ Will download 1 CRAN package (326.18 kB).
+ lmodel2   1.7-4 [bld][dl] (326.18 kB)
  
ℹ Getting 1 pkg (326.18 kB)
✔ Got lmodel2 1.7-4 (source) (326.18 kB)
ℹ Building lmodel2 1.7-4
✔ Built lmodel2 1.7-4 (951ms)
✔ Installed lmodel2 1.7-4  (150ms)
✔ 1 pkg: added 1, dld 1 (326.18 kB) [2.7s]
Installing lmom...
 
→ Will install 1 package.
→ Will download 1 CRAN package (354.61 kB).
+ lmom   3.2 [bld][cmp][dl] (354.61 kB)
  
ℹ Getting 1 pkg (354.61 kB)
✔ Got lmom 3.2 (source) (354.61 kB)
ℹ Building lmom 3.2
✔ Built lmom 3.2 (3.3s)
✔ Installed lmom 3.2  (124ms)
✔ 1 pkg: added 1, dld 1 (354.61 kB) [5.2s]
Installing lmtest...
 
  
ℹ No downloads are needed
✔ 1 pkg + 2 deps: kept 3 [833ms]
Installing lobstr...
 
  
ℹ No downloads are needed
✔ 1 pkg + 3 deps: kept 4 [1s]
Installing locatexec...
 
→ Will install 1 package.
→ Will download 1 CRAN package (11.06 kB).
+ locatexec   0.1.1 [bld][dl] (11.06 kB)
  
ℹ Getting 1 pkg (11.06 kB)
✔ Got locatexec 0.1.1 (source) (11.06 kB)
ℹ Building locatexec 0.1.1
✔ Built locatexec 0.1.1 (942ms)
✔ Installed locatexec 0.1.1  (117ms)
✔ 1 pkg: added 1, dld 1 (11.06 kB) [2.4s]
Installing locfdr...
 
→ Will install 1 package.
→ Will download 1 CRAN package (261.76 kB).
+ locfdr   1.1-8 [bld][dl] (261.76 kB)
  
ℹ Getting 1 pkg (261.76 kB)
✔ Got locfdr 1.1-8 (source) (261.76 kB)
ℹ Building locfdr 1.1-8
✔ Built locfdr 1.1-8 (1.1s)
✔ Installed locfdr 1.1-8  (144ms)
✔ 1 pkg: added 1, dld 1 (261.76 kB) [2.6s]
Installing locfit...
 
  
ℹ No downloads are needed
✔ 1 pkg + 1 dep: kept 2 [919ms]
Installing logger...
 
→ Will install 1 package.
→ Will download 1 CRAN package (685.88 kB).
+ logger   0.4.1 [bld][dl] (685.88 kB)
  
ℹ Getting 1 pkg (685.88 kB)
✔ Got logger 0.4.1 (source) (685.88 kB)
ℹ Building logger 0.4.1
✔ Built logger 0.4.1 (1.6s)
✔ Installed logger 0.4.1  (288ms)
✔ 1 pkg: added 1, dld 1 (685.88 kB) [3.4s]
Installing logging...
 
  
ℹ No downloads are needed
✔ 1 pkg: kept 1 [823ms]
Installing logitr...
 
→ Will install 1 package.
→ Will download 1 CRAN package (3.70 MB).
+ logitr   1.1.3 [bld][dl] (3.70 MB)
✔ All system requirements are already installed.
  
ℹ Getting 1 pkg (3.70 MB)
✔ Got logitr 1.1.3 (source) (3.70 MB)
ℹ Building logitr 1.1.3
✔ Built logitr 1.1.3 (2.8s)
✔ Installed logitr 1.1.3  (1.4s)
✔ 1 pkg + 15 deps: kept 15, added 1, dld 1 (3.70 MB) [6s]
Installing loo...
 
✔ All system requirements are already installed.
  
ℹ No downloads are needed
✔ 1 pkg + 19 deps: kept 20 [1s]
Installing LoomExperiment...
 
→ Will install 1 package.
→ The package (0 B) is cached.
+ LoomExperiment   1.28.0 [bld]
✔ All system requirements are already installed.
  
ℹ No downloads are needed, 1 pkg is cached
✔ Got LoomExperiment 1.28.0 (source) (259.82 kB)
ℹ Building LoomExperiment 1.28.0
✔ Built LoomExperiment 1.28.0 (15.5s)
✔ Installed LoomExperiment 1.28.0  (164ms)
✔ 1 pkg + 32 deps: kept 32, added 1, dld 1 (259.82 kB) [18.4s]
Installing lpSolve...
 
  
ℹ No downloads are needed
✔ 1 pkg: kept 1 [1.1s]
Installing lpSolveAPI...
 
→ Will install 1 package.
→ Will download 1 CRAN package (493.13 kB).
+ lpSolveAPI   5.5.2.0-17.14 [bld][cmp][dl] (493.13 kB)
  
ℹ Getting 1 pkg (493.13 kB)
✔ Got lpSolveAPI 5.5.2.0-17.14 (source) (493.13 kB)
ℹ Building lpSolveAPI 5.5.2.0-17.14
✔ Built lpSolveAPI 5.5.2.0-17.14 (16.7s)
✔ Installed lpSolveAPI 5.5.2.0-17.14  (348ms)
✔ 1 pkg: added 1, dld 1 (493.13 kB) [18.7s]
Installing lqmm...
 
→ Will install 2 packages.
→ Will download 2 CRAN packages (206.60 kB).
+ lqmm         1.5.8 [bld][cmp][dl] (59.22 kB)
+ SparseGrid   0.8.2 [bld][dl] (147.38 kB)
  
ℹ Getting 2 pkgs (206.60 kB)
✔ Got lqmm 1.5.8 (source) (59.22 kB)
✔ Got SparseGrid 0.8.2 (source) (147.38 kB)
ℹ Building SparseGrid 0.8.2
✔ Built SparseGrid 0.8.2 (1s)
✔ Installed SparseGrid 0.8.2  (212ms)
ℹ Building lqmm 1.5.8
✔ Built lqmm 1.5.8 (2.8s)
✔ Installed lqmm 1.5.8  (135ms)
✔ 1 pkg + 3 deps: kept 2, added 2, dld 2 (206.60 kB) [6.2s]
Installing lqr...
 
→ Will install 4 packages.
→ All 4 packages (14.52 MB) are cached.
+ BH          1.90.0-1 [bld]
+ lqr         5.2      [bld]
+ MomTrunc    6.1      [bld][cmp]
+ tlrmvnmvt   1.1.2.1  [bld][cmp]
✖ Missing 1 system package. You'll probably need to install it manually:
+ pari-gp  - elliptic
ℹ No downloads are needed, 4 pkgs (14.52 MB) are cached
✔ Installed BH 1.90.0-1  (1m 39.2s)
ℹ Building tlrmvnmvt 1.1.2.1
✖ Failed to build tlrmvnmvt 1.1.2.1 (184ms)
  FAILED: ! error in pak subprocess
Caused by error in `stop_task_build(state, worker)`:
! Failed to build source package tlrmvnmvt.
Full installation output:
ERROR: dependency ‘BH’ is not available for package ‘tlrmvnmvt’
Perhaps try a variation of:
install.packages('BH')
* removing ‘/tmp/RtmpAC1Tab/pkg-lib19a06a2975d232/tlrmvnmvt’
Installing lsa...
 
→ Will install 1 package.
→ Will download 1 CRAN package (121.75 kB).
+ lsa   0.73.3 [bld][dl] (121.75 kB)
  
ℹ Getting 1 pkg (121.75 kB)
✔ Got lsa 0.73.3 (source) (121.75 kB)
ℹ Building lsa 0.73.3
✔ Built lsa 0.73.3 (1.3s)
✔ Installed lsa 0.73.3  (1.2s)
✔ 1 pkg + 1 dep: kept 1, added 1, dld 1 (121.75 kB) [3.9s]
Installing lsmeans...
 
→ Will install 2 packages.
→ Will download 2 CRAN packages (2.74 MB).
+ emmeans   2.0.1  [bld][dl] (2.73 MB)
+ lsmeans   2.30-2 [bld][dl] (16.14 kB)
  
ℹ Getting 2 pkgs (2.74 MB)
✔ Got lsmeans 2.30-2 (source) (16.14 kB)
✔ Got emmeans 2.0.1 (source) (2.73 MB)
ℹ Building emmeans 2.0.1
✔ Built emmeans 2.0.1 (8.5s)
✔ Installed emmeans 2.0.1  (423ms)
ℹ Building lsmeans 2.30-2
✔ Built lsmeans 2.30-2 (2.5s)
✔ Installed lsmeans 2.30-2  (107ms)
✔ 1 pkg + 5 deps: kept 4, added 2, dld 2 (2.74 MB) [13.2s]
Installing lubridate...
 
  
ℹ No downloads are needed
✔ 1 pkg + 2 deps: kept 3 [843ms]
Installing lwgeom...
 
✖ Missing 1 system package. You'll probably need to install it manually:
+ libabsl-dev  - s2
ℹ No downloads are needed
✔ 1 pkg + 13 deps: kept 13 [1s]
Installing magic...
 
  
ℹ No downloads are needed
✔ 1 pkg + 1 dep: kept 2 [888ms]
Installing magick...
 
✔ All system requirements are already installed.
  
ℹ No downloads are needed
✔ 1 pkg + 3 deps: kept 3 [815ms]
Installing magrittr...
 
  
ℹ No downloads are needed
✔ 1 pkg: kept 1 [788ms]
Installing mallet...
 
→ Will install 1 package.
→ Will download 1 CRAN package (3.81 MB).
+ mallet   1.3.0 [bld][dl] (3.81 MB) + ✔ default-jdk
✔ All system requirements are already installed.
  
ℹ Getting 1 pkg (3.81 MB)
✔ Got mallet 1.3.0 (source) (3.81 MB)
ℹ Building mallet 1.3.0
✔ Built mallet 1.3.0 (2s)
✔ Installed mallet 1.3.0  (208ms)
✔ 1 pkg + 3 deps: kept 3, added 1, dld 1 (3.81 MB) [3.8s]
Installing mapdata...
 
→ Will install 1 package.
→ Will download 1 CRAN package (13.62 MB).
+ mapdata   2.3.1 [bld][cmp][dl] (13.62 MB)
  
ℹ Getting 1 pkg (13.62 MB)
✔ Got mapdata 2.3.1 (source) (13.62 MB)
ℹ Building mapdata 2.3.1
✔ Built mapdata 2.3.1 (7.8s)
✔ Installed mapdata 2.3.1  (577ms)
✔ 1 pkg + 1 dep: kept 1, added 1, dld 1 (13.62 MB) [11.3s]
Installing mapproj...
 
→ Will install 1 package.
→ Will download 1 CRAN package (25.96 kB).
+ mapproj   1.2.12 [bld][cmp][dl] (25.96 kB)
  
ℹ Getting 1 pkg (25.96 kB)
✔ Got mapproj 1.2.12 (source) (25.96 kB)
ℹ Building mapproj 1.2.12
✔ Built mapproj 1.2.12 (2.7s)
✔ Installed mapproj 1.2.12  (110ms)
✔ 1 pkg + 1 dep: kept 1, added 1, dld 1 (25.96 kB) [4.2s]
Installing maps...
 
  
ℹ No downloads are needed
✔ 1 pkg: kept 1 [801ms]
Installing marginaleffects...
 
→ Will install 1 package.
→ Will download 1 CRAN package (1.56 MB).
+ marginaleffects   0.31.0 [bld][dl] (1.56 MB)
  
ℹ Getting 1 pkg (1.56 MB)
✔ Got marginaleffects 0.31.0 (source) (1.56 MB)
ℹ Building marginaleffects 0.31.0
✔ Built marginaleffects 0.31.0 (6.7s)
✔ Installed marginaleffects 0.31.0  (197ms)
✔ 1 pkg + 7 deps: kept 7, added 1, dld 1 (1.56 MB) [8.4s]
Installing markdown...
 
  
ℹ No downloads are needed
✔ 1 pkg + 3 deps: kept 4 [1.2s]
Installing MAST...
 
→ Will install 1 package.
→ The package (0 B) is cached.
+ MAST   1.36.0 [bld]
✔ All system requirements are already installed.
  
ℹ No downloads are needed, 1 pkg is cached
✔ Got MAST 1.36.0 (source) (7.61 MB)
ℹ Building MAST 1.36.0
✔ Built MAST 1.36.0 (22.5s)
✔ Installed MAST 1.36.0  (268ms)
✔ 1 pkg + 46 deps: kept 45, added 1, dld 1 (7.61 MB) [25.7s]
Installing MatchIt...
 
→ Will install 1 package.
→ The package (1.51 MB) is cached.
+ MatchIt   4.7.2 [bld][cmp]
  
ℹ No downloads are needed, 1 pkg (1.51 MB) is cached
ℹ Building MatchIt 4.7.2
✔ Built MatchIt 4.7.2 (1m 0.4s)
✔ Installed MatchIt 4.7.2  (337ms)
✔ 1 pkg + 8 deps: kept 7, added 1 [1m 2s]
Installing mathjaxr...
 
  
ℹ No downloads are needed
✔ 1 pkg: kept 1 [831ms]
Installing matrixcalc...
 
  
ℹ No downloads are needed
✔ 1 pkg: kept 1 [814ms]
Installing MatrixExtra...
 
→ Will install 1 package.
→ The package (213.13 kB) is cached.
+ MatrixExtra   0.1.15 [bld][cmp]
  
ℹ No downloads are needed, 1 pkg (213.13 kB) is cached
ℹ Building MatrixExtra 0.1.15
✔ Built MatrixExtra 0.1.15 (1m 0.4s)
✔ Installed MatrixExtra 0.1.15  (335ms)
✔ 1 pkg + 5 deps: kept 4, added 1 [1m 2s]
Installing MatrixGenerics...
 
  
ℹ No downloads are needed
✔ 1 pkg + 1 dep: kept 2 [1s]
Installing MatrixModels...
 
  
ℹ No downloads are needed
✔ 1 pkg + 2 deps: kept 3 [1.2s]
Installing matrixStats...
 
  
ℹ No downloads are needed
✔ 1 pkg: kept 1 [712ms]
Installing maxLik...
 
  
ℹ No downloads are needed
✔ 1 pkg + 6 deps: kept 7 [894ms]
Installing maxstat...
 
  
ℹ No downloads are needed
✔ 1 pkg + 2 deps: kept 3 [842ms]
Installing mboost...
 
  
ℹ No downloads are needed
✔ 1 pkg + 12 deps: kept 13 [868ms]
Installing mclust...
 
  
ℹ No downloads are needed
✔ 1 pkg: kept 1 [720ms]
Installing MCMCprecision...
 
→ Will install 1 package.
→ The package (391.20 kB) is cached.
+ MCMCprecision   0.4.2 [bld][cmp]
  
ℹ No downloads are needed, 1 pkg (391.20 kB) is cached
ℹ Building MCMCprecision 0.4.2
✔ Built MCMCprecision 0.4.2 (45.1s)
✔ Installed MCMCprecision 0.4.2  (1.3s)
✔ 1 pkg + 7 deps: kept 6, added 1 [47.6s]
Installing mda...
 
→ Will install 1 package.
→ Will download 1 CRAN package (783.34 kB).
+ mda   0.5-5 [bld][cmp][dl] (783.34 kB)
  
ℹ Getting 1 pkg (783.34 kB)
✔ Got mda 0.5-5 (source) (783.34 kB)
ℹ Building mda 0.5-5
✔ Built mda 0.5-5 (3.3s)
✔ Installed mda 0.5-5  (1.2s)
✔ 1 pkg + 2 deps: kept 2, added 1, dld 1 (783.34 kB) [6.4s]
Installing medExtractR...
 
→ Will install 1 package.
→ Will download 1 CRAN package (1.30 MB).
+ medExtractR   0.4.1 [bld][dl] (1.30 MB)
✔ All system requirements are already installed.
  
ℹ Getting 1 pkg (1.30 MB)
✔ Got medExtractR 0.4.1 (source) (1.30 MB)
ℹ Building medExtractR 0.4.1
✔ Built medExtractR 0.4.1 (2.5s)
✔ Installed medExtractR 0.4.1  (281ms)
✔ 1 pkg + 8 deps: kept 8, added 1, dld 1 (1.30 MB) [4.7s]
Installing mediation...
 
→ Will install 1 package.
→ Will download 1 CRAN package (1.27 MB).
+ mediation   4.5.1 [bld][dl] (1.27 MB)
✔ All system requirements are already installed.
  
ℹ Getting 1 pkg (1.27 MB)
✔ Got mediation 4.5.1 (source) (1.27 MB)
ℹ Building mediation 4.5.1
✔ Built mediation 4.5.1 (8.7s)
✔ Installed mediation 4.5.1  (170ms)
✔ 1 pkg + 70 deps: kept 69, added 1, dld 1 (1.27 MB) [11.4s]
Installing memoise...
 
  
ℹ No downloads are needed
✔ 1 pkg + 3 deps: kept 4 [904ms]
Installing memuse...
 
  
ℹ No downloads are needed
✔ 1 pkg: kept 1 [920ms]
Installing metadat...
 
→ Will install 1 package.
→ Will download 1 CRAN package (1.07 MB).
+ metadat   1.4-0 [bld][dl] (1.07 MB)
  
ℹ Getting 1 pkg (1.07 MB)
✔ Got metadat 1.4-0 (source) (1.07 MB)
ℹ Building metadat 1.4-0
✔ Built metadat 1.4-0 (2s)
✔ Installed metadat 1.4-0  (1.1s)
✔ 1 pkg + 1 dep: kept 1, added 1, dld 1 (1.07 MB) [5.4s]
Installing metafor...
 
→ Will install 1 package.
→ Will download 1 CRAN package (4.87 MB).
+ metafor   4.8-0 [bld][dl] (4.87 MB)
  
ℹ Getting 1 pkg (4.87 MB)
✔ Got metafor 4.8-0 (source) (4.87 MB)
ℹ Building metafor 4.8-0
✔ Built metafor 4.8-0 (30.7s)
✔ Installed metafor 4.8-0  (296ms)
✔ 1 pkg + 8 deps: kept 8, added 1, dld 1 (4.87 MB) [33.6s]
Installing metap...
 
✔ All system requirements are already installed.
  
ℹ No downloads are needed
✔ 1 pkg + 30 deps: kept 30 [1.2s]
Installing metapod...
 
→ Will install 1 package.
→ The package (0 B) is cached.
+ metapod   1.18.0 [bld][cmp]
  
ℹ No downloads are needed, 1 pkg is cached
ℹ Building metapod 1.18.0
✔ Built metapod 1.18.0 (16.7s)
✔ Installed metapod 1.18.0  (175ms)
✔ 1 pkg + 1 dep: added 1 [17.9s]
