Installing packages from: /home/domeally/workspaces/vscode-rbioc/slurm_install/pkgs_013.txt
Target library: /packages/singularity/shared_cache/rbioc/rlibs/bioc-3.22
Installing permute...
ℹ Loading metadata database
✔ Loading metadata database ... done

 
  
ℹ No downloads are needed
✔ 1 pkg: kept 1 [3.9s]
Installing PFAM.db...
 
→ Will install 16 packages.
→ All 16 packages (7.38 MB) are cached.
+ AnnotationDbi   1.72.0  [bld]
+ askpass         1.2.1   [bld][cmp]
+ Biostrings      2.78.0  [bld][cmp]
+ bit             4.6.0   [bld][cmp]
+ bit64           4.6.0-1 [bld][cmp]
+ blob            1.2.4   [bld]
+ crayon          1.5.3   [bld]
+ DBI             1.2.3   [bld]
+ httr            1.4.7   [bld]
+ KEGGREST        1.50.0  [bld]
+ openssl         2.3.4   [bld][cmp] + ✔ libssl-dev
+ PFAM.db         3.22.0  [bld]
+ plogr           0.2.0   [bld]
+ png             0.1-8   [bld][cmp] + ✔ libpng-dev
+ RSQLite         2.4.5   [bld][cmp]
+ sys             3.4.3   [bld][cmp]
✔ All system requirements are already installed.
  
ℹ No downloads are needed, 16 pkgs (7.38 MB) are cached
✔ Got KEGGREST 1.50.0 (source) (239.73 kB)
✔ Got AnnotationDbi 1.72.0 (source) (4.38 MB)
✔ Got PFAM.db 3.22.0 (source) (7.35 MB)
✔ Got Biostrings 2.78.0 (source) (12.82 MB)
ℹ Building bit 4.6.0
ℹ Building blob 1.2.4
ℹ Building crayon 1.5.3
ℹ Building DBI 1.2.3
ℹ Building plogr 0.2.0
ℹ Building png 0.1-8
ℹ Building sys 3.4.3
✔ Built plogr 0.2.0 (1.3s)
✔ Installed plogr 0.2.0  (318ms)
✔ Built sys 3.4.3 (2.2s)
✔ Built blob 1.2.4 (2.7s)
✔ Built crayon 1.5.3 (3s)
✔ Built png 0.1-8 (3s)
✔ Installed sys 3.4.3  (774ms)
ℹ Building askpass 1.2.1
✔ Installed blob 1.2.4  (218ms)
✔ Installed crayon 1.5.3  (203ms)
ℹ Building Biostrings 2.78.0
✔ Installed png 0.1-8  (317ms)
✔ Built DBI 1.2.3 (4.5s)
✔ Built askpass 1.2.1 (1.1s)
✔ Installed askpass 1.2.1  (220ms)
ℹ Building openssl 2.3.4
✔ Installed DBI 1.2.3  (508ms)
✔ Built bit 4.6.0 (6.8s)
✔ Installed bit 4.6.0  (255ms)
ℹ Building bit64 4.6.0-1
✔ Built openssl 2.3.4 (5.2s)
✔ Installed openssl 2.3.4  (288ms)
ℹ Building httr 1.4.7
✔ Built bit64 4.6.0-1 (6.1s)
✔ Installed bit64 4.6.0-1  (232ms)
ℹ Building RSQLite 2.4.5
✔ Built httr 1.4.7 (3s)
✔ Installed httr 1.4.7  (328ms)
✔ Built Biostrings 2.78.0 (19.2s)
✔ Installed Biostrings 2.78.0  (437ms)
ℹ Building KEGGREST 1.50.0
✔ Built KEGGREST 1.50.0 (4.6s)
✔ Installed KEGGREST 1.50.0  (1.1s)
✔ Built RSQLite 2.4.5 (1m 43.8s)
✔ Installed RSQLite 2.4.5  (326ms)
ℹ Building AnnotationDbi 1.72.0
✔ Built AnnotationDbi 1.72.0 (11.7s)
✔ Installed AnnotationDbi 1.72.0  (794ms)
ℹ Building PFAM.db 3.22.0
✔ Built PFAM.db 3.22.0 (15.3s)
✔ Installed PFAM.db 3.22.0  (292ms)
✔ 1 pkg + 36 deps: kept 21, added 16, dld 4 (24.80 MB) [2m 30.4s]
Installing pheatmap...
 
  
ℹ No downloads are needed
✔ 1 pkg + 11 deps: kept 12 [893ms]
Installing phosphoricons...
 
→ Will install 1 package.
→ Will download 1 CRAN package (2.83 MB).
+ phosphoricons   0.2.1 [bld][dl] (2.83 MB)
  
ℹ Getting 1 pkg (2.83 MB)
✔ Got phosphoricons 0.2.1 (source) (2.83 MB)
ℹ Building phosphoricons 0.2.1
✔ Built phosphoricons 0.2.1 (2.1s)
✔ Installed phosphoricons 0.2.1  (1.3s)
✔ 1 pkg + 5 deps: kept 5, added 1, dld 1 (2.83 MB) [5.9s]
Installing phylolm...
 
→ Will install 1 package.
→ Will download 1 CRAN package (268.86 kB).
+ phylolm   2.6.5 [bld][cmp][dl] (268.86 kB)
  
ℹ Getting 1 pkg (268.86 kB)
✔ Got phylolm 2.6.5 (source) (268.86 kB)
ℹ Building phylolm 2.6.5
✔ Built phylolm 2.6.5 (3.1s)
✔ Installed phylolm 2.6.5  (138ms)
✔ 1 pkg + 11 deps: kept 10, added 1, dld 1 (268.86 kB) [4.7s]
Installing piecemaker...
 
→ Will install 1 package.
→ Will download 1 CRAN package (12.86 kB).
+ piecemaker   1.0.2 [bld][dl] (12.86 kB)
✔ All system requirements are already installed.
  
ℹ Getting 1 pkg (12.86 kB)
✔ Got piecemaker 1.0.2 (source) (12.86 kB)
ℹ Building piecemaker 1.0.2
✔ Built piecemaker 1.0.2 (788ms)
✔ Installed piecemaker 1.0.2  (114ms)
✔ 1 pkg + 8 deps: kept 8, added 1, dld 1 (12.86 kB) [2.1s]
Installing piggyback...
 
→ Will install 1 package.
→ Will download 1 CRAN package (531.50 kB).
+ piggyback   0.1.5 [bld][dl] (531.50 kB)
✔ All system requirements are already installed.
  
ℹ Getting 1 pkg (531.50 kB)
✔ Got piggyback 0.1.5 (source) (531.50 kB)
ℹ Building piggyback 0.1.5
✔ Built piggyback 0.1.5 (1s)
✔ Installed piggyback 0.1.5  (1.2s)
✔ 1 pkg + 27 deps: kept 27, added 1, dld 1 (531.50 kB) [3.8s]
Installing pillar...
 
  
ℹ No downloads are needed
✔ 1 pkg + 6 deps: kept 7 [715ms]
Installing pinfsc50...
 
→ Will install 1 package.
→ Will download 1 CRAN package (3.46 MB).
+ pinfsc50   1.3.0 [bld][dl] (3.46 MB)
  
ℹ Getting 1 pkg (3.46 MB)
✔ Got pinfsc50 1.3.0 (source) (3.46 MB)
ℹ Building pinfsc50 1.3.0
✔ Built pinfsc50 1.3.0 (1.3s)
✔ Installed pinfsc50 1.3.0  (1.1s)
✔ 1 pkg: added 1, dld 1 (3.46 MB) [4.1s]
Installing pingr...
 
→ Will install 1 package.
→ Will download 1 CRAN package (18.83 kB).
+ pingr   2.0.5 [bld][cmp][dl] (18.83 kB)
  
ℹ Getting 1 pkg (18.83 kB)
✔ Got pingr 2.0.5 (source) (18.83 kB)
ℹ Building pingr 2.0.5
✔ Built pingr 2.0.5 (1.2s)
✔ Installed pingr 2.0.5  (115ms)
✔ 1 pkg + 3 deps: kept 3, added 1, dld 1 (18.83 kB) [2.4s]
Installing pins...
 
→ Will install 1 package.
→ Will download 1 CRAN package (251.62 kB).
+ pins   1.4.1 [bld][dl] (251.62 kB)
✔ All system requirements are already installed.
  
ℹ Getting 1 pkg (251.62 kB)
✔ Got pins 1.4.1 (source) (251.62 kB)
ℹ Building pins 1.4.1
✔ Built pins 1.4.1 (3.7s)
✔ Installed pins 1.4.1  (265ms)
✔ 1 pkg + 26 deps: kept 26, added 1, dld 1 (251.62 kB) [5.5s]
Installing pixmap...
 
  
ℹ No downloads are needed
✔ 1 pkg: kept 1 [631ms]
Installing pkgbuild...
 
  
ℹ No downloads are needed
✔ 1 pkg + 6 deps: kept 7 [716ms]
Installing pkgcache...
 
✔ All system requirements are already installed.
  
ℹ No downloads are needed
✔ 1 pkg + 8 deps: kept 9 [699ms]
Installing pkgconfig...
 
  
ℹ No downloads are needed
✔ 1 pkg: kept 1 [594ms]
Installing pkgdepends...
 
✔ All system requirements are already installed.
  
ℹ No downloads are needed
✔ 1 pkg + 13 deps: kept 14 [907ms]
Installing pkgdown...
 
→ Will install 3 packages.
→ Will download 2 CRAN packages (1.32 MB), cached: 1 (436.95 kB).
+ downlit   0.4.5 [bld][dl] (37.26 kB)
+ pkgdown   2.2.0 [bld][dl] (1.28 MB) + ✔ pandoc
+ ragg      1.5.0 [bld][cmp] + ✔ libfreetype6-dev, ✔ libjpeg-dev, ✔ libpng-dev, ✔ libtiff-dev, ✔ libwebp-dev
✔ All system requirements are already installed.
  
ℹ Getting 2 pkgs (1.32 MB), 1 (436.95 kB) cached
✔ Got downlit 0.4.5 (source) (37.26 kB)
✔ Got pkgdown 2.2.0 (source) (1.28 MB)
ℹ Building downlit 0.4.5
ℹ Building ragg 1.5.0
✔ Built downlit 0.4.5 (1.4s)
✔ Installed downlit 0.4.5  (114ms)
✔ Built ragg 1.5.0 (2m 55.7s)
✔ Installed ragg 1.5.0  (499ms)
ℹ Building pkgdown 2.2.0
✔ Built pkgdown 2.2.0 (4.5s)
✔ Installed pkgdown 2.2.0  (666ms)
✔ 1 pkg + 52 deps: kept 50, added 3, dld 2 (1.32 MB) [3m 3.7s]
Installing pkgload...
 
✔ All system requirements are already installed.
  
ℹ No downloads are needed
✔ 1 pkg + 12 deps: kept 13 [853ms]
Installing PKI...
 
→ Will install 1 package.
→ Will download 1 CRAN package (87.25 kB).
+ PKI   0.1-15 [bld][cmp][dl] (87.25 kB) + ✔ libssl-dev
✔ All system requirements are already installed.
  
ℹ Getting 1 pkg (87.25 kB)
✔ Got PKI 0.1-15 (source) (87.25 kB)
ℹ Building PKI 0.1-15
✔ Built PKI 0.1-15 (3s)
✔ Installed PKI 0.1-15  (1.2s)
✔ 1 pkg + 1 dep: kept 1, added 1, dld 1 (87.25 kB) [5.2s]
Installing plm...
 
→ Will install 3 packages.
→ Will download 3 CRAN packages (3.76 MB).
+ collapse   2.1.5   [bld][cmp][dl] (1.57 MB)
+ maxLik     1.5-2.2 [bld][dl] (816.32 kB)
+ plm        2.6-7   [bld][dl] (1.37 MB)
  
ℹ Getting 3 pkgs (3.76 MB)
✔ Got maxLik 1.5-2.2 (source) (816.32 kB)
✔ Got collapse 2.1.5 (source) (1.57 MB)
✔ Got plm 2.6-7 (source) (1.37 MB)
ℹ Building collapse 2.1.5
ℹ Building maxLik 1.5-2.2
✔ Built maxLik 1.5-2.2 (2.8s)
✔ Installed maxLik 1.5-2.2  (205ms)
✔ Built collapse 2.1.5 (1m 45s)
✔ Installed collapse 2.1.5  (372ms)
ℹ Building plm 2.6-7
✔ Built plm 2.6-7 (7.8s)
✔ Installed plm 2.6-7  (1.3s)
✔ 1 pkg + 16 deps: kept 13, added 3, dld 3 (3.76 MB) [1m 56.6s]
Installing plogr...
 
  
ℹ No downloads are needed
✔ 1 pkg: kept 1 [687ms]
Installing plot3D...
 
→ Will install 1 package.
→ Will download 1 CRAN package (1.93 MB).
+ plot3D   1.4.2 [bld][dl] (1.93 MB)
  
ℹ Getting 1 pkg (1.93 MB)
✔ Got plot3D 1.4.2 (source) (1.93 MB)
ℹ Building plot3D 1.4.2
✔ Built plot3D 1.4.2 (7.2s)
✔ Installed plot3D 1.4.2  (1.2s)
✔ 1 pkg + 1 dep: kept 1, added 1, dld 1 (1.93 MB) [9.8s]
Installing plotly...
 
✔ All system requirements are already installed.
  
ℹ No downloads are needed
✔ 1 pkg + 62 deps: kept 62 [1.5s]
Installing plotlyGeoAssets...
 
→ Will install 1 package.
→ Will download 1 CRAN package (1.18 MB).
+ plotlyGeoAssets   0.0.2 [bld][dl] (1.18 MB)
  
ℹ Getting 1 pkg (1.18 MB)
✔ Got plotlyGeoAssets 0.0.2 (source) (1.18 MB)
ℹ Building plotlyGeoAssets 0.0.2
✔ Built plotlyGeoAssets 0.0.2 (2.6s)
✔ Installed plotlyGeoAssets 0.0.2  (150ms)
✔ 1 pkg: added 1, dld 1 (1.18 MB) [4.3s]
Installing plotmo...
 
  
ℹ No downloads are needed
✔ 1 pkg + 2 deps: kept 3 [739ms]
Installing plotrix...
 
  
ℹ No downloads are needed
✔ 1 pkg: kept 1 [679ms]
Installing pls...
 
  
ℹ No downloads are needed
✔ 1 pkg: kept 1 [777ms]
Installing plyr...
 
  
ℹ No downloads are needed
✔ 1 pkg + 1 dep: kept 1 [762ms]
Installing plyranges...
 
→ Will install 1 package.
→ The package (0 B) is cached.
+ plyranges   1.30.1 [bld]
✔ All system requirements are already installed.
  
ℹ No downloads are needed, 1 pkg is cached
✔ Got plyranges 1.30.1 (source) (1.36 MB)
ℹ Building plyranges 1.30.1
✔ Built plyranges 1.30.1 (17.2s)
✔ Installed plyranges 1.30.1  (179ms)
✔ 1 pkg + 58 deps: kept 58, added 1, dld 1 (1.36 MB) [19.9s]
Installing png...
 
✔ All system requirements are already installed.
  
ℹ No downloads are needed
✔ 1 pkg: kept 1 [737ms]
Installing PoiClaClu...
 
→ Will install 1 package.
→ Will download 1 CRAN package (11.30 kB).
+ PoiClaClu   1.0.2.1 [bld][dl] (11.30 kB)
  
ℹ Getting 1 pkg (11.30 kB)
✔ Got PoiClaClu 1.0.2.1 (source) (11.30 kB)
ℹ Building PoiClaClu 1.0.2.1
✔ Built PoiClaClu 1.0.2.1 (850ms)
✔ Installed PoiClaClu 1.0.2.1  (1.1s)
✔ 1 pkg: added 1, dld 1 (11.30 kB) [3.3s]
Installing poLCA...
 
→ Will install 1 package.
→ Will download 1 CRAN package (363.44 kB).
+ poLCA   1.6.0.1 [bld][cmp][dl] (363.44 kB)
  
ℹ Getting 1 pkg (363.44 kB)
✔ Got poLCA 1.6.0.1 (source) (363.44 kB)
ℹ Building poLCA 1.6.0.1
✔ Built poLCA 1.6.0.1 (1.4s)
✔ Installed poLCA 1.6.0.1  (1.1s)
✔ 1 pkg + 2 deps: kept 2, added 1, dld 1 (363.44 kB) [4.7s]
Installing polspline...
 
→ Will install 1 package.
→ Will download 1 CRAN package (264.93 kB).
+ polspline   1.1.25 [bld][cmp][dl] (264.93 kB)
  
ℹ Getting 1 pkg (264.93 kB)
✔ Got polspline 1.1.25 (source) (264.93 kB)
ℹ Building polspline 1.1.25
✔ Built polspline 1.1.25 (14.3s)
✔ Installed polspline 1.1.25  (121ms)
✔ 1 pkg: added 1, dld 1 (264.93 kB) [16.4s]
Installing polyclip...
 
  
ℹ No downloads are needed
✔ 1 pkg: kept 1 [746ms]
Installing polycor...
 
→ Will install 1 package.
→ Will download 1 CRAN package (14.46 kB).
+ polycor   0.8-2 [bld][dl] (14.46 kB)
  
ℹ Getting 1 pkg (14.46 kB)
✔ Got polycor 0.8-2 (source) (14.46 kB)
ℹ Building polycor 0.8-2
✔ Built polycor 0.8-2 (1s)
✔ Installed polycor 0.8-2  (116ms)
✔ 1 pkg + 4 deps: kept 4, added 1, dld 1 (14.46 kB) [2.8s]
Installing polylabelr...
 
→ Will install 1 package.
→ Will download 1 CRAN package (27.34 kB).
+ polylabelr   0.3.0 [bld][cmp][dl] (27.34 kB)
  
ℹ Getting 1 pkg (27.34 kB)
✔ Got polylabelr 0.3.0 (source) (27.34 kB)
ℹ Building polylabelr 0.3.0
✔ Built polylabelr 0.3.0 (5.6s)
✔ Installed polylabelr 0.3.0  (216ms)
✔ 1 pkg + 1 dep: added 1, dld 1 (27.34 kB) [7.1s]
Installing polynom...
 
→ Will install 1 package.
→ Will download 1 CRAN package (334.80 kB).
+ polynom   1.4-1 [bld][dl] (334.80 kB)
  
ℹ Getting 1 pkg (334.80 kB)
✔ Got polynom 1.4-1 (source) (334.80 kB)
ℹ Building polynom 1.4-1
✔ Built polynom 1.4-1 (1s)
✔ Installed polynom 1.4-1  (1.1s)
✔ 1 pkg: added 1, dld 1 (334.80 kB) [3.5s]
Installing PolyPhen.Hsapiens.dbSNP131...
 
→ Will install 2 packages.
→ All 2 packages (0 B) are cached.
+ PolyPhen.Hsapiens.dbSNP131   1.0.2  [bld]
+ VariantAnnotation            1.56.0 [bld][cmp] + ✔ make
✔ All system requirements are already installed.
  
ℹ No downloads are needed, 2 pkgs are cached
✔ Got PolyPhen.Hsapiens.dbSNP131 1.0.2 (source) (16.73 MB)
ℹ Building VariantAnnotation 1.56.0
✔ Built VariantAnnotation 1.56.0 (40.5s)
✔ Installed VariantAnnotation 1.56.0  (569ms)
ℹ Building PolyPhen.Hsapiens.dbSNP131 1.0.2
✔ Built PolyPhen.Hsapiens.dbSNP131 1.0.2 (23.4s)
✔ Installed PolyPhen.Hsapiens.dbSNP131 1.0.2  (1.6s)
✔ 1 pkg + 66 deps: kept 65, added 2, dld 1 (16.73 MB) [1m 9.1s]
Installing polysat...
 
→ Will install 1 package.
→ Will download 1 CRAN package (1.80 MB).
+ polysat   1.7-7 [bld][cmp][dl] (1.80 MB)
  
ℹ Getting 1 pkg (1.80 MB)
✔ Got polysat 1.7-7 (source) (1.80 MB)
ℹ Building polysat 1.7-7
✔ Built polysat 1.7-7 (9.1s)
✔ Installed polysat 1.7-7  (224ms)
✔ 1 pkg + 1 dep: added 1, dld 1 (1.80 MB) [11.2s]
Installing poppr...
 
→ Will install 2 packages.
→ Will download 2 CRAN packages (2.81 MB).
+ pegas   1.4   [bld][cmp][dl] (389.50 kB)
+ poppr   2.9.8 [bld][cmp][dl] (2.42 MB)
✔ All system requirements are already installed.
  
ℹ Getting 2 pkgs (2.81 MB)
✔ Got pegas 1.4 (source) (389.50 kB)
✔ Got poppr 2.9.8 (source) (2.42 MB)
ℹ Building pegas 1.4
✔ Built pegas 1.4 (4.3s)
✔ Installed pegas 1.4  (155ms)
ℹ Building poppr 2.9.8
✔ Built poppr 2.9.8 (12.2s)
✔ Installed poppr 2.9.8  (217ms)
✔ 1 pkg + 71 deps: kept 69, added 2, dld 2 (2.81 MB) [19.7s]
Installing posterior...
 
  
ℹ No downloads are needed
✔ 1 pkg + 18 deps: kept 19 [902ms]
Installing poweRlaw...
 
→ Will install 1 package.
→ Will download 1 CRAN package (4.48 MB).
+ poweRlaw   1.0.0 [bld][dl] (4.48 MB)
  
ℹ Getting 1 pkg (4.48 MB)
✔ Got poweRlaw 1.0.0 (source) (4.48 MB)
ℹ Building poweRlaw 1.0.0
✔ Built poweRlaw 1.0.0 (3.5s)
✔ Installed poweRlaw 1.0.0  (1.2s)
✔ 1 pkg + 1 dep: kept 1, added 1, dld 1 (4.48 MB) [7s]
Installing prabclus...
 
→ Will install 1 package.
→ Will download 1 CRAN package (190.37 kB).
+ prabclus   2.3-4 [bld][dl] (190.37 kB)
  
ℹ Getting 1 pkg (190.37 kB)
✔ Got prabclus 2.3-4 (source) (190.37 kB)
ℹ Building prabclus 2.3-4
✔ Built prabclus 2.3-4 (2.9s)
✔ Installed prabclus 2.3-4  (183ms)
✔ 1 pkg + 2 deps: kept 2, added 1, dld 1 (190.37 kB) [4.4s]
Installing pracma...
 
  
ℹ No downloads are needed
✔ 1 pkg: kept 1 [937ms]
Installing praise...
 
  
ℹ No downloads are needed
✔ 1 pkg: kept 1 [638ms]
Installing preprocessCore...
 
  
ℹ No downloads are needed
✔ 1 pkg: kept 1 [744ms]
Installing prettycode...
 
→ Will install 1 package.
→ Will download 1 CRAN package (209.28 kB).
+ prettycode   1.1.0 [bld][dl] (209.28 kB)
  
ℹ Getting 1 pkg (209.28 kB)
✔ Got prettycode 1.1.0 (source) (209.28 kB)
ℹ Building prettycode 1.1.0
✔ Built prettycode 1.1.0 (850ms)
✔ Installed prettycode 1.1.0  (1.1s)
✔ 1 pkg + 1 dep: kept 1, added 1, dld 1 (209.28 kB) [3.3s]
Installing prettydoc...
 
→ Will install 1 package.
→ Will download 1 CRAN package (984.90 kB).
+ prettydoc   0.4.1 [bld][dl] (984.90 kB) + ✔ pandoc
✔ All system requirements are already installed.
  
ℹ Getting 1 pkg (984.90 kB)
✔ Got prettydoc 0.4.1 (source) (984.90 kB)
ℹ Building prettydoc 0.4.1
✔ Built prettydoc 0.4.1 (1.2s)
✔ Installed prettydoc 0.4.1  (1.4s)
✔ 1 pkg + 26 deps: kept 26, added 1, dld 1 (984.90 kB) [4.8s]
Installing prettyunits...
 
  
ℹ No downloads are needed
✔ 1 pkg: kept 1 [638ms]
Installing princurve...
 
→ Will install 1 package.
→ Will download 1 CRAN package (52.66 kB).
+ princurve   2.1.6 [bld][cmp][dl] (52.66 kB)
  
ℹ Getting 1 pkg (52.66 kB)
✔ Got princurve 2.1.6 (source) (52.66 kB)
ℹ Building princurve 2.1.6
✔ Built princurve 2.1.6 (6.3s)
✔ Installed princurve 2.1.6  (1.1s)
✔ 1 pkg + 1 dep: added 1, dld 1 (52.66 kB) [8.7s]
Installing prismatic...
 
→ Will install 1 package.
→ Will download 1 CRAN package (655.77 kB).
+ prismatic   1.1.2 [bld][dl] (655.77 kB)
  
ℹ Getting 1 pkg (655.77 kB)
✔ Got prismatic 1.1.2 (source) (655.77 kB)
ℹ Building prismatic 1.1.2
✔ Built prismatic 1.1.2 (1.2s)
✔ Installed prismatic 1.1.2  (171ms)
✔ 1 pkg + 1 dep: kept 1, added 1, dld 1 (655.77 kB) [3.6s]
Installing pROC...
 
  
ℹ No downloads are needed
✔ 1 pkg + 1 dep: kept 1 [735ms]
Installing processx...
 
  
ℹ No downloads are needed
✔ 1 pkg + 2 deps: kept 3 [873ms]
Installing prodlim...
 
  
ℹ No downloads are needed
✔ 1 pkg + 35 deps: kept 35 [1.4s]
Installing proffer...
 
→ Will install 3 packages.
→ Will download 3 CRAN packages (1.76 MB).
+ proffer     0.2.2  [bld][dl] (692.16 kB)
+ profile     1.0.4  [bld][dl] (53.47 kB)
+ RProtoBuf   0.4.24 [bld][cmp][dl] (1.01 MB) + ✔ libprotobuf-dev, ✔ protobuf-compiler, ✔ libprotoc-dev
✔ All system requirements are already installed.
  
ℹ Getting 3 pkgs (1.76 MB)
✔ Got profile 1.0.4 (source) (53.47 kB)
✔ Got proffer 0.2.2 (source) (692.16 kB)
✔ Got RProtoBuf 0.4.24 (source) (1.01 MB)
ℹ Building profile 1.0.4
ℹ Building RProtoBuf 0.4.24
✔ Built profile 1.0.4 (1.5s)
✔ Installed profile 1.0.4  (139ms)
✔ Built RProtoBuf 0.4.24 (1m 37.3s)
✔ Installed RProtoBuf 0.4.24  (460ms)
ℹ Building proffer 0.2.2
✔ Built proffer 0.2.2 (1.9s)
✔ Installed proffer 0.2.2  (162ms)
✔ 1 pkg + 22 deps: kept 19, added 3, dld 3 (1.76 MB) [1m 42.1s]
Installing profile...
 
  
ℹ No downloads are needed
✔ 1 pkg + 11 deps: kept 12 [1.1s]
Installing profileModel...
 
→ Will install 1 package.
→ Will download 1 CRAN package (21.51 kB).
+ profileModel   0.6.1 [bld][dl] (21.51 kB)
  
ℹ Getting 1 pkg (21.51 kB)
✔ Got profileModel 0.6.1 (source) (21.51 kB)
ℹ Building profileModel 0.6.1
✔ Built profileModel 0.6.1 (1.1s)
✔ Installed profileModel 0.6.1  (111ms)
✔ 1 pkg: added 1, dld 1 (21.51 kB) [2.7s]
Installing profmem...
 
  
ℹ No downloads are needed
✔ 1 pkg: kept 1 [758ms]
Installing profvis...
 
✔ All system requirements are already installed.
  
ℹ No downloads are needed
✔ 1 pkg + 28 deps: kept 29 [1.2s]
Installing progress...
 
  
ℹ No downloads are needed
✔ 1 pkg + 10 deps: kept 11 [993ms]
Installing progressr...
 
  
ℹ No downloads are needed
✔ 1 pkg + 1 dep: kept 2 [793ms]
Installing proj4...
 
→ Will install 1 package.
→ Will download 1 CRAN package (43.46 kB).
+ proj4   1.0-15 [bld][cmp][dl] (43.46 kB) + ✔ libproj-dev
✔ All system requirements are already installed.
  
ℹ Getting 1 pkg (43.46 kB)
✔ Got proj4 1.0-15 (source) (43.46 kB)
ℹ Building proj4 1.0-15
✔ Built proj4 1.0-15 (1.9s)
✔ Installed proj4 1.0-15  (112ms)
✔ 1 pkg: added 1, dld 1 (43.46 kB) [3.4s]
Installing projects...
 
→ Will install 1 package.
→ Will download 1 CRAN package (152.69 kB).
+ projects   2.1.3 [bld][dl] (152.69 kB)
✔ All system requirements are already installed.
  
ℹ Getting 1 pkg (152.69 kB)
✔ Got projects 2.1.3 (source) (152.69 kB)
ℹ Building projects 2.1.3
✔ Built projects 2.1.3 (2.1s)
✔ Installed projects 2.1.3  (1.1s)
✔ 1 pkg + 32 deps: kept 32, added 1, dld 1 (152.69 kB) [4.9s]
Installing promises...
 
  
ℹ No downloads are needed
✔ 1 pkg + 10 deps: kept 10 [920ms]
Installing ProtGenerics...
 
  
ℹ No downloads are needed
✔ 1 pkg: kept 1 [816ms]
Installing proto...
 
  
ℹ No downloads are needed
✔ 1 pkg: kept 1 [728ms]
Installing proxy...
 
  
ℹ No downloads are needed
✔ 1 pkg: kept 1 [811ms]
Installing proxyC...
 
  
ℹ No downloads are needed
✔ 1 pkg + 3 deps: kept 3 [1.3s]
Installing PRROC...
 
→ Will install 1 package.
→ Will download 1 CRAN package (522.10 kB).
+ PRROC   1.4 [bld][dl] (522.10 kB)
  
ℹ Getting 1 pkg (522.10 kB)
✔ Got PRROC 1.4 (source) (522.10 kB)
ℹ Building PRROC 1.4
✔ Built PRROC 1.4 (1.3s)
✔ Installed PRROC 1.4  (1.1s)
✔ 1 pkg + 1 dep: kept 1, added 1, dld 1 (522.10 kB) [3.9s]
Installing pryr...
 
→ Will install 1 package.
→ Will download 1 CRAN package (42.09 kB).
+ pryr   0.1.6 [bld][cmp][dl] (42.09 kB)
✔ All system requirements are already installed.
  
ℹ Getting 1 pkg (42.09 kB)
✔ Got pryr 0.1.6 (source) (42.09 kB)
ℹ Building pryr 0.1.6
✔ Built pryr 0.1.6 (15.3s)
✔ Installed pryr 0.1.6  (1.1s)
✔ 1 pkg + 13 deps: kept 12, added 1, dld 1 (42.09 kB) [18.2s]
Installing ps...
 
  
ℹ No downloads are needed
✔ 1 pkg: kept 1 [780ms]
Installing pscl...
 
→ Will install 1 package.
→ Will download 1 CRAN package (3.02 MB).
+ pscl   1.5.9 [bld][cmp][dl] (3.02 MB)
  
ℹ Getting 1 pkg (3.02 MB)
✔ Got pscl 1.5.9 (source) (3.02 MB)
ℹ Building pscl 1.5.9
✔ Built pscl 1.5.9 (4.9s)
✔ Installed pscl 1.5.9  (194ms)
✔ 1 pkg + 1 dep: kept 1, added 1, dld 1 (3.02 MB) [6.4s]
Installing psych...
 
  
ℹ No downloads are needed
✔ 1 pkg + 4 deps: kept 5 [815ms]
