Installing packages from: /home/domeally/workspaces/vscode-rbioc/slurm_install/pkgs_002.txt
Target library: /packages/singularity/shared_cache/rbioc/rlibs/bioc-3.22
Installing beachmat...
ℹ Loading metadata database
✔ Loading metadata database ... done

 
→ Will install 1 package.
→ The package (0 B) is cached.
+ beachmat   2.26.0 [bld][cmp]
  
ℹ No downloads are needed, 1 pkg is cached
✔ Got beachmat 2.26.0 (source) (383.08 kB)
ℹ Building beachmat 2.26.0
✔ Built beachmat 2.26.0 (1m 15.7s)
✔ Installed beachmat 2.26.0  (481ms)
✔ 1 pkg + 15 deps: kept 14, added 1, dld 1 (383.08 kB) [1m 21s]
Installing bedr...
 
→ Will install 1 package.
→ Will download 1 CRAN package (1.59 MB).
+ bedr   1.1.3 [bld][dl] (1.59 MB)
✔ All system requirements are already installed.
  
ℹ Getting 1 pkg (1.59 MB)
✔ Got bedr 1.1.3 (source) (1.59 MB)
ℹ Building bedr 1.1.3
✔ Built bedr 1.1.3 (2.2s)
✔ Installed bedr 1.1.3  (216ms)
✔ 1 pkg + 33 deps: kept 33, added 1, dld 1 (1.59 MB) [4.8s]
Installing beepr...
 
→ Will install 2 packages.
→ Will download 2 CRAN packages (1.10 MB).
+ audio   0.1-12 [bld][cmp][dl] (58.68 kB)
+ beepr   2.0    [bld][dl] (1.04 MB)
  
ℹ Getting 2 pkgs (1.10 MB)
✔ Got beepr 2.0 (source) (1.04 MB)
✔ Got audio 0.1-12 (source) (58.68 kB)
ℹ Building audio 0.1-12
✔ Built audio 0.1-12 (1.8s)
✔ Installed audio 0.1-12  (120ms)
ℹ Building beepr 2.0
✔ Built beepr 2.0 (723ms)
✔ Installed beepr 2.0  (159ms)
✔ 1 pkg + 1 dep: added 2, dld 2 (1.10 MB) [4.3s]
Installing beeswarm...
 
→ Will install 1 package.
→ Will download 1 CRAN package (24.39 kB).
+ beeswarm   0.4.0 [bld][cmp][dl] (24.39 kB)
  
ℹ Getting 1 pkg (24.39 kB)
✔ Got beeswarm 0.4.0 (source) (24.39 kB)
ℹ Building beeswarm 0.4.0
✔ Built beeswarm 0.4.0 (918ms)
✔ Installed beeswarm 0.4.0  (124ms)
✔ 1 pkg: added 1, dld 1 (24.39 kB) [2.1s]
Installing bench...
 
→ Will install 2 packages.
→ Will download 2 CRAN packages (336.19 kB).
+ bench     1.1.4 [bld][cmp][dl] (316.57 kB)
+ profmem   0.7.0 [bld][dl] (19.62 kB)
  
ℹ Getting 2 pkgs (336.19 kB)
✔ Got profmem 0.7.0 (source) (19.62 kB)
✔ Got bench 1.1.4 (source) (316.57 kB)
ℹ Building profmem 0.7.0
✔ Built profmem 0.7.0 (641ms)
✔ Installed profmem 0.7.0  (137ms)
ℹ Building bench 1.1.4
✔ Built bench 1.1.4 (1.6s)
✔ Installed bench 1.1.4  (136ms)
✔ 1 pkg + 11 deps: kept 10, added 2, dld 2 (336.19 kB) [3.7s]
Installing benchmarkme...
 
→ Will install 3 packages.
→ Will download 3 CRAN packages (463.74 kB).
+ benchmarkme       1.0.8  [bld][dl] (36.19 kB)
+ benchmarkmeData   1.0.4  [bld][dl] (263.30 kB)
+ doParallel        1.0.17 [bld][dl] (164.25 kB)
✔ All system requirements are already installed.
  
ℹ Getting 3 pkgs (463.74 kB)
✔ Got benchmarkme 1.0.8 (source) (36.19 kB)
✔ Got doParallel 1.0.17 (source) (164.25 kB)
✔ Got benchmarkmeData 1.0.4 (source) (263.30 kB)
ℹ Building benchmarkmeData 1.0.4
ℹ Building doParallel 1.0.17
✔ Built doParallel 1.0.17 (751ms)
✔ Installed doParallel 1.0.17  (154ms)
✔ Built benchmarkmeData 1.0.4 (1.2s)
✔ Installed benchmarkmeData 1.0.4  (145ms)
ℹ Building benchmarkme 1.0.8
✔ Built benchmarkme 1.0.8 (2.6s)
✔ Installed benchmarkme 1.0.8  (167ms)
✔ 1 pkg + 31 deps: kept 29, added 3, dld 3 (463.74 kB) [6.4s]
Installing benchmarkmeData...
 
  
ℹ No downloads are needed
✔ 1 pkg + 15 deps: kept 16 [752ms]
Installing betareg...
 
  
ℹ No downloads are needed
✔ 1 pkg + 8 deps: kept 9 [593ms]
Installing BH...
 
→ Will install 1 package.
→ The package (14.31 MB) is cached.
+ BH   1.90.0-1 [bld]
  
ℹ No downloads are needed, 1 pkg (14.31 MB) is cached
✔ Installed BH 1.90.0-1  (6m 22.9s)
✔ 1 pkg: added 1 [6m 23.5s]
Installing BiasedUrn...
 
→ Will install 1 package.
→ Will download 1 CRAN package (261.62 kB).
+ BiasedUrn   2.0.12 [bld][cmp][dl] (261.62 kB)
  
ℹ Getting 1 pkg (261.62 kB)
✔ Got BiasedUrn 2.0.12 (source) (261.62 kB)
ℹ Building BiasedUrn 2.0.12
✔ Built BiasedUrn 2.0.12 (3.8s)
✔ Installed BiasedUrn 2.0.12  (143ms)
✔ 1 pkg: added 1, dld 1 (261.62 kB) [5.9s]
Installing bigassertr...
 
→ Will install 1 package.
→ Will download 1 CRAN package (6.76 kB).
+ bigassertr   0.1.7 [bld][dl] (6.76 kB)
  
ℹ Getting 1 pkg (6.76 kB)
✔ Got bigassertr 0.1.7 (source) (6.76 kB)
ℹ Building bigassertr 0.1.7
✔ Built bigassertr 0.1.7 (581ms)
✔ Installed bigassertr 0.1.7  (98ms)
✔ 1 pkg: added 1, dld 1 (6.76 kB) [1.9s]
Installing bigD...
 
→ Will install 1 package.
→ Will download 1 CRAN package (1.31 MB).
+ bigD   0.3.1 [bld][dl] (1.31 MB)
  
ℹ Getting 1 pkg (1.31 MB)
✔ Got bigD 0.3.1 (source) (1.31 MB)
ℹ Building bigD 0.3.1
✔ Built bigD 0.3.1 (5s)
✔ Installed bigD 0.3.1  (118ms)
✔ 1 pkg: added 1, dld 1 (1.31 MB) [6.4s]
Installing biglm...
 
→ Will install 1 package.
→ Will download 1 CRAN package (13.11 kB).
+ biglm   0.9-3 [bld][cmp][dl] (13.11 kB)
  
ℹ Getting 1 pkg (13.11 kB)
✔ Got biglm 0.9-3 (source) (13.11 kB)
ℹ Building biglm 0.9-3
✔ Built biglm 0.9-3 (1.3s)
✔ Installed biglm 0.9-3  (106ms)
✔ 1 pkg + 1 dep: kept 1, added 1, dld 1 (13.11 kB) [2.7s]
Installing biglmm...
 
→ Will install 1 package.
→ Will download 1 CRAN package (13.19 kB).
+ biglmm   0.9-3 [bld][cmp][dl] (13.19 kB)
  
ℹ Getting 1 pkg (13.19 kB)
✔ Got biglmm 0.9-3 (source) (13.19 kB)
ℹ Building biglmm 0.9-3
✔ Built biglmm 0.9-3 (1.1s)
✔ Installed biglmm 0.9-3  (111ms)
✔ 1 pkg + 1 dep: kept 1, added 1, dld 1 (13.19 kB) [2.3s]
Installing bigmemory...
 
→ Will install 3 packages.
→ Will download 2 CRAN packages (74.19 kB), cached: 1 (14.31 MB).
+ BH              1.90.0-1 [bld]
+ bigmemory       4.6.4    [bld][cmp][dl] (72.28 kB)
+ bigmemory.sri   0.1.8    [bld][dl] (1.91 kB)
  
ℹ Getting 2 pkgs (74.19 kB), 1 (14.31 MB) cached
✔ Got bigmemory.sri 0.1.8 (source) (1.91 kB)
✔ Got bigmemory 4.6.4 (source) (72.28 kB)
ℹ Building bigmemory.sri 0.1.8
✔ Built bigmemory.sri 0.1.8 (513ms)
✔ Installed bigmemory.sri 0.1.8  (100ms)
✔ Installed BH 1.90.0-1  (2m 48.2s)
ℹ Building bigmemory 4.6.4
✖ Failed to build bigmemory 4.6.4 (166ms)
  FAILED: ! error in pak subprocess
Caused by error in `stop_task_build(state, worker)`:
! Failed to build source package bigmemory.
Full installation output:
ERROR: dependency ‘BH’ is not available for package ‘bigmemory’
Perhaps try a variation of:
install.packages('BH')
* removing ‘/tmp/RtmprkhCeh/pkg-lib2c74a3f95e9e8/bigmemory’
Installing bigmemory.sri...
 
  
ℹ No downloads are needed
✔ 1 pkg: kept 1 [958ms]
Installing bigreadr...
 
→ Will install 1 package.
→ Will download 1 CRAN package (127.00 kB).
+ bigreadr   0.2.5 [bld][cmp][dl] (127.00 kB)
  
ℹ Getting 1 pkg (127.00 kB)
✔ Got bigreadr 0.2.5 (source) (127.00 kB)
ℹ Building bigreadr 0.2.5
✔ Built bigreadr 0.2.5 (6s)
✔ Installed bigreadr 0.2.5  (1.1s)
✔ 1 pkg + 4 deps: kept 3, added 1, dld 1 (127.00 kB) [8.4s]
Installing bindr...
 
→ Will install 1 package.
→ Will download 1 CRAN package (6.43 kB).
+ bindr   0.1.3 [bld][dl] (6.43 kB)
  
ℹ Getting 1 pkg (6.43 kB)
✔ Got bindr 0.1.3 (source) (6.43 kB)
ℹ Building bindr 0.1.3
✔ Built bindr 0.1.3 (542ms)
✔ Installed bindr 0.1.3  (136ms)
✔ 1 pkg: added 1, dld 1 (6.43 kB) [1.9s]
Installing binGroup...
 
→ Will install 4 packages.
→ Will download 4 CRAN packages (1.19 MB).
+ binGroup     2.2-3  [bld][dl] (260.97 kB)
+ gmp          0.7-5  [bld][cmp][dl] (166.66 kB) + ✔ libgmp3-dev
+ partitions   1.10-9 [bld][cmp][dl] (489.56 kB)
+ sets         1.0-25 [bld][cmp][dl] (275.34 kB)
✔ All system requirements are already installed.
  
ℹ Getting 4 pkgs (1.19 MB)
✔ Got gmp 0.7-5 (source) (166.66 kB)
✔ Got partitions 1.10-9 (source) (489.56 kB)
✔ Got sets 1.0-25 (source) (275.34 kB)
✔ Got binGroup 2.2-3 (source) (260.97 kB)
ℹ Building gmp 0.7-5
ℹ Building sets 1.0-25
✔ Built sets 1.0-25 (2.8s)
✔ Installed sets 1.0-25  (158ms)
✔ Built gmp 0.7-5 (13.2s)
✔ Installed gmp 0.7-5  (507ms)
ℹ Building partitions 1.10-9
✔ Built partitions 1.10-9 (1.8s)
✔ Installed partitions 1.10-9  (157ms)
ℹ Building binGroup 2.2-3
✔ Built binGroup 2.2-3 (5.6s)
✔ Installed binGroup 2.2-3  (127ms)
✔ 1 pkg + 6 deps: kept 3, added 4, dld 4 (1.19 MB) [23.2s]
Installing Biobase...
 
  
ℹ No downloads are needed
✔ 1 pkg + 2 deps: kept 3 [781ms]
Installing BiocBaseUtils...
 
  
ℹ No downloads are needed
✔ 1 pkg: kept 1 [633ms]
Installing BiocFileCache...
 
✔ All system requirements are already installed.
  
ℹ No downloads are needed
✔ 1 pkg + 35 deps: kept 36 [1.1s]
Installing BiocGenerics...
 
  
ℹ No downloads are needed
✔ 1 pkg + 1 dep: kept 2 [697ms]
Installing BiocHubsShiny...
 
→ Will install 4 packages.
→ Will download 2 CRAN packages (1.76 MB), cached: 2 (0 B).
+ BiocHubsShiny     1.10.0 [bld]
+ rclipboard        0.2.1  [bld][dl] (7.03 kB)
+ shinyAce          0.4.4  [bld][dl] (1.75 MB)
+ shinybiocloader   1.0.0  [bld]
✔ All system requirements are already installed.
  
ℹ Getting 2 pkgs (1.76 MB), 2 cached
✔ Got rclipboard 0.2.1 (source) (7.03 kB)
✔ Got shinybiocloader 1.0.0 (source) (30.03 kB)
✔ Got shinyAce 0.4.4 (source) (1.75 MB)
✔ Got BiocHubsShiny 1.10.0 (source) (1.68 MB)
ℹ Building rclipboard 0.2.1
ℹ Building shinyAce 0.4.4
ℹ Building shinybiocloader 1.0.0
✔ Built shinybiocloader 1.0.0 (1s)
✔ Installed shinybiocloader 1.0.0  (163ms)
✔ Built rclipboard 0.2.1 (1.4s)
✔ Installed rclipboard 0.2.1  (114ms)
✔ Built shinyAce 0.4.4 (2.2s)
✔ Installed shinyAce 0.4.4  (1.6s)
ℹ Building BiocHubsShiny 1.10.0
✔ Built BiocHubsShiny 1.10.0 (5.8s)
✔ Installed BiocHubsShiny 1.10.0  (146ms)
✔ 1 pkg + 88 deps: kept 84, added 4, dld 4 (3.47 MB) [12.9s]
Installing BiocIO...
 
  
ℹ No downloads are needed
✔ 1 pkg + 3 deps: kept 4 [797ms]
Installing BiocManager...
 
  
ℹ No downloads are needed
✔ 1 pkg: kept 1 [687ms]
Installing BiocNeighbors...
 
→ Will install 1 package.
→ The package (0 B) is cached.
+ BiocNeighbors   2.4.0 [bld][cmp]
  
ℹ No downloads are needed, 1 pkg is cached
ℹ Building BiocNeighbors 2.4.0
✔ Built BiocNeighbors 2.4.0 (25.8s)
✔ Installed BiocNeighbors 2.4.0  (298ms)
✔ 1 pkg + 2 deps: kept 1, added 1 [27s]
Installing BiocParallel...
 
  
ℹ No downloads are needed
✔ 1 pkg + 6 deps: kept 7 [1.1s]
Installing BiocSingular...
 
  
ℹ No downloads are needed
✔ 1 pkg + 25 deps: kept 25 [1.1s]
Installing BiocStyle...
 
→ Will install 2 packages.
→ Will download 1 CRAN package (864.38 kB), cached: 1 (0 B).
+ BiocStyle   2.38.0 [bld]
+ bookdown    0.46   [bld][dl] (864.38 kB) + ✔ pandoc
✔ All system requirements are already installed.
  
ℹ Getting 1 pkg (864.38 kB), 1 cached
✔ Got BiocStyle 2.38.0 (source) (908.65 kB)
✔ Got bookdown 0.46 (source) (864.38 kB)
ℹ Building bookdown 0.46
✔ Built bookdown 0.46 (2.2s)
✔ Installed bookdown 0.46  (420ms)
ℹ Building BiocStyle 2.38.0
✔ Built BiocStyle 2.38.0 (1.3s)
✔ Installed BiocStyle 2.38.0  (280ms)
✔ 1 pkg + 28 deps: kept 27, added 2, dld 2 (1.77 MB) [6.1s]
Installing BiocWorkflowTools...
 
→ Will install 1 package.
→ The package (0 B) is cached.
+ BiocWorkflowTools   1.36.0 [bld]
✔ All system requirements are already installed.
  
ℹ No downloads are needed, 1 pkg is cached
✔ Got BiocWorkflowTools 1.36.0 (source) (998.95 kB)
ℹ Building BiocWorkflowTools 1.36.0
✔ Built BiocWorkflowTools 1.36.0 (1.5s)
✔ Installed BiocWorkflowTools 1.36.0  (177ms)
✔ 1 pkg + 55 deps: kept 55, added 1, dld 1 (998.95 kB) [5s]
Installing Biostrings...
 
  
ℹ No downloads are needed
✔ 1 pkg + 7 deps: kept 8 [767ms]
Installing biovizBase...
 
✔ All system requirements are already installed.
  
ℹ No downloads are needed
✔ 1 pkg + 114 deps: kept 115 [1.9s]
Installing bipartite...
 
→ Will install 2 packages.
→ Will download 2 CRAN packages (4.81 MB).
+ bipartite   2.23 [bld][cmp][dl] (4.50 MB)
+ sna         2.8  [bld][cmp][dl] (305.54 kB)
✔ All system requirements are already installed.
  
ℹ Getting 2 pkgs (4.81 MB)
✔ Got sna 2.8 (source) (305.54 kB)
✔ Got bipartite 2.23 (source) (4.50 MB)
ℹ Building sna 2.8
✔ Built sna 2.8 (8.9s)
✔ Installed sna 2.8  (1.1s)
ℹ Building bipartite 2.23
✔ Built bipartite 2.23 (9.3s)
✔ Installed bipartite 2.23  (203ms)
✔ 1 pkg + 31 deps: kept 29, added 2, dld 2 (4.81 MB) [22.3s]
Installing bit...
 
  
ℹ No downloads are needed
✔ 1 pkg: kept 1 [684ms]
Installing bit64...
 
  
ℹ No downloads are needed
✔ 1 pkg + 1 dep: kept 2 [694ms]
Installing bitops...
 
  
ℹ No downloads are needed
✔ 1 pkg: kept 1 [693ms]
Installing blastula...
 
→ Will install 1 package.
→ Will download 1 CRAN package (1.26 MB).
+ blastula   0.3.6 [bld][dl] (1.26 MB) + ✔ pandoc
✔ All system requirements are already installed.
  
ℹ Getting 1 pkg (1.26 MB)
✔ Got blastula 0.3.6 (source) (1.26 MB)
ℹ Building blastula 0.3.6
✔ Built blastula 0.3.6 (1.5s)
✔ Installed blastula 0.3.6  (698ms)
✔ 1 pkg + 49 deps: kept 49, added 1, dld 1 (1.26 MB) [3.9s]
Installing blme...
 
→ Will install 1 package.
→ Will download 1 CRAN package (39.44 kB).
+ blme   1.0-6 [bld][dl] (39.44 kB)
✔ All system requirements are already installed.
  
ℹ Getting 1 pkg (39.44 kB)
✔ Got blme 1.0-6 (source) (39.44 kB)
ℹ Building blme 1.0-6
✔ Built blme 1.0-6 (3.7s)
✔ Installed blme 1.0-6  (120ms)
✔ 1 pkg + 13 deps: kept 12, added 1, dld 1 (39.44 kB) [5.5s]
Installing blob...
 
  
ℹ No downloads are needed
✔ 1 pkg + 5 deps: kept 6 [763ms]
Installing bluster...
 
→ Will install 1 package.
→ The package (0 B) is cached.
+ bluster   1.20.0 [bld][cmp]
✔ All system requirements are already installed.
  
ℹ No downloads are needed, 1 pkg is cached
ℹ Building bluster 1.20.0
✔ Built bluster 1.20.0 (11.8s)
✔ Installed bluster 1.20.0  (193ms)
✔ 1 pkg + 24 deps: kept 23, added 1 [13.1s]
Installing bookdown...
 
✔ All system requirements are already installed.
  
ℹ No downloads are needed
✔ 1 pkg + 26 deps: kept 27 [1s]
Installing BradleyTerry2...
 
→ Will install 2 packages.
→ Will download 2 CRAN packages (497.44 kB).
+ BradleyTerry2   1.1.3 [bld][dl] (470.41 kB)
+ brglm           0.7.3 [bld][cmp][dl] (27.03 kB)
✔ All system requirements are already installed.
  
ℹ Getting 2 pkgs (497.44 kB)
✔ Got brglm 0.7.3 (source) (27.03 kB)
✔ Got BradleyTerry2 1.1.3 (source) (470.41 kB)
ℹ Building brglm 0.7.3
✔ Built brglm 0.7.3 (943ms)
✔ Installed brglm 0.7.3  (1.1s)
ℹ Building BradleyTerry2 1.1.3
✔ Built BradleyTerry2 1.1.3 (3.3s)
✔ Installed BradleyTerry2 1.1.3  (150ms)
✔ 1 pkg + 17 deps: kept 15, added 2, dld 2 (497.44 kB) [7.5s]
Installing brew...
 
  
ℹ No downloads are needed
✔ 1 pkg: kept 1 [680ms]
Installing brglm...
 
  
ℹ No downloads are needed
✔ 1 pkg + 1 dep: kept 2 [699ms]
Installing bridgesampling...
 
→ Will install 2 packages.
→ Will download 2 CRAN packages (1.51 MB).
+ bridgesampling   1.2-1 [bld][dl] (1.19 MB)
+ Brobdingnag      1.2-9 [bld][dl] (311.99 kB)
✔ All system requirements are already installed.
  
ℹ Getting 2 pkgs (1.51 MB)
✔ Got bridgesampling 1.2-1 (source) (1.19 MB)
✔ Got Brobdingnag 1.2-9 (source) (311.99 kB)
ℹ Building Brobdingnag 1.2-9
✔ Built Brobdingnag 1.2-9 (4.3s)
✔ Installed Brobdingnag 1.2-9  (163ms)
ℹ Building bridgesampling 1.2-1
✔ Built bridgesampling 1.2-1 (3s)
✔ Installed bridgesampling 1.2-1  (224ms)
✔ 1 pkg + 19 deps: kept 18, added 2, dld 2 (1.51 MB) [9.4s]
Installing brio...
 
  
ℹ No downloads are needed
✔ 1 pkg: kept 1 [708ms]
Installing brms...
 
→ Will install 4 packages.
→ Will download 2 CRAN packages (5.27 MB), cached: 2 (15.86 MB).
+ BH        1.90.0-1 [bld]
+ brms      2.23.0   [bld][dl] (5.19 MB)
+ nleqslv   3.3.5    [bld][cmp][dl] (82.47 kB)
+ rstan     2.32.7   [bld][cmp] + ✔ make, ✔ pandoc
✔ All system requirements are already installed.
  
ℹ Getting 2 pkgs (5.27 MB), 2 (15.86 MB) cached
✔ Got nleqslv 3.3.5 (source) (82.47 kB)
✔ Got brms 2.23.0 (source) (5.19 MB)
ℹ Building nleqslv 3.3.5
✔ Built nleqslv 3.3.5 (1.9s)
✔ Installed nleqslv 3.3.5  (175ms)
✔ Installed BH 1.90.0-1  (1m 26.8s)
ℹ Building rstan 2.32.7
✖ Failed to build rstan 2.32.7 (411ms)
  FAILED: ! error in pak subprocess
Caused by error in `stop_task_build(state, worker)`:
! Failed to build source package rstan.
Full installation output:
ERROR: dependency ‘BH’ is not available for package ‘rstan’
Perhaps try a variation of:
install.packages('BH')
* removing ‘/tmp/RtmprkhCeh/pkg-lib2c74a331f121d8/rstan’
Installing Brobdingnag...
 
  
ℹ No downloads are needed
✔ 1 pkg + 2 deps: kept 3 [1.1s]
Installing broom...
 
✔ All system requirements are already installed.
  
ℹ No downloads are needed
✔ 1 pkg + 20 deps: kept 21 [1s]
Installing broom.helpers...
 
→ Will install 1 package.
→ Will download 1 CRAN package (202.74 kB).
+ broom.helpers   1.22.0 [bld][dl] (202.74 kB)
✔ All system requirements are already installed.
  
ℹ Getting 1 pkg (202.74 kB)
✔ Got broom.helpers 1.22.0 (source) (202.74 kB)
ℹ Building broom.helpers 1.22.0
✔ Built broom.helpers 1.22.0 (2.6s)
✔ Installed broom.helpers 1.22.0  (212ms)
✔ 1 pkg + 33 deps: kept 33, added 1, dld 1 (202.74 kB) [6.1s]
Installing broom.mixed...
 
→ Will install 1 package.
→ Will download 1 CRAN package (5.15 MB).
+ broom.mixed   0.2.9.6 [bld][dl] (5.15 MB)
✔ All system requirements are already installed.
  
ℹ Getting 1 pkg (5.15 MB)
✔ Got broom.mixed 0.2.9.6 (source) (5.15 MB)
ℹ Building broom.mixed 0.2.9.6
✔ Built broom.mixed 0.2.9.6 (2.9s)
✔ Installed broom.mixed 0.2.9.6  (219ms)
✔ 1 pkg + 32 deps: kept 32, added 1, dld 1 (5.15 MB) [5.3s]
Installing bs4Dash...
 
→ Will install 2 packages.
→ Will download 2 CRAN packages (3.19 MB).
+ bs4Dash   2.3.5 [bld][dl] (1.36 MB)
+ fresh     0.2.2 [bld][dl] (1.83 MB)
✔ All system requirements are already installed.
  
ℹ Getting 2 pkgs (3.19 MB)
✔ Got fresh 0.2.2 (source) (1.83 MB)
✔ Got bs4Dash 2.3.5 (source) (1.36 MB)
ℹ Building fresh 0.2.2
✔ Built fresh 0.2.2 (2.3s)
✔ Installed fresh 0.2.2  (1.9s)
ℹ Building bs4Dash 2.3.5
✔ Built bs4Dash 2.3.5 (3.3s)
✔ Installed bs4Dash 2.3.5  (425ms)
✔ 1 pkg + 38 deps: kept 36, added 2, dld 2 (3.19 MB) [10.3s]
Installing BSgenome...
 
✔ All system requirements are already installed.
  
ℹ No downloads are needed
✔ 1 pkg + 45 deps: kept 46 [1.3s]
Installing BSgenome.Hsapiens.UCSC.hg19...
 
→ Will install 1 package.
→ The package (0 B) is cached.
+ BSgenome.Hsapiens.UCSC.hg19   1.4.3 [bld]
✔ All system requirements are already installed.
  
ℹ No downloads are needed, 1 pkg is cached
✔ Got BSgenome.Hsapiens.UCSC.hg19 1.4.3 (source) (710.25 MB)
ℹ Building BSgenome.Hsapiens.UCSC.hg19 1.4.3
✔ Built BSgenome.Hsapiens.UCSC.hg19 1.4.3 (1m 4.6s)
✔ Installed BSgenome.Hsapiens.UCSC.hg19 1.4.3  (6.6s)
✔ 1 pkg + 46 deps: kept 46, added 1, dld 1 (710.25 MB) [1m 34.4s]
Installing BSgenome.Hsapiens.UCSC.hg38...
 
→ Will install 1 package.
→ The package (0 B) is cached.
+ BSgenome.Hsapiens.UCSC.hg38   1.4.5 [bld]
✔ All system requirements are already installed.
  
ℹ No downloads are needed, 1 pkg is cached
✔ Got BSgenome.Hsapiens.UCSC.hg38 1.4.5 (source) (731.25 MB)
ℹ Building BSgenome.Hsapiens.UCSC.hg38 1.4.5
✔ Built BSgenome.Hsapiens.UCSC.hg38 1.4.5 (1m 6.1s)
✔ Installed BSgenome.Hsapiens.UCSC.hg38 1.4.5  (6.7s)
✔ 1 pkg + 48 deps: kept 48, added 1, dld 1 (731.25 MB) [1m 36.7s]
Installing BSgenome.Scerevisiae.UCSC.sacCer3...
 
→ Will install 1 package.
→ The package (0 B) is cached.
+ BSgenome.Scerevisiae.UCSC.sacCer3   1.4.0 [bld]
✔ All system requirements are already installed.
  
ℹ No downloads are needed, 1 pkg is cached
✔ Got BSgenome.Scerevisiae.UCSC.sacCer3 1.4.0 (source) (2.97 MB)
ℹ Building BSgenome.Scerevisiae.UCSC.sacCer3 1.4.0
✔ Built BSgenome.Scerevisiae.UCSC.sacCer3 1.4.0 (11.8s)
✔ Installed BSgenome.Scerevisiae.UCSC.sacCer3 1.4.0  (132ms)
✔ 1 pkg + 46 deps: kept 46, added 1, dld 1 (2.97 MB) [15.2s]
Installing bslib...
 
✔ All system requirements are already installed.
  
ℹ No downloads are needed
✔ 1 pkg + 17 deps: kept 18 [1.1s]
Installing bsplus...
 
✔ All system requirements are already installed.
  
ℹ No downloads are needed
✔ 1 pkg + 34 deps: kept 35 [1.4s]
Installing btergm...
 
→ Will install 4 packages.
→ Will download 4 CRAN packages (2.73 MB).
+ btergm   1.11.1 [bld][dl] (398.77 kB)
+ ergm     4.11.0 [bld][cmp][dl] (2.10 MB)
+ rle      0.10.0 [bld][cmp][dl] (19.03 kB)
+ trust    0.1-8  [bld][dl] (214.64 kB)
✔ All system requirements are already installed.
  
ℹ Getting 4 pkgs (2.73 MB)
✔ Got ergm 4.11.0 (source) (2.10 MB)
✔ Got rle 0.10.0 (source) (19.03 kB)
✔ Got btergm 1.11.1 (source) (398.77 kB)
✔ Got trust 0.1-8 (source) (214.64 kB)
ℹ Building rle 0.10.0
ℹ Building trust 0.1-8
✔ Built trust 0.1-8 (694ms)
✔ Built rle 0.10.0 (849ms)
✔ Installed trust 0.1-8  (255ms)
✔ Installed rle 0.10.0  (111ms)
ℹ Building ergm 4.11.0
✔ Built ergm 4.11.0 (32.5s)
✔ Installed ergm 4.11.0  (586ms)
ℹ Building btergm 1.11.1
✔ Built btergm 1.11.1 (5.5s)
✔ Installed btergm 1.11.1  (1.1s)
✔ 1 pkg + 44 deps: kept 41, added 4, dld 4 (2.73 MB) [44.2s]
Installing BUSpaRse...
 
→ Will install 2 packages.
→ All 2 packages (14.31 MB) are cached.
+ BH         1.90.0-1 [bld]
+ BUSpaRse   1.24.0   [bld][cmp] + ✔ make
✔ All system requirements are already installed.
  
ℹ No downloads are needed, 2 pkgs (14.31 MB) are cached
✔ Got BUSpaRse 1.24.0 (source) (645.70 kB)
✔ Installed BH 1.90.0-1  (2m 20s)
ℹ Building BUSpaRse 1.24.0
✖ Failed to build BUSpaRse 1.24.0 (271ms)
  FAILED: ! error in pak subprocess
Caused by error in `stop_task_build(state, worker)`:
! Failed to build source package BUSpaRse.
Full installation output:
ERROR: dependency ‘BH’ is not available for package ‘BUSpaRse’
Perhaps try a variation of:
install.packages('BH')
* removing ‘/tmp/RtmprkhCeh/pkg-lib2c74a37e533269/BUSpaRse’
Installing butcher...
 
  
ℹ No downloads are needed
✔ 1 pkg + 14 deps: kept 15 [1.3s]
Installing C50...
 
→ Will install 2 packages.
→ Will download 2 CRAN packages (1.77 MB).
+ C50      0.2.0 [bld][cmp][dl] (273.56 kB)
+ Cubist   0.5.1 [bld][cmp][dl] (1.49 MB)
✔ All system requirements are already installed.
  
ℹ Getting 2 pkgs (1.77 MB)
✔ Got Cubist 0.5.1 (source) (1.49 MB)
✔ Got C50 0.2.0 (source) (273.56 kB)
ℹ Building Cubist 0.5.1
✔ Built Cubist 0.5.1 (5s)
✔ Installed Cubist 0.5.1  (149ms)
ℹ Building C50 0.2.0
✔ Built C50 0.2.0 (7.6s)
✔ Installed C50 0.2.0  (152ms)
✔ 1 pkg + 21 deps: kept 19, added 2, dld 2 (1.77 MB) [15.3s]
Installing ca...
 
  
ℹ No downloads are needed
✔ 1 pkg: kept 1 [853ms]
Installing cache...
 
→ Will install 1 package.
→ Will download 1 CRAN package (3.82 kB).
+ cache   0.0.3 [bld][dl] (3.82 kB)
  
ℹ Getting 1 pkg (3.82 kB)
✔ Got cache 0.0.3 (source) (3.82 kB)
ℹ Building cache 0.0.3
✔ Built cache 0.0.3 (728ms)
✔ Installed cache 0.0.3  (104ms)
✔ 1 pkg + 5 deps: kept 5, added 1, dld 1 (3.82 kB) [2.4s]
Installing cachem...
 
  
ℹ No downloads are needed
✔ 1 pkg + 2 deps: kept 3 [1s]
Installing Cairo...
 
✔ All system requirements are already installed.
  
ℹ No downloads are needed
✔ 1 pkg: kept 1 [814ms]
Installing callr...
 
  
ℹ No downloads are needed
✔ 1 pkg + 3 deps: kept 4 [895ms]
Installing car...
 
✔ All system requirements are already installed.
  
ℹ No downloads are needed
✔ 1 pkg + 72 deps: kept 72 [1.7s]
Installing carData...
 
  
ℹ No downloads are needed
✔ 1 pkg: kept 1 [777ms]
Installing cards...
 
✔ All system requirements are already installed.
  
ℹ No downloads are needed
✔ 1 pkg + 19 deps: kept 20 [1.1s]
Installing cardx...
 
✔ All system requirements are already installed.
  
ℹ No downloads are needed
✔ 1 pkg + 20 deps: kept 21 [1.1s]
Installing caret...
 
→ Will install 1 package.
→ Will download 1 CRAN package (2.27 MB).
+ caret   7.0-1 [bld][cmp][dl] (2.27 MB)
✔ All system requirements are already installed.
  
ℹ Getting 1 pkg (2.27 MB)
✔ Got caret 7.0-1 (source) (2.27 MB)
ℹ Building caret 7.0-1
✔ Built caret 7.0-1 (13.5s)
✔ Installed caret 7.0-1  (234ms)
✔ 1 pkg + 71 deps: kept 70, added 1, dld 1 (2.27 MB) [16.7s]
