=== Phase 2: Installing leaf packages (task 10) ===
Package file: /home/domeally/workspaces/vscode-rbioc/slurm_install/pkgs_leaf_010.txt
Library: /packages/singularity/shared_cache/rbioc/rlibs/bioc-3.22
Installing leaflet.providers...
ℹ Loading metadata database
✔ Loading metadata database ... done

 
  
ℹ No downloads are needed
✔ 1 pkg + 5 deps: kept 6 [4.5s]
Installing leafsync...
 
✖ Missing 1 system package. You'll probably need to install it manually:
+ libabsl-dev  - s2
ℹ No downloads are needed
✔ 1 pkg + 54 deps: kept 54 [1.7s]
Installing leaps...
 
  
ℹ No downloads are needed
✔ 1 pkg: kept 1 [845ms]
Installing LearnBayes...
 
  
ℹ No downloads are needed
✔ 1 pkg: kept 1 [781ms]
Installing learnr...
 
✔ All system requirements are already installed.
  
ℹ No downloads are needed
✔ 1 pkg + 44 deps: kept 44 [1.5s]
Installing leidenAlg...
 
✔ All system requirements are already installed.
  
ℹ No downloads are needed
✔ 1 pkg + 138 deps: kept 138 [2.5s]
Installing leidenbase...
 
✔ All system requirements are already installed.
  
ℹ No downloads are needed
✔ 1 pkg + 10 deps: kept 11 [967ms]
Installing lfda...
 
  
ℹ No downloads are needed
✔ 1 pkg + 6 deps: kept 6 [909ms]
Installing lfe...
 
  
ℹ No downloads are needed
✔ 1 pkg + 6 deps: kept 7 [994ms]
Installing lgr...
 
  
ℹ No downloads are needed
✔ 1 pkg + 1 dep: kept 2 [864ms]
Installing lhs...
 
  
ℹ No downloads are needed
✔ 1 pkg + 1 dep: kept 1 [877ms]
Installing libcoin...
 
  
ℹ No downloads are needed
✔ 1 pkg + 1 dep: kept 2 [950ms]
Installing welch-lab/liger@v2.2.1...
 
→ Will update 1 package.
→ The package (0 B) is cached.
+ rliger 2.2.1 → 2.2.1 [bld][cmp] (GitHub: b8dc651)
✔ All system requirements are already installed.
  
ℹ No downloads are needed, 1 pkg is cached
✔ Installed rliger 2.2.1 (github::welch-lab/liger@b8dc651) (402ms)
✔ 1 pkg + 163 deps: kept 162, upd 1 [4.4s]
Installing limma...
 
  
ℹ No downloads are needed
✔ 1 pkg + 1 dep: kept 2 [920ms]
Installing limSolve...
 
  
ℹ No downloads are needed
✔ 1 pkg + 3 deps: kept 4 [1.1s]
Installing linprog...
 
  
ℹ No downloads are needed
✔ 1 pkg + 1 dep: kept 2 [836ms]
Installing lintr...
 
✔ All system requirements are already installed.
  
ℹ No downloads are needed
✔ 1 pkg + 15 deps: kept 16 [980ms]
Installing listenv...
 
  
ℹ No downloads are needed
✔ 1 pkg: kept 1 [780ms]
Installing listviewer...
 
✔ All system requirements are already installed.
  
ℹ No downloads are needed
✔ 1 pkg + 38 deps: kept 38 [1.3s]
Installing litedown...
 
  
ℹ No downloads are needed
✔ 1 pkg + 2 deps: kept 3 [875ms]
Installing littler...
 
  
ℹ No downloads are needed
✔ 1 pkg: kept 1 [752ms]
Installing lm.beta...
 
  
ℹ No downloads are needed
✔ 1 pkg + 1 dep: kept 2 [828ms]
Installing lmds...
 
✔ All system requirements are already installed.
  
ℹ No downloads are needed
✔ 1 pkg + 28 deps: kept 28 [1.2s]
Installing lmerTest...
 
✔ All system requirements are already installed.
  
ℹ No downloads are needed
✔ 1 pkg + 29 deps: kept 29 [1.2s]
Installing lmodel2...
 
  
ℹ No downloads are needed
✔ 1 pkg: kept 1 [856ms]
Installing lmom...
 
  
ℹ No downloads are needed
✔ 1 pkg: kept 1 [824ms]
Installing lmtest...
 
  
ℹ No downloads are needed
✔ 1 pkg + 2 deps: kept 3 [929ms]
Installing lobstr...
 
  
ℹ No downloads are needed
✔ 1 pkg + 3 deps: kept 4 [865ms]
Installing locatexec...
 
  
ℹ No downloads are needed
✔ 1 pkg: kept 1 [843ms]
Installing locfdr...
 
  
ℹ No downloads are needed
✔ 1 pkg: kept 1 [1.1s]
Installing locfit...
 
  
ℹ No downloads are needed
✔ 1 pkg + 1 dep: kept 2 [842ms]
Installing logger...
 
  
ℹ No downloads are needed
✔ 1 pkg: kept 1 [828ms]
Installing logging...
 
  
ℹ No downloads are needed
✔ 1 pkg: kept 1 [821ms]
Installing logitr...
 
✔ All system requirements are already installed.
  
ℹ No downloads are needed
✔ 1 pkg + 15 deps: kept 16 [1s]
Installing loo...
 
✔ All system requirements are already installed.
  
ℹ No downloads are needed
✔ 1 pkg + 19 deps: kept 20 [1.1s]
Installing LoomExperiment...
 
✔ All system requirements are already installed.
  
ℹ No downloads are needed
✔ 1 pkg + 32 deps: kept 33 [1.3s]
Installing lpSolve...
 
  
ℹ No downloads are needed
✔ 1 pkg: kept 1 [838ms]
Installing lpSolveAPI...
 
  
ℹ No downloads are needed
✔ 1 pkg: kept 1 [786ms]
Installing lqmm...
 
  
ℹ No downloads are needed
✔ 1 pkg + 3 deps: kept 4 [940ms]
Installing lqr...
 
✖ Missing 1 system package. You'll probably need to install it manually:
+ pari-gp  - elliptic
ℹ No downloads are needed
✔ 1 pkg + 18 deps: kept 18 [1.1s]
Installing lsa...
 
  
ℹ No downloads are needed
✔ 1 pkg + 1 dep: kept 2 [912ms]
Installing lsmeans...
 
  
ℹ No downloads are needed
✔ 1 pkg + 5 deps: kept 6 [910ms]
Installing lwgeom...
 
✖ Missing 1 system package. You'll probably need to install it manually:
+ libabsl-dev  - s2
ℹ No downloads are needed
✔ 1 pkg + 13 deps: kept 13 [1.3s]
Installing magic...
 
  
ℹ No downloads are needed
✔ 1 pkg + 1 dep: kept 2 [861ms]
Installing magick...
 
✔ All system requirements are already installed.
  
ℹ No downloads are needed
✔ 1 pkg + 3 deps: kept 3 [904ms]
Installing magrittr...
 
  
ℹ No downloads are needed
✔ 1 pkg: kept 1 [786ms]
Installing mallet...
 
✔ All system requirements are already installed.
  
ℹ No downloads are needed
✔ 1 pkg + 3 deps: kept 4 [892ms]
Installing mapdata...
 
  
ℹ No downloads are needed
✔ 1 pkg + 1 dep: kept 2 [845ms]
Installing mapproj...
 
  
ℹ No downloads are needed
✔ 1 pkg + 1 dep: kept 2 [830ms]
Installing maps...
 
  
ℹ No downloads are needed
✔ 1 pkg: kept 1 [882ms]
Installing marginaleffects...
 
  
ℹ No downloads are needed
✔ 1 pkg + 7 deps: kept 8 [937ms]
Installing markdown...
 
  
ℹ No downloads are needed
✔ 1 pkg + 3 deps: kept 4 [846ms]
Installing MAST...
 
✔ All system requirements are already installed.
  
ℹ No downloads are needed
✔ 1 pkg + 46 deps: kept 46 [1.8s]
Installing MatchIt...
 
  
ℹ No downloads are needed
✔ 1 pkg + 7 deps: kept 7 [913ms]
Installing mathjaxr...
 
  
ℹ No downloads are needed
✔ 1 pkg: kept 1 [817ms]
Installing matrixcalc...
 
  
ℹ No downloads are needed
✔ 1 pkg: kept 1 [921ms]
Installing MatrixExtra...
 
  
ℹ No downloads are needed
✔ 1 pkg + 5 deps: kept 5 [885ms]
Installing MatrixModels...
 
  
ℹ No downloads are needed
✔ 1 pkg + 2 deps: kept 3 [918ms]
Installing maxLik...
 
  
ℹ No downloads are needed
✔ 1 pkg + 6 deps: kept 7 [961ms]
Installing maxstat...
 
  
ℹ No downloads are needed
✔ 1 pkg + 2 deps: kept 3 [1.1s]
Installing mboost...
 
  
ℹ No downloads are needed
✔ 1 pkg + 12 deps: kept 13 [978ms]
Installing mclust...
 
  
ℹ No downloads are needed
✔ 1 pkg: kept 1 [768ms]
Installing MCMCprecision...
 
  
ℹ No downloads are needed
✔ 1 pkg + 4 deps: kept 4 [985ms]
Installing mda...
 
  
ℹ No downloads are needed
✔ 1 pkg + 2 deps: kept 3 [833ms]
Installing medExtractR...
 
✔ All system requirements are already installed.
  
ℹ No downloads are needed
✔ 1 pkg + 8 deps: kept 9 [918ms]
Installing mediation...
 
✔ All system requirements are already installed.
  
ℹ No downloads are needed
✔ 1 pkg + 70 deps: kept 70 [1.7s]
Installing memoise...
 
  
ℹ No downloads are needed
✔ 1 pkg + 3 deps: kept 4 [1.1s]
Installing memuse...
 
  
ℹ No downloads are needed
✔ 1 pkg: kept 1 [801ms]
