=== Phase 2: Installing leaf packages (task 5) ===
Package file: /home/domeally/workspaces/vscode-rbioc/slurm_install/pkgs_leaf_005.txt
Library: /packages/singularity/shared_cache/rbioc/rlibs/bioc-3.22
Installing downloadthis...
ℹ Loading metadata database
✔ Loading metadata database ... done

 
✔ All system requirements are already installed.
  
ℹ No downloads are needed
✔ 1 pkg + 60 deps: kept 61 [5.1s]
Installing dqrng...
 
  
ℹ No downloads are needed
✔ 1 pkg + 1 dep: kept 1 [866ms]
Installing drake...
 
✔ All system requirements are already installed.
  
ℹ No downloads are needed
✔ 1 pkg + 19 deps: kept 20 [1.1s]
Installing drat...
 
  
ℹ No downloads are needed
✔ 1 pkg: kept 1 [853ms]
Installing drc...
 
✔ All system requirements are already installed.
  
ℹ No downloads are needed
✔ 1 pkg + 80 deps: kept 80 [1.9s]
Installing DRIMSeq...
 
✔ All system requirements are already installed.
  
ℹ No downloads are needed
✔ 1 pkg + 41 deps: kept 41 [1.2s]
Installing DRR...
 
  
ℹ No downloads are needed
✔ 1 pkg + 4 deps: kept 5 [834ms]
Installing DT...
 
✔ All system requirements are already installed.
  
ℹ No downloads are needed
✔ 1 pkg + 34 deps: kept 34 [1.2s]
Installing dtangle...
 
  
ℹ No downloads are needed
✔ 1 pkg + 1 dep: kept 2 [854ms]
Installing dtplyr...
 
  
ℹ No downloads are needed
✔ 1 pkg + 16 deps: kept 17 [992ms]
Installing dygraphs...
 
✔ All system requirements are already installed.
  
ℹ No downloads are needed
✔ 1 pkg + 31 deps: kept 32 [1.2s]
Installing dynamicTreeCut...
 
  
ℹ No downloads are needed
✔ 1 pkg: kept 1 [834ms]
Installing dyndimred...
 
✔ All system requirements are already installed.
  
ℹ No downloads are needed
✔ 1 pkg + 29 deps: kept 29 [1.3s]
Installing dynparam...
 
✔ All system requirements are already installed.
  
ℹ No downloads are needed
✔ 1 pkg + 31 deps: kept 31 [1.3s]
Installing dynutils...
 
✔ All system requirements are already installed.
  
ℹ No downloads are needed
✔ 1 pkg + 26 deps: kept 26 [1.2s]
Installing dynwrap...
 
✔ All system requirements are already installed.
  
ℹ No downloads are needed
✔ 1 pkg + 48 deps: kept 48 [1.6s]
Installing e1071...
 
  
ℹ No downloads are needed
✔ 1 pkg + 3 deps: kept 4 [903ms]
Installing earth...
 
  
ℹ No downloads are needed
✔ 1 pkg + 3 deps: kept 4 [873ms]
Installing easystats...
 
  
ℹ No downloads are needed
✔ 1 pkg + 27 deps: kept 28 [1.4s]
Installing EDASeq...
 
✔ All system requirements are already installed.
  
ℹ No downloads are needed
✔ 1 pkg + 99 deps: kept 99 [2s]
Installing edgeR...
 
  
ℹ No downloads are needed
✔ 1 pkg + 4 deps: kept 5 [843ms]
Installing effects...
 
✔ All system requirements are already installed.
  
ℹ No downloads are needed
✔ 1 pkg + 23 deps: kept 23 [1.1s]
Installing effectsize...
 
  
ℹ No downloads are needed
✔ 1 pkg + 5 deps: kept 6 [943ms]
Installing egg...
 
  
ℹ No downloads are needed
✔ 1 pkg + 17 deps: kept 18 [960ms]
Installing EGSEA...
 
✔ All system requirements are already installed.
  
ℹ No downloads are needed
✔ 1 pkg + 182 deps: kept 182 [3.1s]
Installing EGSEAdata...
 
  
ℹ No downloads are needed
✔ 1 pkg: kept 1 [773ms]
Installing elastic...
 
✔ All system requirements are already installed.
  
ℹ No downloads are needed
✔ 1 pkg + 13 deps: kept 13 [1s]
Installing ellipse...
 
  
ℹ No downloads are needed
✔ 1 pkg: kept 1 [1.1s]
Installing ellipsis...
 
  
ℹ No downloads are needed
✔ 1 pkg + 1 dep: kept 2 [851ms]
Installing elliptic...
 
✖ Missing 1 system package. You'll probably need to install it manually:
+ pari-gp  - elliptic
ℹ No downloads are needed
✔ 1 pkg + 1 dep: kept 2 [818ms]
Installing ellmer...
 
✔ All system requirements are already installed.
  
ℹ No downloads are needed
✔ 1 pkg + 26 deps: kept 26 [1.1s]
Installing emayili...
 
✔ All system requirements are already installed.
  
ℹ No downloads are needed
✔ 1 pkg + 53 deps: kept 53 [1.5s]
Installing emdbook...
 
  
ℹ No downloads are needed
✔ 1 pkg + 10 deps: kept 10 [996ms]
Installing emmeans...
 
  
ℹ No downloads are needed
✔ 1 pkg + 4 deps: kept 5 [828ms]
Installing energy...
 
✔ All system requirements are already installed.
  
ℹ No downloads are needed
✔ 1 pkg + 3 deps: kept 3 [879ms]
Installing EnhancedVolcano...
 
  
ℹ No downloads are needed
✔ 1 pkg + 18 deps: kept 18 [1.1s]
Installing enrichplot...
 
✔ All system requirements are already installed.
  
ℹ No downloads are needed
✔ 1 pkg + 123 deps: kept 123 [2.4s]
Installing enrichR...
 
✔ All system requirements are already installed.
  
ℹ No downloads are needed
✔ 1 pkg + 25 deps: kept 26 [1.1s]
Installing EnsDb.Hsapiens.v86...
 
✔ All system requirements are already installed.
  
ℹ No downloads are needed
✔ 1 pkg + 69 deps: kept 70 [1.8s]
Installing EnsDb.Mmusculus.v79...
 
✔ All system requirements are already installed.
  
ℹ No downloads are needed
✔ 1 pkg + 69 deps: kept 70 [1.9s]
Installing ensembldb...
 
✔ All system requirements are already installed.
  
ℹ No downloads are needed
✔ 1 pkg + 68 deps: kept 69 [1.5s]
Installing entropy...
 
  
ℹ No downloads are needed
✔ 1 pkg: kept 1 [776ms]
Installing EnvStats...
 
  
ℹ No downloads are needed
✔ 1 pkg + 18 deps: kept 19 [987ms]
Installing epiR...
 
✖ Missing 1 system package. You'll probably need to install it manually:
+ libabsl-dev  - s2
ℹ No downloads are needed
✔ 1 pkg + 76 deps: kept 76 [1.8s]
Installing ergm...
 
✔ All system requirements are already installed.
  
ℹ No downloads are needed
✔ 1 pkg + 34 deps: kept 35 [1.2s]
Installing escape...
 
  
ℹ No downloads are needed
✔ 1 pkg + 43 deps: kept 43 [1.5s]
Installing esquisse...
 
✔ All system requirements are already installed.
  
ℹ No downloads are needed
✔ 1 pkg + 93 deps: kept 93 [2.1s]
Installing estimability...
 
  
ℹ No downloads are needed
✔ 1 pkg: kept 1 [918ms]
Installing etrunct...
 
  
ℹ No downloads are needed
✔ 1 pkg: kept 1 [799ms]
Installing eulerr...
 
  
ℹ No downloads are needed
✔ 1 pkg + 4 deps: kept 4 [928ms]
Installing evaluate...
 
  
ℹ No downloads are needed
✔ 1 pkg: kept 1 [846ms]
Installing evd...
 
  
ℹ No downloads are needed
✔ 1 pkg: kept 1 [919ms]
Installing EWCE...
 
✔ All system requirements are already installed.
  
ℹ No downloads are needed
✔ 1 pkg + 194 deps: kept 194 [3.4s]
Installing ewceData...
 
✔ All system requirements are already installed.
  
ℹ No downloads are needed
✔ 1 pkg + 56 deps: kept 57 [1.7s]
Installing Exact...
 
  
ℹ No downloads are needed
✔ 1 pkg + 1 dep: kept 2 [836ms]
Installing exactRankTests...
 
  
ℹ No downloads are needed
✔ 1 pkg: kept 1 [885ms]
Installing expint...
 
  
ℹ No downloads are needed
✔ 1 pkg: kept 1 [879ms]
Installing expm...
 
  
ℹ No downloads are needed
✔ 1 pkg + 2 deps: kept 3 [875ms]
Installing extrafont...
 
  
ℹ No downloads are needed
✔ 1 pkg + 2 deps: kept 3 [949ms]
Installing extrafontdb...
 
  
ℹ No downloads are needed
✔ 1 pkg: kept 1 [814ms]
Installing factoextra...
 
✔ All system requirements are already installed.
  
ℹ No downloads are needed
✔ 1 pkg + 122 deps: kept 122 [2.4s]
Installing FactoMineR...
 
✔ All system requirements are already installed.
  
ℹ No downloads are needed
✔ 1 pkg + 110 deps: kept 110 [2.4s]
Installing fANCOVA...
 
  
ℹ No downloads are needed
✔ 1 pkg: kept 1 [831ms]
Installing fansi...
 
  
ℹ No downloads are needed
✔ 1 pkg: kept 1 [775ms]
Installing farver...
 
  
ℹ No downloads are needed
✔ 1 pkg: kept 1 [740ms]
Installing fastcluster...
 
  
ℹ No downloads are needed
✔ 1 pkg: kept 1 [758ms]
Installing fastDummies...
 
✔ All system requirements are already installed.
  
ℹ No downloads are needed
✔ 1 pkg + 13 deps: kept 14 [1s]
Installing fastGHQuad...
 
  
ℹ No downloads are needed
✔ 1 pkg + 1 dep: kept 1 [850ms]
