=== Phase 2: Installing leaf packages (task 11) ===
Package file: /home/domeally/workspaces/vscode-rbioc/slurm_install/pkgs_leaf_011.txt
Library: /packages/singularity/shared_cache/rbioc/rlibs/bioc-3.22
Installing metadat...
ℹ Loading metadata database
✔ Loading metadata database ... done

 
  
ℹ No downloads are needed
✔ 1 pkg + 1 dep: kept 2 [4.6s]
Installing metafor...
 
  
ℹ No downloads are needed
✔ 1 pkg + 8 deps: kept 9 [923ms]
Installing metap...
 
✔ All system requirements are already installed.
  
ℹ No downloads are needed
✔ 1 pkg + 30 deps: kept 30 [1.3s]
Installing metapod...
 
  
ℹ No downloads are needed
✔ 1 pkg + 1 dep: kept 1 [844ms]
Installing mets...
 
  
ℹ No downloads are needed
✔ 1 pkg + 18 deps: kept 18 [1.1s]
Installing mfx...
 
  
ℹ No downloads are needed
✔ 1 pkg + 10 deps: kept 11 [1.1s]
Installing mice...
 
✔ All system requirements are already installed.
  
ℹ No downloads are needed
✔ 1 pkg + 57 deps: kept 57 [1.6s]
Installing miceadds...
 
✔ All system requirements are already installed.
  
ℹ No downloads are needed
✔ 1 pkg + 60 deps: kept 60 [1.6s]
Installing microbenchmark...
 
  
ℹ No downloads are needed
✔ 1 pkg: kept 1 [1s]
Installing Microsoft365R...
 
✔ All system requirements are already installed.
  
ℹ No downloads are needed
✔ 1 pkg + 17 deps: kept 18 [1.1s]
Installing mime...
 
  
ℹ No downloads are needed
✔ 1 pkg: kept 1 [836ms]
Installing minioclient...
 
✔ All system requirements are already installed.
  
ℹ No downloads are needed
✔ 1 pkg + 6 deps: kept 7 [913ms]
Installing miniUI...
 
✔ All system requirements are already installed.
  
ℹ No downloads are needed
✔ 1 pkg + 30 deps: kept 30 [1.2s]
Installing minqa...
 
✔ All system requirements are already installed.
  
ℹ No downloads are needed
✔ 1 pkg + 1 dep: kept 1 [1.1s]
Installing mirai...
 
✔ All system requirements are already installed.
  
ℹ No downloads are needed
✔ 1 pkg + 1 dep: kept 2 [868ms]
Installing misc3d...
 
  
ℹ No downloads are needed
✔ 1 pkg: kept 1 [905ms]
Installing miscTools...
 
  
ℹ No downloads are needed
✔ 1 pkg + 1 dep: kept 2 [845ms]
Installing missForest...
 
  
ℹ No downloads are needed
✔ 1 pkg + 14 deps: kept 14 [1.1s]
Installing mitml...
 
✔ All system requirements are already installed.
  
ℹ No downloads are needed
✔ 1 pkg + 41 deps: kept 41 [1.5s]
Installing mitools...
 
  
ℹ No downloads are needed
✔ 1 pkg + 1 dep: kept 2 [825ms]
Installing mixsqp...
 
  
ℹ No downloads are needed
✔ 1 pkg + 4 deps: kept 4 [852ms]
Installing mixtools...
 
✔ All system requirements are already installed.
  
ℹ No downloads are needed
✔ 1 pkg + 70 deps: kept 70 [1.7s]
Installing mlapi...
 
  
ℹ No downloads are needed
✔ 1 pkg + 3 deps: kept 4 [966ms]
Installing mlbench...
 
  
ℹ No downloads are needed
✔ 1 pkg: kept 1 [793ms]
Installing mlflow...
 
✔ All system requirements are already installed.
  
ℹ No downloads are needed
✔ 1 pkg + 35 deps: kept 35 [1.2s]
Installing MLmetrics...
 
  
ℹ No downloads are needed
✔ 1 pkg + 6 deps: kept 7 [921ms]
Installing mlogit...
 
  
ℹ No downloads are needed
✔ 1 pkg + 9 deps: kept 10 [1.1s]
Installing mnormt...
 
  
ℹ No downloads are needed
✔ 1 pkg: kept 1 [792ms]
Installing mockery...
 
✔ All system requirements are already installed.
  
ℹ No downloads are needed
✔ 1 pkg + 23 deps: kept 24 [1.2s]
Installing mockr...
 
  
ℹ No downloads are needed
✔ 1 pkg + 2 deps: kept 3 [860ms]
Installing modeest...
 
  
ℹ No downloads are needed
✔ 1 pkg + 13 deps: kept 14 [993ms]
Installing modelbased...
 
  
ℹ No downloads are needed
✔ 1 pkg + 4 deps: kept 5 [1s]
Installing modeldata...
 
  
ℹ No downloads are needed
✔ 1 pkg + 17 deps: kept 18 [1.3s]
Installing modelenv...
 
  
ℹ No downloads are needed
✔ 1 pkg + 10 deps: kept 11 [928ms]
Installing ModelMetrics...
 
  
ℹ No downloads are needed
✔ 1 pkg + 2 deps: kept 2 [854ms]
Installing modelr...
 
✔ All system requirements are already installed.
  
ℹ No downloads are needed
✔ 1 pkg + 21 deps: kept 22 [1.1s]
Installing modeltests...
 
✔ All system requirements are already installed.
  
ℹ No downloads are needed
✔ 1 pkg + 32 deps: kept 33 [1.3s]
Installing modeltools...
 
  
ℹ No downloads are needed
✔ 1 pkg: kept 1 [835ms]
Installing MomTrunc...
 
✖ Missing 1 system package. You'll probably need to install it manually:
+ pari-gp  - elliptic
ℹ No downloads are needed
✔ 1 pkg + 8 deps: kept 8 [958ms]
Installing mongolite...
 
✔ All system requirements are already installed.
  
ℹ No downloads are needed
✔ 1 pkg + 5 deps: kept 6 [935ms]
Installing cole-trapnell-lab/monocle3@v1.4.26...
 
→ Will install 2 packages.
→ Will update 1 package.
→ All 3 packages (0 B) are cached.
+ BPCells          0.3.1  [bld][cmp] (GitHub: c293a0a)
+ monocle3         1.4.26 [bld][cmp] (GitHub: 4f4239a)
+ speedglm 0.3-5 → 0.3-4  [bld][cmp] (GitHub: ca34b4e)
✖ Missing 1 system package. You'll probably need to install it manually:
+ libabsl-dev  - s2
ℹ No downloads are needed, 3 pkgs are cached
ℹ Building speedglm 0.3-4
ℹ Building BPCells 0.3.1
✔ Built speedglm 0.3-4 (2.9s)
✔ Installed speedglm 0.3-4 (github::cole-trapnell-lab/speedglm@ca34b4e) (195ms)
✔ Built BPCells 0.3.1 (8m 14.7s)
✔ Installed BPCells 0.3.1 (github::bnprks/BPCells@c293a0a) (1.6s)
ℹ Building monocle3 1.4.26
✔ Built monocle3 1.4.26 (20.6s)
✔ Installed monocle3 1.4.26 (github::cole-trapnell-lab/monocle3@4f4239a) (269ms)
✔ 1 pkg + 195 deps: kept 192, upd 1, added 2 [8m 42.4s]
Installing MotifDb...
 
✔ All system requirements are already installed.
  
ℹ No downloads are needed
✔ 1 pkg + 47 deps: kept 48 [1.6s]
Installing motifStack...
 
✔ All system requirements are already installed.
  
ℹ No downloads are needed
✔ 1 pkg + 98 deps: kept 98 [2s]
Installing MPO.db...
 
✔ All system requirements are already installed.
  
ℹ No downloads are needed
✔ 1 pkg + 55 deps: kept 56 [1.5s]
Installing msigdbr...
 
✔ All system requirements are already installed.
  
ℹ No downloads are needed
✔ 1 pkg + 18 deps: kept 19 [1.1s]
Installing mstate...
 
  
ℹ No downloads are needed
✔ 1 pkg + 7 deps: kept 8 [964ms]
Installing MSwM...
 
  
ℹ No downloads are needed
✔ 1 pkg + 2 deps: kept 3 [860ms]
Installing muhaz...
 
  
ℹ No downloads are needed
✔ 1 pkg + 3 deps: kept 4 [956ms]
Installing multcomp...
 
  
ℹ No downloads are needed
✔ 1 pkg + 9 deps: kept 10 [1.1s]
Installing multcompView...
 
  
ℹ No downloads are needed
✔ 1 pkg: kept 1 [857ms]
Installing multgee...
 
  
ℹ No downloads are needed
✔ 1 pkg + 9 deps: kept 9 [1.1s]
Installing multicool...
 
  
ℹ No downloads are needed
✔ 1 pkg + 1 dep: kept 1 [1.1s]
Installing multinet...
 
✔ All system requirements are already installed.
  
ℹ No downloads are needed
✔ 1 pkg + 12 deps: kept 12 [994ms]
Installing multiplex...
 
  
ℹ No downloads are needed
✔ 1 pkg: kept 1 [831ms]
Installing multtest...
 
  
ℹ No downloads are needed
✔ 1 pkg + 7 deps: kept 8 [1.7s]
Installing MuMIn...
 
  
ℹ No downloads are needed
✔ 1 pkg + 4 deps: kept 5 [871ms]
Installing MungeSumstats...
 
✔ All system requirements are already installed.
  
ℹ No downloads are needed
✔ 1 pkg + 81 deps: kept 82 [1.9s]
Installing munsell...
 
  
ℹ No downloads are needed
✔ 1 pkg + 1 dep: kept 2 [814ms]
Installing Mus.musculus...
 
✔ All system requirements are already installed.
  
ℹ No downloads are needed
✔ 1 pkg + 70 deps: kept 71 [1.8s]
Installing muscData...
 
✔ All system requirements are already installed.
  
ℹ No downloads are needed
✔ 1 pkg + 67 deps: kept 68 [1.9s]
Installing mutoss...
 
  
ℹ No downloads are needed
✔ 1 pkg + 15 deps: kept 16 [1.1s]
Installing mvtnorm...
 
  
ℹ No downloads are needed
✔ 1 pkg: kept 1 [806ms]
Installing NACHO...
 
✔ All system requirements are already installed.
  
ℹ No downloads are needed
✔ 1 pkg + 56 deps: kept 56 [1.8s]
Installing naivebayes...
 
  
ℹ No downloads are needed
✔ 1 pkg: kept 1 [786ms]
Installing naniar...
 
✔ All system requirements are already installed.
  
ℹ No downloads are needed
✔ 1 pkg + 44 deps: kept 44 [1.4s]
Installing nanonext...
 
✔ All system requirements are already installed.
  
ℹ No downloads are needed
✔ 1 pkg: kept 1 [801ms]
Installing narray...
 
✔ All system requirements are already installed.
  
ℹ No downloads are needed
✔ 1 pkg + 15 deps: kept 15 [1.1s]
Installing ncdfFlow...
 
✔ All system requirements are already installed.
  
ℹ No downloads are needed
✔ 1 pkg + 10 deps: kept 10 [958ms]
