=== Phase 2: Installing leaf packages (task 15) ===
Package file: /home/domeally/workspaces/vscode-rbioc/slurm_install/pkgs_leaf_015.txt
Library: /packages/singularity/shared_cache/rbioc/rlibs/bioc-3.22
Installing RcppRoll...
ℹ Loading metadata database
✔ Loading metadata database ... done

 
  
ℹ No downloads are needed
✔ 1 pkg + 1 dep: kept 1 [6.5s]
Installing RcppTOML...
 
  
ℹ No downloads are needed
✔ 1 pkg + 1 dep: kept 1 [1.4s]
Installing RcppZiggurat...
 
  
ℹ No downloads are needed
✔ 1 pkg + 1 dep: kept 1 [902ms]
Installing RCurl...
 
✔ All system requirements are already installed.
  
ℹ No downloads are needed
✔ 1 pkg + 1 dep: kept 2 [1.1s]
Installing Rdpack...
 
  
ℹ No downloads are needed
✔ 1 pkg + 1 dep: kept 2 [881ms]
Installing reactable...
 
✔ All system requirements are already installed.
  
ℹ No downloads are needed
✔ 1 pkg + 28 deps: kept 29 [1.1s]
Installing reactR...
 
  
ℹ No downloads are needed
✔ 1 pkg + 5 deps: kept 6 [835ms]
Installing REBayes...
 
  
ℹ No downloads are needed
✔ 1 pkg + 3 deps: kept 4 [858ms]
Installing recipes...
 
✔ All system requirements are already installed.
  
ℹ No downloads are needed
✔ 1 pkg + 61 deps: kept 61 [1.9s]
Installing reformulas...
 
  
ℹ No downloads are needed
✔ 1 pkg + 4 deps: kept 5 [1.2s]
Installing registry...
 
  
ℹ No downloads are needed
✔ 1 pkg: kept 1 [871ms]
Installing relimp...
 
  
ℹ No downloads are needed
✔ 1 pkg: kept 1 [862ms]
Installing remaCor...
 
✔ All system requirements are already installed.
  
ℹ No downloads are needed
✔ 1 pkg + 28 deps: kept 28 [1.4s]
Installing rematch...
 
  
ℹ No downloads are needed
✔ 1 pkg: kept 1 [920ms]
Installing rematch2...
 
  
ℹ No downloads are needed
✔ 1 pkg + 10 deps: kept 11 [1.2s]
Installing remotes...
 
✔ All system requirements are already installed.
  
ℹ No downloads are needed
✔ 1 pkg: kept 1 [912ms]
Installing renv...
 
  
ℹ No downloads are needed
✔ 1 pkg: kept 1 [1.2s]
Installing repmis...
 
✔ All system requirements are already installed.
  
ℹ No downloads are needed
✔ 1 pkg + 16 deps: kept 16 [1.1s]
Installing report...
 
  
ℹ No downloads are needed
✔ 1 pkg + 6 deps: kept 7 [1s]
Installing ReportingTools...
 
✔ All system requirements are already installed.
  
ℹ No downloads are needed
✔ 1 pkg + 143 deps: kept 143 [2.9s]
Installing repr...
 
  
ℹ No downloads are needed
✔ 1 pkg + 12 deps: kept 13 [1s]
Installing reprex...
 
✔ All system requirements are already installed.
  
ℹ No downloads are needed
✔ 1 pkg + 32 deps: kept 33 [1.3s]
Installing resample...
 
  
ℹ No downloads are needed
✔ 1 pkg: kept 1 [883ms]
Installing reshape...
 
  
ℹ No downloads are needed
✔ 1 pkg + 2 deps: kept 2 [1s]
Installing reshape2...
 
✔ All system requirements are already installed.
  
ℹ No downloads are needed
✔ 1 pkg + 10 deps: kept 10 [1.1s]
Installing ResidualMatrix...
 
  
ℹ No downloads are needed
✔ 1 pkg + 13 deps: kept 14 [1.3s]
Installing restfulr...
 
✔ All system requirements are already installed.
  
ℹ No downloads are needed
✔ 1 pkg + 8 deps: kept 9 [1.1s]
Installing reticulate...
 
✔ All system requirements are already installed.
  
ℹ No downloads are needed
✔ 1 pkg + 11 deps: kept 11 [1.1s]
Installing revealjs...
 
✔ All system requirements are already installed.
  
ℹ No downloads are needed
✔ 1 pkg + 26 deps: kept 27 [1.5s]
Installing rex...
 
  
ℹ No downloads are needed
✔ 1 pkg + 1 dep: kept 2 [1.2s]
Installing Rfast...
 
✔ All system requirements are already installed.
  
ℹ No downloads are needed
✔ 1 pkg + 3 deps: kept 3 [1s]
Installing Rfast2...
 
✔ All system requirements are already installed.
  
ℹ No downloads are needed
✔ 1 pkg + 5 deps: kept 5 [970ms]
Installing rgeoda...
 
✖ Missing 1 system package. You'll probably need to install it manually:
+ libabsl-dev  - s2
ℹ No downloads are needed
✔ 1 pkg + 14 deps: kept 14 [1.1s]
Installing rgl...
 
✖ Missing 1 system package. You'll probably need to install it manually:
+ texlive  - rgl
ℹ No downloads are needed
✔ 1 pkg + 28 deps: kept 29 [1.4s]
Installing Rgraphviz...
 
  
ℹ No downloads are needed
✔ 1 pkg + 3 deps: kept 4 [877ms]
Installing rhdf5filters...
 
✔ All system requirements are already installed.
  
ℹ No downloads are needed
✔ 1 pkg: kept 1 [883ms]
Installing RhpcBLASctl...
 
  
ℹ No downloads are needed
✔ 1 pkg: kept 1 [815ms]
Installing Rhtslib...
 
✔ All system requirements are already installed.
  
ℹ No downloads are needed
✔ 1 pkg: kept 1 [937ms]
Installing rio...
 
✔ All system requirements are already installed.
  
ℹ No downloads are needed
✔ 1 pkg + 33 deps: kept 34 [1.3s]
Installing riskRegression...
 
✔ All system requirements are already installed.
  
ℹ No downloads are needed
✔ 1 pkg + 94 deps: kept 94 [2.7s]
Installing rjags...
 
✔ All system requirements are already installed.
  
ℹ No downloads are needed
✔ 1 pkg + 2 deps: kept 3 [1.1s]
Installing rJava...
 
✔ All system requirements are already installed.
  
ℹ No downloads are needed
✔ 1 pkg: kept 1 [887ms]
Installing rjson...
 
  
ℹ No downloads are needed
✔ 1 pkg: kept 1 [836ms]
Installing rjsoncons...
 
  
ℹ No downloads are needed
✔ 1 pkg + 10 deps: kept 11 [1.3s]
Installing rle...
 
  
ℹ No downloads are needed
✔ 1 pkg: kept 1 [917ms]
Installing rliger...
 
→ Will update 1 package.
→ The package (1.26 MB) is cached.
+ rliger 2.2.1 → 2.2.1 [bld][cmp]
✔ All system requirements are already installed.
  
ℹ No downloads are needed, 1 pkg (1.26 MB) is cached
✔ Installed rliger 2.2.1  (853ms)
✔ 1 pkg + 163 deps: kept 162, upd 1 [4.4s]
Installing RMariaDB...
 
✔ All system requirements are already installed.
  
ℹ No downloads are needed
✔ 1 pkg + 14 deps: kept 15 [1.1s]
Installing rmatio...
 
✔ All system requirements are already installed.
  
ℹ No downloads are needed
✔ 1 pkg + 2 deps: kept 3 [964ms]
Installing rmcorr...
 
  
ℹ No downloads are needed
✔ 1 pkg + 6 deps: kept 7 [1.1s]
Installing rms...
 
✔ All system requirements are already installed.
  
ℹ No downloads are needed
✔ 1 pkg + 69 deps: kept 70 [2.1s]
Installing rmutil...
 
  
ℹ No downloads are needed
✔ 1 pkg: kept 1 [935ms]
Installing Rnanoflann...
 
  
ℹ No downloads are needed
✔ 1 pkg + 1 dep: kept 1 [1.2s]
Installing RNAseqData.HNRNPC.bam.chr14...
 
  
ℹ No downloads are needed
✔ 1 pkg: kept 1 [848ms]
Installing rngtools...
 
  
ℹ No downloads are needed
✔ 1 pkg + 1 dep: kept 2 [925ms]
Installing rngWELL...
 
  
ℹ No downloads are needed
✔ 1 pkg: kept 1 [1.3s]
Installing RNOmni...
 
  
ℹ No downloads are needed
✔ 1 pkg + 2 deps: kept 2 [1000ms]
Installing robust...
 
  
ℹ No downloads are needed
✔ 1 pkg + 8 deps: kept 9 [1.2s]
Installing robustbase...
 
  
ℹ No downloads are needed
✔ 1 pkg + 1 dep: kept 2 [934ms]
Installing ROCR...
 
  
ℹ No downloads are needed
✔ 1 pkg + 5 deps: kept 6 [992ms]
Installing rootSolve...
 
  
ℹ No downloads are needed
✔ 1 pkg: kept 1 [901ms]
Installing ROSE...
 
  
ℹ No downloads are needed
✔ 1 pkg: kept 1 [822ms]
Installing rpart.plot...
 
  
ℹ No downloads are needed
✔ 1 pkg + 1 dep: kept 2 [900ms]
Installing RPostgres...
 
✔ All system requirements are already installed.
  
ℹ No downloads are needed
✔ 1 pkg + 15 deps: kept 16 [1s]
Installing RPostgreSQL...
 
  
ℹ No downloads are needed
✔ 1 pkg + 1 dep: kept 2 [893ms]
Installing rprojroot...
 
  
ℹ No downloads are needed
✔ 1 pkg: kept 1 [979ms]
Installing RProtoBuf...
 
✔ All system requirements are already installed.
  
ℹ No downloads are needed
✔ 1 pkg + 1 dep: kept 1 [892ms]
Installing RProtoBufLib...
 
✔ All system requirements are already installed.
  
ℹ No downloads are needed
✔ 1 pkg: kept 1 [880ms]
Installing rrcov...
 
  
ℹ No downloads are needed
✔ 1 pkg + 5 deps: kept 6 [1.2s]
