=== Phase 2: Installing leaf packages (task 16) ===
Package file: /home/domeally/workspaces/vscode-rbioc/slurm_install/pkgs_leaf_016.txt
Library: /packages/singularity/shared_cache/rbioc/rlibs/bioc-3.22
Installing rsample...
ℹ Loading metadata database
✔ Loading metadata database ... done

 
✔ All system requirements are already installed.
  
ℹ No downloads are needed
✔ 1 pkg + 28 deps: kept 29 [6.5s]
Installing rsconnect...
 
✔ All system requirements are already installed.
  
ℹ No downloads are needed
✔ 1 pkg + 20 deps: kept 20 [1.3s]
Installing RSeqAn...
 
  
ℹ No downloads are needed
✔ 1 pkg + 1 dep: kept 1 [882ms]
Installing rsparse...
 
  
ℹ No downloads are needed
✔ 1 pkg + 9 deps: kept 9 [1.1s]
Installing RSpectra...
 
  
ℹ No downloads are needed
✔ 1 pkg + 3 deps: kept 3 [930ms]
Installing RSQLite...
 
  
ℹ No downloads are needed
✔ 1 pkg + 13 deps: kept 14 [1.2s]
Installing rstan...
 
✔ All system requirements are already installed.
  
ℹ No downloads are needed
✔ 1 pkg + 42 deps: kept 42 [1.4s]
Installing rstanarm...
 
✔ All system requirements are already installed.
  
ℹ No downloads are needed
✔ 1 pkg + 112 deps: kept 112 [2.3s]
Installing rstantools...
 
✔ All system requirements are already installed.
  
ℹ No downloads are needed
✔ 1 pkg + 5 deps: kept 5 [1s]
Installing rstatix...
 
✔ All system requirements are already installed.
  
ℹ No downloads are needed
✔ 1 pkg + 74 deps: kept 74 [1.9s]
Installing rstpm2...
 
  
ℹ No downloads are needed
✔ 1 pkg + 13 deps: kept 13 [1.1s]
Installing rstudioapi...
 
  
ℹ No downloads are needed
✔ 1 pkg: kept 1 [967ms]
Installing Rsubread...
 
  
ℹ No downloads are needed
✔ 1 pkg + 2 deps: kept 3 [924ms]
Installing rsvd...
 
  
ℹ No downloads are needed
✔ 1 pkg + 2 deps: kept 3 [941ms]
Installing rsvg...
 
✔ All system requirements are already installed.
  
ℹ No downloads are needed
✔ 1 pkg: kept 1 [854ms]
Installing Rtsne...
 
  
ℹ No downloads are needed
✔ 1 pkg + 1 dep: kept 1 [991ms]
Installing Rttf2pt1...
 
  
ℹ No downloads are needed
✔ 1 pkg: kept 1 [845ms]
Installing RUnit...
 
  
ℹ No downloads are needed
✔ 1 pkg: kept 1 [889ms]
Installing RUVSeq...
 
✔ All system requirements are already installed.
  
ℹ No downloads are needed
✔ 1 pkg + 104 deps: kept 104 [2.4s]
Installing rversions...
 
✔ All system requirements are already installed.
  
ℹ No downloads are needed
✔ 1 pkg + 1 dep: kept 2 [886ms]
Installing rvest...
 
✔ All system requirements are already installed.
  
ℹ No downloads are needed
✔ 1 pkg + 22 deps: kept 23 [1.1s]
Installing rvg...
 
✔ All system requirements are already installed.
  
ℹ No downloads are needed
✔ 1 pkg + 39 deps: kept 39 [1.5s]
Installing rzmq...
 
✔ All system requirements are already installed.
  
ℹ No downloads are needed
✔ 1 pkg: kept 1 [947ms]
Installing s2...
 
✖ Missing 1 system package. You'll probably need to install it manually:
+ libabsl-dev  - s2
ℹ No downloads are needed
✔ 1 pkg + 2 deps: kept 2 [953ms]
Installing S4Arrays...
 
  
ℹ No downloads are needed
✔ 1 pkg + 7 deps: kept 8 [1s]
Installing S7...
 
  
ℹ No downloads are needed
✔ 1 pkg: kept 1 [885ms]
Installing safe...
 
✔ All system requirements are already installed.
  
ℹ No downloads are needed
✔ 1 pkg + 35 deps: kept 36 [1.3s]
Installing safer...
 
✔ All system requirements are already installed.
  
ℹ No downloads are needed
✔ 1 pkg + 3 deps: kept 4 [907ms]
Installing safetensors...
 
  
ℹ No downloads are needed
✔ 1 pkg + 4 deps: kept 5 [930ms]
Installing sandwich...
 
  
ℹ No downloads are needed
✔ 1 pkg + 2 deps: kept 3 [1.1s]
Installing sass...
 
✔ All system requirements are already installed.
  
ℹ No downloads are needed
✔ 1 pkg + 8 deps: kept 9 [991ms]
Installing scagnostics...
 
✔ All system requirements are already installed.
  
ℹ No downloads are needed
✔ 1 pkg + 1 dep: kept 2 [892ms]
Installing ScaledMatrix...
 
  
ℹ No downloads are needed
✔ 1 pkg + 13 deps: kept 14 [1s]
Installing scattermore...
 
  
ℹ No downloads are needed
✔ 1 pkg + 16 deps: kept 17 [1.4s]
Installing scatterpie...
 
✔ All system requirements are already installed.
  
ℹ No downloads are needed
✔ 1 pkg + 40 deps: kept 41 [1.4s]
Installing scatterplot3d...
 
  
ℹ No downloads are needed
✔ 1 pkg: kept 1 [1s]
Installing sccomp...
 
✔ All system requirements are already installed.
  
ℹ No downloads are needed
✔ 1 pkg + 64 deps: kept 64 [1.7s]
Installing sccore...
 
✔ All system requirements are already installed.
  
ℹ No downloads are needed
✔ 1 pkg + 137 deps: kept 137 [2.8s]
Installing scCustomize...
 
✔ All system requirements are already installed.
  
ℹ No downloads are needed
✔ 1 pkg + 159 deps: kept 159 [3.3s]
Installing scDblFinder...
 
✔ All system requirements are already installed.
  
ℹ No downloads are needed
✔ 1 pkg + 108 deps: kept 108 [2.7s]
Installing scGate...
 
✔ All system requirements are already installed.
  
ℹ No downloads are needed
✔ 1 pkg + 157 deps: kept 157 [3.4s]
Installing scone...
 
✔ All system requirements are already installed.
  
ℹ No downloads are needed
✔ 1 pkg + 168 deps: kept 168 [3.1s]
Installing scRNAseq...
 
✔ All system requirements are already installed.
  
ℹ No downloads are needed
✔ 1 pkg + 106 deps: kept 106 [2.4s]
Installing sda...
 
  
ℹ No downloads are needed
✔ 1 pkg + 3 deps: kept 4 [886ms]
Installing secretbase...
 
  
ℹ No downloads are needed
✔ 1 pkg: kept 1 [823ms]
Installing see...
 
  
ℹ No downloads are needed
✔ 1 pkg + 25 deps: kept 26 [1.3s]
Installing segmented...
 
  
ℹ No downloads are needed
✔ 1 pkg + 3 deps: kept 4 [885ms]
Installing selectr...
 
✔ All system requirements are already installed.
  
ℹ No downloads are needed
✔ 1 pkg + 9 deps: kept 10 [1s]
Installing sentencepiece...
 
  
ℹ No downloads are needed
✔ 1 pkg + 1 dep: kept 1 [970ms]
Installing SeqArray...
 
  
ℹ No downloads are needed
✔ 1 pkg + 11 deps: kept 12 [1.1s]
Installing seqinr...
 
✔ All system requirements are already installed.
  
ℹ No downloads are needed
✔ 1 pkg + 8 deps: kept 8 [1.3s]
Installing seqLogo...
 
  
ℹ No downloads are needed
✔ 1 pkg: kept 1 [842ms]
Installing seriation...
 
  
ℹ No downloads are needed
✔ 1 pkg + 17 deps: kept 18 [1s]
Installing servr...
 
✔ All system requirements are already installed.
  
ℹ No downloads are needed
✔ 1 pkg + 15 deps: kept 15 [980ms]
Installing sessioninfo...
 
  
ℹ No downloads are needed
✔ 1 pkg + 1 dep: kept 2 [870ms]
Installing sets...
 
  
ℹ No downloads are needed
✔ 1 pkg: kept 1 [949ms]
Installing settings...
 
  
ℹ No downloads are needed
✔ 1 pkg: kept 1 [853ms]
Installing satijalab/seurat-data@3e51f44...
 
✔ All system requirements are already installed.
  
ℹ No downloads are needed
✔ 1 pkg + 136 deps: kept 136 [3.4s]
Installing mojaveazure/seurat-disk@877d4e1...
 
✔ All system requirements are already installed.
  
ℹ No downloads are needed
✔ 1 pkg + 139 deps: kept 139 [3.3s]
Installing satijalab/seurat-wrappers@a1eb0d8...
 
✔ All system requirements are already installed.
  
ℹ No downloads are needed
✔ 1 pkg + 138 deps: kept 138 [3.4s]
Installing sf...
 
✖ Missing 1 system package. You'll probably need to install it manually:
+ libabsl-dev  - s2
ℹ No downloads are needed
✔ 1 pkg + 12 deps: kept 12 [1.2s]
Installing sfd...
 
  
ℹ No downloads are needed
✔ 1 pkg + 10 deps: kept 11 [961ms]
Installing sfheaders...
 
  
ℹ No downloads are needed
✔ 1 pkg + 1 dep: kept 1 [865ms]
Installing sfsmisc...
 
  
ℹ No downloads are needed
✔ 1 pkg: kept 1 [867ms]
Installing shadowtext...
 
✔ All system requirements are already installed.
  
ℹ No downloads are needed
✔ 1 pkg + 54 deps: kept 54 [1.6s]
Installing shape...
 
  
ℹ No downloads are needed
✔ 1 pkg: kept 1 [880ms]
Installing shapefiles...
 
  
ℹ No downloads are needed
✔ 1 pkg + 1 dep: kept 2 [901ms]
Installing shiny...
 
✔ All system requirements are already installed.
  
ℹ No downloads are needed
✔ 1 pkg + 29 deps: kept 29 [1.2s]
