Installing packages from: /home/domeally/workspaces/vscode-rbioc/slurm_install/pkgs_011.txt
Target library: /packages/singularity/shared_cache/rbioc/rlibs/bioc-3.22
Installing mets...
ℹ Loading metadata database
✔ Loading metadata database ... done

 
→ Will install 11 packages.
→ Will download 6 CRAN packages (6.49 MB), cached: 5 (832.75 kB).
+ future         1.68.0 [bld]
+ future.apply   1.20.1 [bld]
+ globals        0.18.0 [bld]
+ lava           1.8.2  [bld][dl] (1.20 MB)
+ listenv        0.10.0 [bld]
+ mets           1.3.8  [bld][cmp][dl] (3.47 MB)
+ mvtnorm        1.3-3  [bld][cmp][dl] (837.95 kB)
+ parallelly     1.46.0 [bld][cmp][dl] (332.92 kB)
+ progressr      0.18.0 [bld]
+ SQUAREM        2021.1 [bld][dl] (241.53 kB)
+ timereg        2.0.7  [bld][cmp][dl] (406.32 kB)
  
ℹ Getting 6 pkgs (6.49 MB), 5 (832.75 kB) cached
✔ Got mvtnorm 1.3-3 (source) (837.95 kB)
✔ Got lava 1.8.2 (source) (1.20 MB)
✔ Got parallelly 1.46.0 (source) (332.92 kB)
✔ Got SQUAREM 2021.1 (source) (241.53 kB)
✔ Got timereg 2.0.7 (source) (406.32 kB)
✔ Got mets 1.3.8 (source) (3.47 MB)
ℹ Building globals 0.18.0
ℹ Building listenv 0.10.0
ℹ Building mvtnorm 1.3-3
ℹ Building parallelly 1.46.0
ℹ Building progressr 0.18.0
ℹ Building SQUAREM 2021.1
✔ Built SQUAREM 2021.1 (1.8s)
✔ Installed SQUAREM 2021.1  (195ms)
✔ Built listenv 0.10.0 (2.5s)
✔ Built globals 0.18.0 (2.5s)
✔ Installed listenv 0.10.0  (156ms)
✔ Installed globals 0.18.0  (243ms)
✔ Built progressr 0.18.0 (3.1s)
✔ Installed progressr 0.18.0  (434ms)
✔ Built parallelly 1.46.0 (4s)
✔ Installed parallelly 1.46.0  (457ms)
ℹ Building future 1.68.0
✔ Built mvtnorm 1.3-3 (5.4s)
✔ Installed mvtnorm 1.3-3  (314ms)
✖ Failed to build future 1.68.0 (5.2s)
  FAILED: ! error in pak subprocess
Caused by error in `stop_task_build(state, worker)`:
! Failed to build source package future.
Full installation output:
* installing *source* package ‘future’ ...
** this is package ‘future’ version ‘1.68.0’
** package ‘future’ successfully unpacked and MD5 sums checked
staged installation is only possible with locking
** using non-staged installation
** R
** demo
** inst
** byte-compile and prepare package for lazy loading
** help
*** installing help indices
*** copying figures
** building package indices
** installing vignettes
** testing if installed package can be loaded
Error: package or namespace load failed for ‘future’ in loadNamespace(j <- i[[1L]], c(lib.loc, .libPaths()), versionCheck = vI[[j]]):
 there is no package called ‘parallelly’
Error: loading failed
Execution halted
ERROR: loading failed
* removing ‘/tmp/RtmpbSRdMO/pkg-lib106c5c4e6b4fe0/future’
Installing mfx...
 
→ Will install 4 packages.
→ Will download 4 CRAN packages (2.85 MB).
+ betareg      3.2-4  [bld][cmp][dl] (1.50 MB)
+ flexmix      2.3-20 [bld][dl] (1.16 MB)
+ mfx          1.2-4  [bld][dl] (172.24 kB)
+ modeltools   0.2-24 [bld][dl] (14.91 kB)
  
ℹ Getting 4 pkgs (2.85 MB)
✔ Got mfx 1.2-4 (source) (172.24 kB)
✔ Got flexmix 2.3-20 (source) (1.16 MB)
✔ Got modeltools 0.2-24 (source) (14.91 kB)
✔ Got betareg 3.2-4 (source) (1.50 MB)
ℹ Building modeltools 0.2-24
✔ Built modeltools 0.2-24 (1.6s)
✔ Installed modeltools 0.2-24  (130ms)
ℹ Building flexmix 2.3-20
✔ Built flexmix 2.3-20 (6.6s)
✔ Installed flexmix 2.3-20  (1.3s)
ℹ Building betareg 3.2-4
✔ Built betareg 3.2-4 (6.3s)
✔ Installed betareg 3.2-4  (1.2s)
ℹ Building mfx 1.2-4
✔ Built mfx 1.2-4 (2.3s)
✔ Installed mfx 1.2-4  (1.1s)
✔ 1 pkg + 10 deps: kept 7, added 4, dld 4 (2.85 MB) [23.9s]
Installing mice...
 
→ Will install 14 packages.
→ Will download 14 CRAN packages (8.11 MB).
+ clipr       0.8.0       [bld][dl] (21.90 kB) + ✔ libx11-dev
+ forcats     1.0.1       [bld][dl] (294.63 kB)
+ foreach     1.5.2       [bld][dl] (89.76 kB)
+ glmnet      4.1-10      [bld][cmp][dl] (2.42 MB)
+ haven       2.5.5       [bld][cmp][dl] (316.91 kB) + ✔ make, ✔ zlib1g-dev
+ iterators   1.0.14      [bld][dl] (300.27 kB)
+ jomo        2.7-6       [bld][cmp][dl] (985.64 kB)
+ mice        3.19.0      [bld][cmp][dl] (623.24 kB)
+ mitml       0.4-5       [bld][dl] (223.84 kB)
+ ordinal     2023.12-4.1 [bld][cmp][dl] (803.84 kB)
+ pan         1.9         [bld][cmp][dl] (1.09 MB)
+ readr       2.1.6       [bld][cmp][dl] (299.19 kB)
+ ucminf      1.2.2       [bld][cmp][dl] (16.88 kB)
+ vroom       1.6.7       [bld][cmp][dl] (628.15 kB)
✔ All system requirements are already installed.
  
ℹ Getting 14 pkgs (8.11 MB)
✔ Got forcats 1.0.1 (source) (294.63 kB)
✔ Got clipr 0.8.0 (source) (21.90 kB)
✔ Got foreach 1.5.2 (source) (89.76 kB)
✔ Got jomo 2.7-6 (source) (985.64 kB)
✔ Got pan 1.9 (source) (1.09 MB)
✔ Got readr 2.1.6 (source) (299.19 kB)
✔ Got ordinal 2023.12-4.1 (source) (803.84 kB)
✔ Got ucminf 1.2.2 (source) (16.88 kB)
✔ Got mitml 0.4-5 (source) (223.84 kB)
✔ Got vroom 1.6.7 (source) (628.15 kB)
✔ Got iterators 1.0.14 (source) (300.27 kB)
✔ Got mice 3.19.0 (source) (623.24 kB)
✔ Got haven 2.5.5 (source) (316.91 kB)
✔ Got glmnet 4.1-10 (source) (2.42 MB)
ℹ Building clipr 0.8.0
ℹ Building forcats 1.0.1
ℹ Building iterators 1.0.14
ℹ Building pan 1.9
ℹ Building ucminf 1.2.2
ℹ Building vroom 1.6.7
✔ Built clipr 0.8.0 (1.6s)
✔ Built iterators 1.0.14 (1.8s)
✔ Installed clipr 0.8.0  (197ms)
✔ Built ucminf 1.2.2 (1.9s)
✔ Installed ucminf 1.2.2  (113ms)
ℹ Building ordinal 2023.12-4.1
✔ Installed iterators 1.0.14  (316ms)
ℹ Building foreach 1.5.2
✔ Built forcats 1.0.1 (2.4s)
✔ Installed forcats 1.0.1  (220ms)
✔ Built foreach 1.5.2 (1.3s)
✔ Built pan 1.9 (3.7s)
✔ Installed foreach 1.5.2  (277ms)
ℹ Building glmnet 4.1-10
✔ Installed pan 1.9  (191ms)
✔ Built ordinal 2023.12-4.1 (7s)
✔ Installed ordinal 2023.12-4.1  (172ms)
ℹ Building jomo 2.7-6
✔ Built jomo 2.7-6 (37.3s)
✔ Installed jomo 2.7-6  (149ms)
✔ Built glmnet 4.1-10 (1m 2.2s)
✔ Installed glmnet 4.1-10  (527ms)
✔ Built vroom 1.6.7 (1m 9.3s)
✔ Installed vroom 1.6.7  (703ms)
ℹ Building readr 2.1.6
✔ Built readr 2.1.6 (32.8s)
✔ Installed readr 2.1.6  (314ms)
ℹ Building haven 2.5.5
✔ Built haven 2.5.5 (15.9s)
✔ Installed haven 2.5.5  (219ms)
ℹ Building mitml 0.4-5
✔ Built mitml 0.4-5 (5.3s)
✔ Installed mitml 0.4-5  (1.2s)
ℹ Building mice 3.19.0
✔ Built mice 3.19.0 (17.8s)
✔ Installed mice 3.19.0  (1.2s)
✔ 1 pkg + 61 deps: kept 47, added 14, dld 14 (8.11 MB) [2m 29.9s]
Installing miceadds...
 
→ Will install 2 packages.
→ Will download 2 CRAN packages (823.09 kB).
+ miceadds   3.18-36 [bld][cmp][dl] (593.58 kB)
+ mitools    2.4     [bld][dl] (229.51 kB)
✔ All system requirements are already installed.
  
ℹ Getting 2 pkgs (823.09 kB)
✔ Got mitools 2.4 (source) (229.51 kB)
✔ Got miceadds 3.18-36 (source) (593.58 kB)
ℹ Building mitools 2.4
✔ Built mitools 2.4 (1.1s)
✔ Installed mitools 2.4  (193ms)
ℹ Building miceadds 3.18-36
✔ Built miceadds 3.18-36 (58.2s)
✔ Installed miceadds 3.18-36  (297ms)
✔ 1 pkg + 61 deps: kept 59, added 2, dld 2 (823.09 kB) [1m 2.8s]
Installing microbenchmark...
 
  
ℹ No downloads are needed
✔ 1 pkg: kept 1 [864ms]
Installing Microsoft365R...
 
→ Will install 4 packages.
→ Will download 4 CRAN packages (1.14 MB).
+ AzureAuth       1.3.4 [bld][dl] (292.50 kB)
+ AzureGraph      1.3.5 [bld][dl] (176.76 kB)
+ jose            1.2.1 [bld][dl] (453.52 kB)
+ Microsoft365R   2.4.1 [bld][dl] (213.25 kB)
✔ All system requirements are already installed.
  
ℹ Getting 4 pkgs (1.14 MB)
✔ Got jose 1.2.1 (source) (453.52 kB)
✔ Got AzureAuth 1.3.4 (source) (292.50 kB)
✔ Got AzureGraph 1.3.5 (source) (176.76 kB)
✔ Got Microsoft365R 2.4.1 (source) (213.25 kB)
ℹ Building jose 1.2.1
✔ Built jose 1.2.1 (993ms)
✔ Installed jose 1.2.1  (1.2s)
ℹ Building AzureAuth 1.3.4
✔ Built AzureAuth 1.3.4 (3.2s)
✔ Installed AzureAuth 1.3.4  (322ms)
ℹ Building AzureGraph 1.3.5
✔ Built AzureGraph 1.3.5 (4.2s)
✔ Installed AzureGraph 1.3.5  (1.2s)
ℹ Building Microsoft365R 2.4.1
✔ Built Microsoft365R 2.4.1 (7s)
✔ Installed Microsoft365R 2.4.1  (178ms)
✔ 1 pkg + 17 deps: kept 14, added 4, dld 4 (1.14 MB) [21s]
Installing mime...
 
  
ℹ No downloads are needed
✔ 1 pkg: kept 1 [593ms]
Installing minioclient...
 
→ Will install 1 package.
→ Will download 1 CRAN package (20.25 kB).
+ minioclient   0.0.6 [bld][dl] (20.25 kB)
✔ All system requirements are already installed.
  
ℹ Getting 1 pkg (20.25 kB)
✔ Got minioclient 0.0.6 (source) (20.25 kB)
ℹ Building minioclient 0.0.6
✔ Built minioclient 0.0.6 (797ms)
✔ Installed minioclient 0.0.6  (112ms)
✔ 1 pkg + 6 deps: kept 6, added 1, dld 1 (20.25 kB) [2.2s]
Installing miniUI...
 
✔ All system requirements are already installed.
  
ℹ No downloads are needed
✔ 1 pkg + 30 deps: kept 30 [1.1s]
Installing minqa...
 
✔ All system requirements are already installed.
  
ℹ No downloads are needed
✔ 1 pkg + 1 dep: kept 1 [672ms]
Installing mirai...
 
→ Will install 2 packages.
→ Will download 1 CRAN package (197.72 kB), cached: 1 (739.27 kB).
+ mirai      2.5.3 [bld][dl] (197.72 kB)
+ nanonext   1.7.2 [bld][cmp] + ✔ cmake, ✔ xz-utils
✔ All system requirements are already installed.
  
ℹ Getting 1 pkg (197.72 kB), 1 (739.27 kB) cached
✔ Got mirai 2.5.3 (source) (197.72 kB)
ℹ Building nanonext 1.7.2
✔ Built nanonext 1.7.2 (29.3s)
✔ Installed nanonext 1.7.2  (184ms)
ℹ Building mirai 2.5.3
✔ Built mirai 2.5.3 (1.4s)
✔ Installed mirai 2.5.3  (210ms)
✔ 1 pkg + 1 dep: added 2, dld 1 (197.72 kB) [32.6s]
Installing misc3d...
 
→ Will install 1 package.
→ Will download 1 CRAN package (66.80 kB).
+ misc3d   0.9-1 [bld][dl] (66.80 kB)
  
ℹ Getting 1 pkg (66.80 kB)
✔ Got misc3d 0.9-1 (source) (66.80 kB)
ℹ Building misc3d 0.9-1
✔ Built misc3d 0.9-1 (2.1s)
✔ Installed misc3d 0.9-1  (1.1s)
✔ 1 pkg: added 1, dld 1 (66.80 kB) [4.5s]
Installing miscTools...
 
→ Will install 1 package.
→ Will download 1 CRAN package (25.70 kB).
+ miscTools   0.6-28 [bld][dl] (25.70 kB)
  
ℹ Getting 1 pkg (25.70 kB)
✔ Got miscTools 0.6-28 (source) (25.70 kB)
ℹ Building miscTools 0.6-28
✔ Built miscTools 0.6-28 (983ms)
✔ Installed miscTools 0.6-28  (107ms)
✔ 1 pkg + 1 dep: kept 1, added 1, dld 1 (25.70 kB) [2.3s]
Installing missForest...
 
→ Will install 4 packages.
→ Will download 4 CRAN packages (392.97 kB).
+ doRNG          1.8.6.2 [bld][dl] (18.99 kB)
+ missForest     1.6.1   [bld][dl] (269.26 kB)
+ randomForest   4.7-1.2 [bld][cmp][dl] (81.97 kB)
+ rngtools       1.5.2   [bld][dl] (22.75 kB)
  
ℹ Getting 4 pkgs (392.97 kB)
✔ Got doRNG 1.8.6.2 (source) (18.99 kB)
✔ Got randomForest 4.7-1.2 (source) (81.97 kB)
✔ Got rngtools 1.5.2 (source) (22.75 kB)
✔ Got missForest 1.6.1 (source) (269.26 kB)
ℹ Building randomForest 4.7-1.2
ℹ Building rngtools 1.5.2
✔ Built rngtools 1.5.2 (1s)
✔ Installed rngtools 1.5.2  (101ms)
ℹ Building doRNG 1.8.6.2
✔ Built doRNG 1.8.6.2 (840ms)
✔ Installed doRNG 1.8.6.2  (120ms)
✔ Built randomForest 4.7-1.2 (3.1s)
✔ Installed randomForest 4.7-1.2  (124ms)
ℹ Building missForest 1.6.1
✔ Built missForest 1.6.1 (2.6s)
✔ Installed missForest 1.6.1  (1.1s)
✔ 1 pkg + 14 deps: kept 10, added 4, dld 4 (392.97 kB) [9.1s]
Installing mitml...
 
✔ All system requirements are already installed.
  
ℹ No downloads are needed
✔ 1 pkg + 41 deps: kept 41 [1.2s]
Installing mitools...
 
  
ℹ No downloads are needed
✔ 1 pkg + 1 dep: kept 2 [709ms]
Installing mixsqp...
 
→ Will install 1 package.
→ Will download 1 CRAN package (221.35 kB).
+ mixsqp   0.3-54 [bld][cmp][dl] (221.35 kB)
  
ℹ Getting 1 pkg (221.35 kB)
✔ Got mixsqp 0.3-54 (source) (221.35 kB)
ℹ Building mixsqp 0.3-54
✔ Built mixsqp 0.3-54 (26.3s)
✔ Installed mixsqp 0.3-54  (190ms)
✔ 1 pkg + 5 deps: kept 4, added 1, dld 1 (221.35 kB) [27.8s]
Installing mixtools...
 
→ Will install 1 package.
→ Will download 1 CRAN package (702.41 kB).
+ mixtools   2.0.0.1 [bld][cmp][dl] (702.41 kB)
✔ All system requirements are already installed.
  
ℹ Getting 1 pkg (702.41 kB)
✔ Got mixtools 2.0.0.1 (source) (702.41 kB)
ℹ Building mixtools 2.0.0.1
✔ Built mixtools 2.0.0.1 (11.2s)
✔ Installed mixtools 2.0.0.1  (213ms)
✔ 1 pkg + 70 deps: kept 69, added 1, dld 1 (702.41 kB) [13.6s]
Installing mlapi...
 
→ Will install 1 package.
→ Will download 1 CRAN package (17.95 kB).
+ mlapi   0.1.1 [bld][dl] (17.95 kB)
  
ℹ Getting 1 pkg (17.95 kB)
✔ Got mlapi 0.1.1 (source) (17.95 kB)
ℹ Building mlapi 0.1.1
✔ Built mlapi 0.1.1 (3.7s)
✔ Installed mlapi 0.1.1  (125ms)
✔ 1 pkg + 3 deps: kept 3, added 1, dld 1 (17.95 kB) [5s]
Installing mlbench...
 
→ Will install 1 package.
→ Will download 1 CRAN package (921.02 kB).
+ mlbench   2.1-6 [bld][cmp][dl] (921.02 kB)
  
ℹ Getting 1 pkg (921.02 kB)
✔ Got mlbench 2.1-6 (source) (921.02 kB)
ℹ Building mlbench 2.1-6
✔ Built mlbench 2.1-6 (1.4s)
✔ Installed mlbench 2.1-6  (199ms)
✔ 1 pkg: added 1, dld 1 (921.02 kB) [2.9s]
Installing mlflow...
 
→ Will install 4 packages.
→ Will download 4 CRAN packages (2.86 MB).
+ git2r     0.36.2    [bld][cmp][dl] (239.42 kB) + ✔ libgit2-dev, ✔ libssh2-1-dev, ✔ libssl-dev
+ mlflow    3.6.0     [bld][dl] (639.49 kB)
+ swagger   5.17.14.1 [bld][dl] (1.95 MB)
+ zeallot   0.2.0     [bld][dl] (28.80 kB)
✔ All system requirements are already installed.
  
ℹ Getting 4 pkgs (2.86 MB)
✔ Got git2r 0.36.2 (source) (239.42 kB)
✔ Got zeallot 0.2.0 (source) (28.80 kB)
✔ Got mlflow 3.6.0 (source) (639.49 kB)
✔ Got swagger 5.17.14.1 (source) (1.95 MB)
ℹ Building git2r 0.36.2
ℹ Building swagger 5.17.14.1
ℹ Building zeallot 0.2.0
✔ Built zeallot 0.2.0 (859ms)
✔ Installed zeallot 0.2.0  (124ms)
✔ Built swagger 5.17.14.1 (1.3s)
✔ Installed swagger 5.17.14.1  (1.3s)
✔ Built git2r 0.36.2 (7.2s)
✔ Installed git2r 0.36.2  (125ms)
ℹ Building mlflow 3.6.0
✔ Built mlflow 3.6.0 (2.3s)
✔ Installed mlflow 3.6.0  (105ms)
✔ 1 pkg + 35 deps: kept 31, added 4, dld 4 (2.86 MB) [12s]
Installing MLmetrics...
 
→ Will install 1 package.
→ Will download 1 CRAN package (8.52 kB).
+ MLmetrics   1.1.3 [bld][dl] (8.52 kB)
  
ℹ Getting 1 pkg (8.52 kB)
✔ Got MLmetrics 1.1.3 (source) (8.52 kB)
ℹ Building MLmetrics 1.1.3
✔ Built MLmetrics 1.1.3 (884ms)
✔ Installed MLmetrics 1.1.3  (100ms)
✔ 1 pkg + 6 deps: kept 6, added 1, dld 1 (8.52 kB) [2.3s]
Installing mlogit...
 
→ Will install 2 packages.
→ Will download 2 CRAN packages (888.88 kB).
+ dfidx    0.2-0 [bld][dl] (163.14 kB)
+ mlogit   1.1-3 [bld][dl] (725.74 kB)
  
ℹ Getting 2 pkgs (888.88 kB)
✔ Got dfidx 0.2-0 (source) (163.14 kB)
✔ Got mlogit 1.1-3 (source) (725.74 kB)
ℹ Building dfidx 0.2-0
✔ Built dfidx 0.2-0 (1.2s)
✔ Installed dfidx 0.2-0  (148ms)
ℹ Building mlogit 1.1-3
✔ Built mlogit 1.1-3 (3.3s)
✔ Installed mlogit 1.1-3  (291ms)
✔ 1 pkg + 9 deps: kept 8, added 2, dld 2 (888.88 kB) [6.7s]
Installing mnormt...
 
  
ℹ No downloads are needed
✔ 1 pkg: kept 1 [705ms]
Installing mockery...
 
→ Will install 1 package.
→ Will download 1 CRAN package (21.13 kB).
+ mockery   0.4.5 [bld][dl] (21.13 kB)
✔ All system requirements are already installed.
  
ℹ Getting 1 pkg (21.13 kB)
✔ Got mockery 0.4.5 (source) (21.13 kB)
ℹ Building mockery 0.4.5
✔ Built mockery 0.4.5 (995ms)
✔ Installed mockery 0.4.5  (1.1s)
✔ 1 pkg + 23 deps: kept 23, added 1, dld 1 (21.13 kB) [3.9s]
Installing mockr...
 
→ Will install 1 package.
→ Will download 1 CRAN package (20.93 kB).
+ mockr   0.2.2 [bld][dl] (20.93 kB)
  
ℹ Getting 1 pkg (20.93 kB)
✔ Got mockr 0.2.2 (source) (20.93 kB)
ℹ Building mockr 0.2.2
✔ Built mockr 0.2.2 (944ms)
✔ Installed mockr 0.2.2  (1.3s)
✔ 1 pkg + 2 deps: kept 2, added 1, dld 1 (20.93 kB) [4.2s]
Installing modeest...
 
→ Will install 3 packages.
→ Will download 2 CRAN packages (61.16 kB), cached: 1 (939.04 kB).
+ fBasics   4052.98 [bld][cmp]
+ modeest   2.4.0   [bld][dl] (35.00 kB)
+ statip    0.2.3   [bld][cmp][dl] (26.16 kB)
  
ℹ Getting 2 pkgs (61.16 kB), 1 (939.04 kB) cached
✔ Got statip 0.2.3 (source) (26.16 kB)
✔ Got modeest 2.4.0 (source) (35.00 kB)
ℹ Building fBasics 4052.98
ℹ Building statip 0.2.3
✔ Built statip 0.2.3 (1.3s)
✔ Installed statip 0.2.3  (111ms)
✔ Built fBasics 4052.98 (32.2s)
✔ Installed fBasics 4052.98  (471ms)
ℹ Building modeest 2.4.0
✔ Built modeest 2.4.0 (2s)
✔ Installed modeest 2.4.0  (111ms)
✔ 1 pkg + 13 deps: kept 11, added 3, dld 2 (61.16 kB) [36.7s]
Installing modelbased...
 
→ Will install 1 package.
→ Will download 1 CRAN package (606.46 kB).
+ modelbased   0.13.1 [bld][dl] (606.46 kB)
  
ℹ Getting 1 pkg (606.46 kB)
✔ Got modelbased 0.13.1 (source) (606.46 kB)
ℹ Building modelbased 0.13.1
✔ Built modelbased 0.13.1 (3.9s)
✔ Installed modelbased 0.13.1  (218ms)
✔ 1 pkg + 4 deps: kept 4, added 1, dld 1 (606.46 kB) [5.7s]
Installing modeldata...
 
→ Will install 1 package.
→ Will download 1 CRAN package (5.14 MB).
+ modeldata   1.5.1 [bld][dl] (5.14 MB)
  
ℹ Getting 1 pkg (5.14 MB)
✔ Got modeldata 1.5.1 (source) (5.14 MB)
ℹ Building modeldata 1.5.1
✔ Built modeldata 1.5.1 (11.9s)
✔ Installed modeldata 1.5.1  (169ms)
✔ 1 pkg + 17 deps: kept 17, added 1, dld 1 (5.14 MB) [14.5s]
Installing modelenv...
 
  
ℹ No downloads are needed
✔ 1 pkg + 10 deps: kept 11 [834ms]
Installing ModelMetrics...
 
→ Will install 1 package.
→ Will download 1 CRAN package (17.08 kB).
+ ModelMetrics   1.2.2.2 [bld][cmp][dl] (17.08 kB)
  
ℹ Getting 1 pkg (17.08 kB)
✔ Got ModelMetrics 1.2.2.2 (source) (17.08 kB)
ℹ Building ModelMetrics 1.2.2.2
✔ Built ModelMetrics 1.2.2.2 (15.7s)
✔ Installed ModelMetrics 1.2.2.2  (159ms)
✔ 1 pkg + 2 deps: kept 1, added 1, dld 1 (17.08 kB) [17.1s]
Installing modelr...
 
✔ All system requirements are already installed.
  
ℹ No downloads are needed
✔ 1 pkg + 21 deps: kept 22 [1.1s]
Installing modeltests...
 
→ Will install 1 package.
→ Will download 1 CRAN package (24.26 kB).
+ modeltests   0.1.7 [bld][dl] (24.26 kB)
✔ All system requirements are already installed.
  
ℹ Getting 1 pkg (24.26 kB)
✔ Got modeltests 0.1.7 (source) (24.26 kB)
ℹ Building modeltests 0.1.7
✔ Built modeltests 0.1.7 (1.1s)
✔ Installed modeltests 0.1.7  (1.1s)
✔ 1 pkg + 32 deps: kept 32, added 1, dld 1 (24.26 kB) [3.8s]
Installing modeltools...
 
  
ℹ No downloads are needed
✔ 1 pkg: kept 1 [693ms]
Installing MomTrunc...
 
→ Will install 3 packages.
→ All 3 packages (14.48 MB) are cached.
+ BH          1.90.0-1 [bld]
+ MomTrunc    6.1      [bld][cmp]
+ tlrmvnmvt   1.1.2.1  [bld][cmp]
✖ Missing 1 system package. You'll probably need to install it manually:
+ pari-gp  - elliptic
ℹ No downloads are needed, 3 pkgs (14.48 MB) are cached
✔ Installed BH 1.90.0-1  (1m 18s)
ℹ Building tlrmvnmvt 1.1.2.1
✖ Failed to build tlrmvnmvt 1.1.2.1 (195ms)
  FAILED: ! error in pak subprocess
Caused by error in `stop_task_build(state, worker)`:
! Failed to build source package tlrmvnmvt.
Full installation output:
ERROR: dependency ‘BH’ is not available for package ‘tlrmvnmvt’
Perhaps try a variation of:
install.packages('BH')
* removing ‘/tmp/RtmpbSRdMO/pkg-lib106c5c5c4ad06e/tlrmvnmvt’
Installing mongolite...
 
→ Will install 1 package.
→ Will download 1 CRAN package (1.02 MB).
+ mongolite   4.0.0 [bld][cmp][dl] (1.02 MB) + ✔ libssl-dev, ✔ libsasl2-dev
✔ All system requirements are already installed.
  
ℹ Getting 1 pkg (1.02 MB)
✔ Got mongolite 4.0.0 (source) (1.02 MB)
ℹ Building mongolite 4.0.0
✔ Built mongolite 4.0.0 (31.9s)
✔ Installed mongolite 4.0.0  (180ms)
✔ 1 pkg + 5 deps: kept 5, added 1, dld 1 (1.02 MB) [33.4s]
Installing MotifDb...
 
→ Will install 2 packages.
→ Will download 1 CRAN package (33.97 kB), cached: 1 (0 B).
+ MotifDb           1.52.0 [bld]
+ splitstackshape   1.4.8  [bld][dl] (33.97 kB)
✔ All system requirements are already installed.
  
ℹ Getting 1 pkg (33.97 kB), 1 cached
✔ Got splitstackshape 1.4.8 (source) (33.97 kB)
✔ Got MotifDb 1.52.0 (source) (4.38 MB)
ℹ Building splitstackshape 1.4.8
✔ Built splitstackshape 1.4.8 (1.2s)
✔ Installed splitstackshape 1.4.8  (127ms)
ℹ Building MotifDb 1.52.0
✔ Built MotifDb 1.52.0 (19.8s)
✔ Installed MotifDb 1.52.0  (259ms)
✔ 1 pkg + 47 deps: kept 46, added 2, dld 2 (4.42 MB) [24.1s]
Installing motifStack...
  FAILED: ! error in pak subprocess
Caused by error: 
! Could not solve package dependencies:
* motifStack: Can't install dependency TFBSTools
* TFBSTools: Can't install dependency TFMPvalue (>= 0.0.5)
* TFMPvalue: Can't find package called TFMPvalue.
Installing MPO.db...
 
→ Will install 1 package.
→ The package (0 B) is cached.
+ MPO.db   0.99.8 [bld]
✔ All system requirements are already installed.
  
ℹ No downloads are needed, 1 pkg is cached
✔ Got MPO.db 0.99.8 (source) (30.56 kB)
ℹ Building MPO.db 0.99.8
✔ Built MPO.db 0.99.8 (57.5s)
✔ Installed MPO.db 0.99.8  (1.2s)
✔ 1 pkg + 55 deps: kept 55, added 1, dld 1 (30.56 kB) [1m 0.6s]
Installing msigdbr...
 
→ Will install 2 packages.
→ Will download 2 CRAN packages (3.67 MB).
+ babelgene   22.9   [bld][dl] (3.66 MB)
+ msigdbr     25.1.1 [bld][dl] (10.37 kB)
✔ All system requirements are already installed.
  
ℹ Getting 2 pkgs (3.67 MB)
✔ Got msigdbr 25.1.1 (source) (10.37 kB)
✔ Got babelgene 22.9 (source) (3.66 MB)
ℹ Building babelgene 22.9
✔ Built babelgene 22.9 (16.9s)
✔ Installed babelgene 22.9  (160ms)
ℹ Building msigdbr 25.1.1
✔ Built msigdbr 25.1.1 (1.4s)
✔ Installed msigdbr 25.1.1  (132ms)
✔ 1 pkg + 18 deps: kept 17, added 2, dld 2 (3.67 MB) [21.3s]
Installing mstate...
 
  
ℹ No downloads are needed
✔ 1 pkg + 7 deps: kept 8 [811ms]
Installing MSwM...
 
→ Will install 1 package.
→ Will download 1 CRAN package (383.23 kB).
+ MSwM   1.5 [bld][dl] (383.23 kB)
  
ℹ Getting 1 pkg (383.23 kB)
✔ Got MSwM 1.5 (source) (383.23 kB)
ℹ Building MSwM 1.5
✔ Built MSwM 1.5 (3.8s)
✔ Installed MSwM 1.5  (139ms)
✔ 1 pkg + 2 deps: kept 2, added 1, dld 1 (383.23 kB) [5.3s]
Installing muhaz...
 
  
ℹ No downloads are needed
✔ 1 pkg + 3 deps: kept 4 [1.3s]
Installing multcomp...
 
  
ℹ No downloads are needed
✔ 1 pkg + 9 deps: kept 10 [1.1s]
Installing multcompView...
 
→ Will install 1 package.
→ Will download 1 CRAN package (35.88 kB).
+ multcompView   0.1-10 [bld][dl] (35.88 kB)
  
ℹ Getting 1 pkg (35.88 kB)
✔ Got multcompView 0.1-10 (source) (35.88 kB)
ℹ Building multcompView 0.1-10
✔ Built multcompView 0.1-10 (1.1s)
✔ Installed multcompView 0.1-10  (101ms)
✔ 1 pkg: added 1, dld 1 (35.88 kB) [2.4s]
Installing multgee...
 
→ Will install 2 packages.
→ Will download 2 CRAN packages (1.28 MB).
+ gnm       1.1-5 [bld][cmp][dl] (1.02 MB)
+ multgee   1.9.0 [bld][cmp][dl] (264.42 kB)
  
ℹ Getting 2 pkgs (1.28 MB)
✔ Got multgee 1.9.0 (source) (264.42 kB)
✔ Got gnm 1.1-5 (source) (1.02 MB)
ℹ Building gnm 1.1-5
✔ Built gnm 1.1-5 (4.5s)
✔ Installed gnm 1.1-5  (266ms)
ℹ Building multgee 1.9.0
✔ Built multgee 1.9.0 (11.7s)
✔ Installed multgee 1.9.0  (1.1s)
✔ 1 pkg + 10 deps: kept 8, added 2, dld 2 (1.28 MB) [19.9s]
Installing multicool...
 
  
ℹ No downloads are needed
✔ 1 pkg + 1 dep: kept 1 [825ms]
Installing multinet...
 
→ Will install 1 package.
→ Will download 1 CRAN package (2.38 MB).
+ multinet   4.3.2 [bld][cmp][dl] (2.38 MB)
✔ All system requirements are already installed.
  
ℹ Getting 1 pkg (2.38 MB)
✔ Got multinet 4.3.2 (source) (2.38 MB)
ℹ Building multinet 4.3.2
✔ Built multinet 4.3.2 (7m 24.9s)
✔ Installed multinet 4.3.2  (1.3s)
✔ 1 pkg + 12 deps: kept 11, added 1, dld 1 (2.38 MB) [7m 28.1s]
Installing multiplex...
 
→ Will install 1 package.
→ Will download 1 CRAN package (354.14 kB).
+ multiplex   3.9 [bld][dl] (354.14 kB)
  
ℹ Getting 1 pkg (354.14 kB)
✔ Got multiplex 3.9 (source) (354.14 kB)
ℹ Building multiplex 3.9
✔ Built multiplex 3.9 (8.5s)
✔ Installed multiplex 3.9  (205ms)
✔ 1 pkg: added 1, dld 1 (354.14 kB) [10s]
Installing multtest...
 
  
ℹ No downloads are needed
✔ 1 pkg + 7 deps: kept 8 [908ms]
Installing MuMIn...
 
→ Will install 1 package.
→ Will download 1 CRAN package (189.52 kB).
+ MuMIn   1.48.11 [bld][dl] (189.52 kB)
  
ℹ Getting 1 pkg (189.52 kB)
✔ Got MuMIn 1.48.11 (source) (189.52 kB)
ℹ Building MuMIn 1.48.11
✔ Built MuMIn 1.48.11 (6.5s)
✔ Installed MuMIn 1.48.11  (159ms)
✔ 1 pkg + 4 deps: kept 4, added 1, dld 1 (189.52 kB) [8.2s]
Installing MungeSumstats...
 
→ Will install 2 packages.
→ Will download 1 CRAN package (45.91 kB), cached: 1 (0 B).
+ ieugwasr        1.1.0  [bld][dl] (45.91 kB)
+ MungeSumstats   1.18.0 [bld]
✔ All system requirements are already installed.
  
ℹ Getting 1 pkg (45.91 kB), 1 cached
✔ Got ieugwasr 1.1.0 (source) (45.91 kB)
✔ Got MungeSumstats 1.18.0 (source) (2.50 MB)
ℹ Building ieugwasr 1.1.0
✔ Built ieugwasr 1.1.0 (1.2s)
✔ Installed ieugwasr 1.1.0  (143ms)
ℹ Building MungeSumstats 1.18.0
✔ Built MungeSumstats 1.18.0 (20.7s)
✔ Installed MungeSumstats 1.18.0  (1.2s)
✔ 1 pkg + 81 deps: kept 80, added 2, dld 2 (2.55 MB) [26.4s]
Installing munsell...
 
→ Will install 1 package.
→ Will download 1 CRAN package (182.31 kB).
+ munsell   0.5.1 [bld][dl] (182.31 kB)
  
ℹ Getting 1 pkg (182.31 kB)
✔ Got munsell 0.5.1 (source) (182.31 kB)
ℹ Building munsell 0.5.1
✔ Built munsell 0.5.1 (1.1s)
✔ Installed munsell 0.5.1  (150ms)
✔ 1 pkg + 1 dep: kept 1, added 1, dld 1 (182.31 kB) [2.8s]
Installing Mus.musculus...
 
→ Will install 5 packages.
→ All 5 packages (14.31 MB) are cached.
+ BH                                   1.90.0-1 [bld]
+ Mus.musculus                         1.3.1    [bld]
+ OrganismDbi                          1.52.0   [bld]
+ RBGL                                 1.86.0   [bld][cmp]
+ TxDb.Mmusculus.UCSC.mm10.knownGene   3.10.0   [bld]
✔ All system requirements are already installed.
  
ℹ No downloads are needed, 5 pkgs (14.31 MB) are cached
✔ Got Mus.musculus 1.3.1 (source) (1.62 kB)
✔ Got TxDb.Mmusculus.UCSC.mm10.knownGene 3.10.0 (source) (24.86 MB)
ℹ Building TxDb.Mmusculus.UCSC.mm10.knownGene 3.10.0
✔ Built TxDb.Mmusculus.UCSC.mm10.knownGene 3.10.0 (28.4s)
✔ Installed TxDb.Mmusculus.UCSC.mm10.knownGene 3.10.0  (611ms)
✔ Installed BH 1.90.0-1  (2m 43.1s)
ℹ Building RBGL 1.86.0
✖ Failed to build RBGL 1.86.0 (374ms)
  FAILED: ! error in pak subprocess
Caused by error in `stop_task_build(state, worker)`:
! Failed to build source package RBGL.
Full installation output:
ERROR: dependency ‘BH’ is not available for package ‘RBGL’
Perhaps try a variation of:
install.packages('BH')
* removing ‘/tmp/RtmpbSRdMO/pkg-lib106c5c423ac980/RBGL’
Installing muscData...
 
→ Will install 1 package.
→ The package (0 B) is cached.
+ muscData   1.24.0 [bld]
✔ All system requirements are already installed.
  
ℹ No downloads are needed, 1 pkg is cached
✔ Got muscData 1.24.0 (source) (235.77 kB)
ℹ Building muscData 1.24.0
✔ Built muscData 1.24.0 (12.6s)
✔ Installed muscData 1.24.0  (148ms)
✔ 1 pkg + 67 deps: kept 67, added 1, dld 1 (235.77 kB) [15.3s]
Installing mutoss...
 
  
ℹ No downloads are needed
✔ 1 pkg + 15 deps: kept 16 [1s]
Installing mvtnorm...
 
  
ℹ No downloads are needed
✔ 1 pkg: kept 1 [973ms]
Installing NACHO...
 
→ Will install 1 package.
→ Will download 1 CRAN package (2.41 MB).
+ NACHO   2.0.6 [bld][dl] (2.41 MB) + ✔ pandoc
✔ All system requirements are already installed.
  
ℹ Getting 1 pkg (2.41 MB)
✔ Got NACHO 2.0.6 (source) (2.41 MB)
ℹ Building NACHO 2.0.6
✔ Built NACHO 2.0.6 (3.7s)
✔ Installed NACHO 2.0.6  (289ms)
✔ 1 pkg + 56 deps: kept 55, added 1, dld 1 (2.41 MB) [6.8s]
Installing naivebayes...
 
→ Will install 1 package.
→ Will download 1 CRAN package (767.06 kB).
+ naivebayes   1.0.0 [bld][dl] (767.06 kB)
  
ℹ Getting 1 pkg (767.06 kB)
✔ Got naivebayes 1.0.0 (source) (767.06 kB)
ℹ Building naivebayes 1.0.0
✔ Built naivebayes 1.0.0 (1.7s)
✔ Installed naivebayes 1.0.0  (250ms)
✔ 1 pkg: added 1, dld 1 (767.06 kB) [3.7s]
Installing naniar...
 
→ Will install 2 packages.
→ Will download 2 CRAN packages (7.03 MB).
+ naniar   1.1.0 [bld][dl] (2.84 MB)
+ UpSetR   1.4.0 [bld][dl] (4.19 MB)
✔ All system requirements are already installed.
  
ℹ Getting 2 pkgs (7.03 MB)
✔ Got naniar 1.1.0 (source) (2.84 MB)
✔ Got UpSetR 1.4.0 (source) (4.19 MB)
ℹ Building UpSetR 1.4.0
✔ Built UpSetR 1.4.0 (3.9s)
✔ Installed UpSetR 1.4.0  (1.2s)
ℹ Building naniar 1.1.0
✔ Built naniar 1.1.0 (3.7s)
✔ Installed naniar 1.1.0  (311ms)
✔ 1 pkg + 44 deps: kept 42, added 2, dld 2 (7.03 MB) [11.5s]
Installing nanonext...
 
✔ All system requirements are already installed.
  
ℹ No downloads are needed
✔ 1 pkg: kept 1 [815ms]
Installing narray...
 
→ Will install 1 package.
→ Will download 1 CRAN package (160.02 kB).
+ narray   0.5.2 [bld][cmp][dl] (160.02 kB)
✔ All system requirements are already installed.
  
ℹ Getting 1 pkg (160.02 kB)
✔ Got narray 0.5.2 (source) (160.02 kB)
ℹ Building narray 0.5.2
✔ Built narray 0.5.2 (8.3s)
✔ Installed narray 0.5.2  (167ms)
✔ 1 pkg + 15 deps: kept 14, added 1, dld 1 (160.02 kB) [10.1s]
Installing ncdfFlow...
 
→ Will install 4 packages.
→ All 4 packages (14.31 MB) are cached.
+ BH         1.90.0-1 [bld]
+ cytolib    2.22.0   [bld][cmp] + ✔ make
+ flowCore   2.22.0   [bld][cmp] + ✔ make
+ ncdfFlow   2.56.0   [bld][cmp]
✔ All system requirements are already installed.
  
ℹ No downloads are needed, 4 pkgs (14.31 MB) are cached
✔ Installed BH 1.90.0-1  (1m 29.1s)
ℹ Building cytolib 2.22.0
✖ Failed to build cytolib 2.22.0 (1.1s)
  FAILED: ! error in pak subprocess
Caused by error in `stop_task_build(state, worker)`:
! Failed to build source package cytolib.
Full installation output:
ERROR: dependency ‘BH’ is not available for package ‘cytolib’
Perhaps try a variation of:
install.packages('BH')
* removing ‘/tmp/RtmpbSRdMO/pkg-lib106c5c350edbe9/cytolib’
Installing Nebulosa...
 
→ Will install 1 package.
→ The package (0 B) is cached.
+ Nebulosa   1.20.0 [bld]
✔ All system requirements are already installed.
  
ℹ No downloads are needed, 1 pkg is cached
✔ Got Nebulosa 1.20.0 (source) (3.12 MB)
ℹ Building Nebulosa 1.20.0
✔ Built Nebulosa 1.20.0 (14.3s)
✔ Installed Nebulosa 1.20.0  (187ms)
✔ 1 pkg + 70 deps: kept 69, added 1, dld 1 (3.12 MB) [17.3s]
Installing network...
 
  
ℹ No downloads are needed
✔ 1 pkg + 14 deps: kept 15 [1s]
Installing networkD3...
 
→ Will install 1 package.
→ Will download 1 CRAN package (140.08 kB).
+ networkD3   0.4.1 [bld][dl] (140.08 kB)
✔ All system requirements are already installed.
  
ℹ Getting 1 pkg (140.08 kB)
✔ Got networkD3 0.4.1 (source) (140.08 kB)
ℹ Building networkD3 0.4.1
✔ Built networkD3 0.4.1 (1.6s)
✔ Installed networkD3 0.4.1  (226ms)
✔ 1 pkg + 35 deps: kept 35, added 1, dld 1 (140.08 kB) [4s]
Installing nleqslv...
 
  
ℹ No downloads are needed
✔ 1 pkg: kept 1 [730ms]
Installing nloptr...
 
✔ All system requirements are already installed.
  
ℹ No downloads are needed
✔ 1 pkg: kept 1 [809ms]
Installing NLP...
 
  
ℹ No downloads are needed
✔ 1 pkg: kept 1 [927ms]
Installing NMF...
 
→ Will install 1 package.
→ Will download 1 CRAN package (1.68 MB).
+ NMF   0.28 [bld][cmp][dl] (1.68 MB)
✔ All system requirements are already installed.
  
ℹ Getting 1 pkg (1.68 MB)
✔ Got NMF 0.28 (source) (1.68 MB)
ℹ Building NMF 0.28
✔ Built NMF 0.28 (13.5s)
✔ Installed NMF 0.28  (216ms)
✔ 1 pkg + 36 deps: kept 35, added 1, dld 1 (1.68 MB) [16.1s]
Installing nnls...
 
  
ℹ No downloads are needed
✔ 1 pkg: kept 1 [821ms]
Installing nodbi...
 
✔ All system requirements are already installed.
  
ℹ No downloads are needed
✔ 1 pkg + 13 deps: kept 13 [1.2s]
Installing nomnoml...
 
✖ Missing 1 system package. You'll probably need to install it manually:
+ chromium  - chromote, nomnoml
ℹ No downloads are needed
✔ 1 pkg + 42 deps: kept 42 [1.4s]
