=== Phase 2: Installing leaf packages (task 19) ===
Package file: /home/domeally/workspaces/vscode-rbioc/slurm_install/pkgs_leaf_019.txt
Library: /packages/singularity/shared_cache/rbioc/rlibs/bioc-3.22
Installing threejs...
ℹ Loading metadata database
✔ Loading metadata database ... done

 
✔ All system requirements are already installed.
  
ℹ No downloads are needed
✔ 1 pkg + 35 deps: kept 36 [6.3s]
Installing tictoc...
 
  
ℹ No downloads are needed
✔ 1 pkg: kept 1 [795ms]
Installing tidybulk...
 
✔ All system requirements are already installed.
  
ℹ No downloads are needed
✔ 1 pkg + 81 deps: kept 81 [1.9s]
Installing tidyclust...
 
✔ All system requirements are already installed.
  
ℹ No downloads are needed
✔ 1 pkg + 85 deps: kept 85 [2s]
Installing tidycmprsk...
 
✔ All system requirements are already installed.
  
ℹ No downloads are needed
✔ 1 pkg + 74 deps: kept 74 [1.9s]
Installing tidygraph...
 
✔ All system requirements are already installed.
  
ℹ No downloads are needed
✔ 1 pkg + 22 deps: kept 23 [1.1s]
Installing tidyHeatmap...
 
✔ All system requirements are already installed.
  
ℹ No downloads are needed
✔ 1 pkg + 52 deps: kept 53 [1.4s]
Installing tidylog...
 
✔ All system requirements are already installed.
  
ℹ No downloads are needed
✔ 1 pkg + 20 deps: kept 21 [1.2s]
Installing tidymodels...
 
✔ All system requirements are already installed.
  
ℹ No downloads are needed
✔ 1 pkg + 89 deps: kept 89 [2.2s]
Installing tidyselect...
 
  
ℹ No downloads are needed
✔ 1 pkg + 6 deps: kept 7 [913ms]
Installing tidyseurat...
 
✔ All system requirements are already installed.
  
ℹ No downloads are needed
✔ 1 pkg + 137 deps: kept 137 [2.8s]
Installing tidySingleCellExperiment...
 
✔ All system requirements are already installed.
  
ℹ No downloads are needed
✔ 1 pkg + 83 deps: kept 83 [2.1s]
Installing tidySummarizedExperiment...
 
✔ All system requirements are already installed.
  
ℹ No downloads are needed
✔ 1 pkg + 83 deps: kept 83 [2.3s]
Installing tidytext...
 
✔ All system requirements are already installed.
  
ℹ No downloads are needed
✔ 1 pkg + 24 deps: kept 24 [1.1s]
Installing tidytree...
 
✔ All system requirements are already installed.
  
ℹ No downloads are needed
✔ 1 pkg + 28 deps: kept 28 [1.1s]
Installing timechange...
 
  
ℹ No downloads are needed
✔ 1 pkg: kept 1 [814ms]
Installing timeDate...
 
  
ℹ No downloads are needed
✔ 1 pkg: kept 1 [784ms]
Installing timereg...
 
  
ℹ No downloads are needed
✔ 1 pkg + 15 deps: kept 16 [1.1s]
Installing timeSeries...
 
  
ℹ No downloads are needed
✔ 1 pkg + 1 dep: kept 2 [865ms]
Installing tinytest...
 
  
ℹ No downloads are needed
✔ 1 pkg: kept 1 [853ms]
Installing tinytex...
 
  
ℹ No downloads are needed
✔ 1 pkg + 1 dep: kept 2 [810ms]
Installing titanic...
 
  
ℹ No downloads are needed
✔ 1 pkg: kept 1 [910ms]
Installing tlrmvnmvt...
 
  
ℹ No downloads are needed
✔ 1 pkg + 1 dep: kept 1 [906ms]
Installing tm...
 
✔ All system requirements are already installed.
  
ℹ No downloads are needed
✔ 1 pkg + 6 deps: kept 6 [987ms]
Installing tmap...
 
✖ Missing 1 system package. You'll probably need to install it manually:
+ libabsl-dev  - s2
ℹ No downloads are needed
✔ 1 pkg + 78 deps: kept 78 [1.9s]
Installing tmaptools...
 
✖ Missing 1 system package. You'll probably need to install it manually:
+ libabsl-dev  - s2
ℹ No downloads are needed
✔ 1 pkg + 18 deps: kept 18 [1.1s]
Installing TMB...
 
  
ℹ No downloads are needed
✔ 1 pkg + 2 deps: kept 3 [890ms]
Installing tmvnsim...
 
  
ℹ No downloads are needed
✔ 1 pkg: kept 1 [815ms]
Installing toastui...
 
✔ All system requirements are already installed.
  
ℹ No downloads are needed
✔ 1 pkg + 40 deps: kept 40 [1.4s]
Installing tokenizers...
 
✔ All system requirements are already installed.
  
ℹ No downloads are needed
✔ 1 pkg + 3 deps: kept 3 [898ms]
Installing tokenizers.bpe...
 
  
ℹ No downloads are needed
✔ 1 pkg + 1 dep: kept 1 [1s]
Installing topGO...
 
✔ All system requirements are already installed.
  
ℹ No downloads are needed
✔ 1 pkg + 39 deps: kept 40 [1.3s]
Installing topicmodels...
 
✔ All system requirements are already installed.
  
ℹ No downloads are needed
✔ 1 pkg + 8 deps: kept 8 [877ms]
Installing torch...
 
  
ℹ No downloads are needed
✔ 1 pkg + 22 deps: kept 22 [1s]
Installing TrajectoryUtils...
 
✔ All system requirements are already installed.
  
ℹ No downloads are needed
✔ 1 pkg + 26 deps: kept 27 [1.1s]
Installing transformr...
 
✖ Missing 1 system package. You'll probably need to install it manually:
+ libabsl-dev  - s2
ℹ No downloads are needed
✔ 1 pkg + 21 deps: kept 21 [1.2s]
Installing tree...
 
  
ℹ No downloads are needed
✔ 1 pkg: kept 1 [826ms]
Installing treeio...
 
✔ All system requirements are already installed.
  
ℹ No downloads are needed
✔ 1 pkg + 30 deps: kept 30 [1.2s]
Installing triebeard...
 
  
ℹ No downloads are needed
✔ 1 pkg + 1 dep: kept 1 [951ms]
Installing truncnorm...
 
  
ℹ No downloads are needed
✔ 1 pkg: kept 1 [780ms]
Installing trust...
 
  
ℹ No downloads are needed
✔ 1 pkg: kept 1 [858ms]
Installing tseries...
 
✔ All system requirements are already installed.
  
ℹ No downloads are needed
✔ 1 pkg + 8 deps: kept 9 [1s]
Installing TSP...
 
  
ℹ No downloads are needed
✔ 1 pkg + 3 deps: kept 4 [848ms]
Installing TTR...
 
✔ All system requirements are already installed.
  
ℹ No downloads are needed
✔ 1 pkg + 4 deps: kept 5 [1.2s]
Installing ttservice...
 
✔ All system requirements are already installed.
  
ℹ No downloads are needed
✔ 1 pkg + 65 deps: kept 65 [1.6s]
Installing tufte...
 
✔ All system requirements are already installed.
  
ℹ No downloads are needed
✔ 1 pkg + 26 deps: kept 27 [1.1s]
Installing tune...
 
✔ All system requirements are already installed.
  
ℹ No downloads are needed
✔ 1 pkg + 77 deps: kept 77 [1.8s]
Installing tuneR...
 
  
ℹ No downloads are needed
✔ 1 pkg + 2 deps: kept 3 [959ms]
Installing tweenr...
 
  
ℹ No downloads are needed
✔ 1 pkg + 7 deps: kept 8 [892ms]
Installing TxDb.Dmelanogaster.UCSC.dm3.ensGene...
 
✔ All system requirements are already installed.
  
ℹ No downloads are needed
✔ 1 pkg + 63 deps: kept 64 [1.7s]
Installing TxDb.Hsapiens.UCSC.hg19.knownGene...
 
✔ All system requirements are already installed.
  
ℹ No downloads are needed
✔ 1 pkg + 63 deps: kept 64 [1.8s]
Installing TxDb.Mmusculus.UCSC.mm10.knownGene...
 
✔ All system requirements are already installed.
  
ℹ No downloads are needed
✔ 1 pkg + 63 deps: kept 64 [1.8s]
Installing TxDb.Scerevisiae.UCSC.sacCer3.sgdGene...
 
✔ All system requirements are already installed.
  
ℹ No downloads are needed
✔ 1 pkg + 63 deps: kept 64 [1.8s]
Installing txdbmaker...
 
✔ All system requirements are already installed.
  
ℹ No downloads are needed
✔ 1 pkg + 86 deps: kept 87 [2.4s]
Installing tximeta...
 
✔ All system requirements are already installed.
  
ℹ No downloads are needed
✔ 1 pkg + 96 deps: kept 97 [2.5s]
Installing tximport...
 
  
ℹ No downloads are needed
✔ 1 pkg: kept 1 [829ms]
Installing txtplot...
 
  
ℹ No downloads are needed
✔ 1 pkg + 2 deps: kept 3 [808ms]
Installing txtq...
 
  
ℹ No downloads are needed
✔ 1 pkg + 4 deps: kept 5 [835ms]
Installing tzdb...
 
  
ℹ No downloads are needed
✔ 1 pkg: kept 1 [866ms]
Installing UCell...
 
  
ℹ No downloads are needed
✔ 1 pkg + 28 deps: kept 28 [1.2s]
Installing ucminf...
 
  
ℹ No downloads are needed
✔ 1 pkg: kept 1 [784ms]
Installing UCSC.utils...
 
✔ All system requirements are already installed.
  
ℹ No downloads are needed
✔ 1 pkg + 11 deps: kept 12 [921ms]
Installing udpipe...
 
  
ℹ No downloads are needed
✔ 1 pkg + 4 deps: kept 4 [945ms]
Installing unigd...
 
✔ All system requirements are already installed.
  
ℹ No downloads are needed
✔ 1 pkg + 7 deps: kept 8 [901ms]
Installing units...
 
✔ All system requirements are already installed.
  
ℹ No downloads are needed
✔ 1 pkg + 1 dep: kept 1 [836ms]
Installing UpSetR...
 
  
ℹ No downloads are needed
✔ 1 pkg + 19 deps: kept 19 [1.1s]
Installing urca...
 
  
ℹ No downloads are needed
✔ 1 pkg + 2 deps: kept 3 [867ms]
Installing urlchecker...
 
✔ All system requirements are already installed.
  
ℹ No downloads are needed
✔ 1 pkg + 4 deps: kept 5 [1s]
