=== Phase 2: Installing leaf packages (task 7) ===
Package file: /home/domeally/workspaces/vscode-rbioc/slurm_install/pkgs_leaf_007.txt
Library: /packages/singularity/shared_cache/rbioc/rlibs/bioc-3.22
Installing genefilter...
ℹ Loading metadata database
✔ Loading metadata database ... done

 
✔ All system requirements are already installed.
  
ℹ No downloads are needed
✔ 1 pkg + 42 deps: kept 43 [7.7s]
Installing GeneNMF...
 
✔ All system requirements are already installed.
  
ℹ No downloads are needed
✔ 1 pkg + 142 deps: kept 142 [3.7s]
Installing geneplotter...
 
✔ All system requirements are already installed.
  
ℹ No downloads are needed
✔ 1 pkg + 39 deps: kept 40 [1.7s]
Installing GeneralizedHyperbolic...
 
  
ℹ No downloads are needed
✔ 1 pkg + 2 deps: kept 3 [1.4s]
Installing generics...
 
  
ℹ No downloads are needed
✔ 1 pkg: kept 1 [1s]
Installing GenomeInfoDbData...
 
  
ℹ No downloads are needed
✔ 1 pkg: kept 1 [992ms]
Installing GenSA...
 
  
ℹ No downloads are needed
✔ 1 pkg: kept 1 [970ms]
Installing geojsonsf...
 
  
ℹ No downloads are needed
✔ 1 pkg + 1 dep: kept 1 [1.1s]
Installing geometries...
 
  
ℹ No downloads are needed
✔ 1 pkg + 1 dep: kept 1 [1.1s]
Installing geometry...
 
  
ℹ No downloads are needed
✔ 1 pkg + 5 deps: kept 5 [1.3s]
Installing GEOquery...
 
✔ All system requirements are already installed.
  
ℹ No downloads are needed
✔ 1 pkg + 63 deps: kept 64 [2.2s]
Installing geosphere...
 
  
ℹ No downloads are needed
✔ 1 pkg + 3 deps: kept 3 [1.2s]
Installing gert...
 
✔ All system requirements are already installed.
  
ℹ No downloads are needed
✔ 1 pkg + 8 deps: kept 9 [1.3s]
Installing getip...
 
  
ℹ No downloads are needed
✔ 1 pkg: kept 1 [1.2s]
Installing GetoptLong...
 
✔ All system requirements are already installed.
  
ℹ No downloads are needed
✔ 1 pkg + 3 deps: kept 4 [1.2s]
Installing getPass...
 
  
ℹ No downloads are needed
✔ 1 pkg + 1 dep: kept 2 [1.1s]
Installing gfonts...
 
✔ All system requirements are already installed.
  
ℹ No downloads are needed
✔ 1 pkg + 36 deps: kept 36 [2s]
Installing ggalluvial...
 
✔ All system requirements are already installed.
  
ℹ No downloads are needed
✔ 1 pkg + 29 deps: kept 30 [1.7s]
Installing GGally...
 
✔ All system requirements are already installed.
  
ℹ No downloads are needed
✔ 1 pkg + 35 deps: kept 36 [1.8s]
Installing gganimate...
 
✖ Missing 1 system package. You'll probably need to install it manually:
+ libabsl-dev  - s2
ℹ No downloads are needed
✔ 1 pkg + 38 deps: kept 38 [2.4s]
Installing ggbeeswarm...
 
  
ℹ No downloads are needed
✔ 1 pkg + 18 deps: kept 19 [1.4s]
Installing ggbio...
 
✔ All system requirements are already installed.
  
ℹ No downloads are needed
✔ 1 pkg + 122 deps: kept 122 [3.1s]
Installing ggblend...
 
  
ℹ No downloads are needed
✔ 1 pkg + 16 deps: kept 17 [1.3s]
Installing ggcorrplot...
 
✔ All system requirements are already installed.
  
ℹ No downloads are needed
✔ 1 pkg + 22 deps: kept 22 [1.5s]
Installing ggdendro...
 
  
ℹ No downloads are needed
✔ 1 pkg + 17 deps: kept 18 [1.4s]
Installing ggdist...
 
  
ℹ No downloads are needed
✔ 1 pkg + 26 deps: kept 26 [1.5s]
Installing ggeffects...
 
  
ℹ No downloads are needed
✔ 1 pkg + 7 deps: kept 8 [1.4s]
Installing ggExtra...
 
✔ All system requirements are already installed.
  
ℹ No downloads are needed
✔ 1 pkg + 51 deps: kept 51 [2.1s]
Installing ggforce...
 
✔ All system requirements are already installed.
  
ℹ No downloads are needed
✔ 1 pkg + 24 deps: kept 25 [1.5s]
Installing ggfortify...
 
✔ All system requirements are already installed.
  
ℹ No downloads are needed
✔ 1 pkg + 29 deps: kept 30 [1.8s]
Installing ggfun...
 
✔ All system requirements are already installed.
  
ℹ No downloads are needed
✔ 1 pkg + 28 deps: kept 29 [1.7s]
Installing ggimage...
 
✔ All system requirements are already installed.
  
ℹ No downloads are needed
✔ 1 pkg + 60 deps: kept 60 [2s]
Installing ggiraph...
 
✔ All system requirements are already installed.
  
ℹ No downloads are needed
✔ 1 pkg + 53 deps: kept 53 [2s]
Installing ggnetwork...
 
✔ All system requirements are already installed.
  
ℹ No downloads are needed
✔ 1 pkg + 30 deps: kept 30 [1.6s]
Installing ggnewscale...
 
  
ℹ No downloads are needed
✔ 1 pkg + 16 deps: kept 17 [1.4s]
Installing ggparty...
 
  
ℹ No downloads are needed
✔ 1 pkg + 27 deps: kept 28 [1.5s]
Installing ggplot2movies...
 
  
ℹ No downloads are needed
✔ 1 pkg: kept 1 [1.2s]
Installing ggplotify...
 
✔ All system requirements are already installed.
  
ℹ No downloads are needed
✔ 1 pkg + 21 deps: kept 22 [1.5s]
Installing ggpointdensity...
 
  
ℹ No downloads are needed
✔ 1 pkg + 17 deps: kept 18 [1.4s]
Installing ggprism...
 
  
ℹ No downloads are needed
✔ 1 pkg + 22 deps: kept 23 [1.6s]
Installing ggpubr...
 
✔ All system requirements are already installed.
  
ℹ No downloads are needed
✔ 1 pkg + 80 deps: kept 80 [3.2s]
Installing ggraph...
 
✔ All system requirements are already installed.
  
ℹ No downloads are needed
✔ 1 pkg + 47 deps: kept 47 [2.1s]
Installing ggrastr...
 
✔ All system requirements are already installed.
  
ℹ No downloads are needed
✔ 1 pkg + 27 deps: kept 28 [2.1s]
Installing ggridges...
 
  
ℹ No downloads are needed
✔ 1 pkg + 16 deps: kept 17 [1.4s]
Installing ggsci...
 
  
ℹ No downloads are needed
✔ 1 pkg + 16 deps: kept 17 [1.3s]
Installing ggsignif...
 
  
ℹ No downloads are needed
✔ 1 pkg + 16 deps: kept 17 [1.4s]
Installing ggstats...
 
✔ All system requirements are already installed.
  
ℹ No downloads are needed
✔ 1 pkg + 30 deps: kept 31 [1.8s]
Installing ggtext...
 
✔ All system requirements are already installed.
  
ℹ No downloads are needed
✔ 1 pkg + 29 deps: kept 29 [1.6s]
Installing ggthemes...
 
✔ All system requirements are already installed.
  
ℹ No downloads are needed
✔ 1 pkg + 24 deps: kept 25 [1.5s]
Installing ggtree...
 
✔ All system requirements are already installed.
  
ℹ No downloads are needed
✔ 1 pkg + 69 deps: kept 69 [2.4s]
Installing gh...
 
✔ All system requirements are already installed.
  
ℹ No downloads are needed
✔ 1 pkg + 17 deps: kept 18 [1.4s]
Installing git2r...
 
✔ All system requirements are already installed.
  
ℹ No downloads are needed
✔ 1 pkg: kept 1 [1.1s]
Installing gitcreds...
 
✔ All system requirements are already installed.
  
ℹ No downloads are needed
✔ 1 pkg: kept 1 [1.1s]
Installing gld...
 
  
ℹ No downloads are needed
✔ 1 pkg + 5 deps: kept 6 [1.2s]
Installing Glimma...
 
✔ All system requirements are already installed.
  
ℹ No downloads are needed
✔ 1 pkg + 68 deps: kept 68 [2.3s]
Installing glmGamPoi...
 
✔ All system requirements are already installed.
  
ℹ No downloads are needed
✔ 1 pkg + 32 deps: kept 32 [2.1s]
Installing glmmTMB...
 
✔ All system requirements are already installed.
  
ℹ No downloads are needed
✔ 1 pkg + 67 deps: kept 67 [2.3s]
Installing glmnetUtils...
 
  
ℹ No downloads are needed
✔ 1 pkg + 9 deps: kept 9 [1.3s]
Installing glmpca...
 
  
ℹ No downloads are needed
✔ 1 pkg + 1 dep: kept 2 [1.1s]
Installing GlobalOptions...
 
  
ℹ No downloads are needed
✔ 1 pkg: kept 1 [1.1s]
Installing globals...
 
  
ℹ No downloads are needed
✔ 1 pkg + 1 dep: kept 2 [1.1s]
Installing globaltest...
 
✔ All system requirements are already installed.
  
ℹ No downloads are needed
✔ 1 pkg + 40 deps: kept 41 [1.8s]
Installing gmm...
 
  
ℹ No downloads are needed
✔ 1 pkg + 3 deps: kept 4 [1.3s]
Installing gmodels...
 
  
ℹ No downloads are needed
✔ 1 pkg + 3 deps: kept 4 [1.2s]
Installing gmp...
 
✔ All system requirements are already installed.
  
ℹ No downloads are needed
✔ 1 pkg: kept 1 [1.3s]
Installing gnm...
 
  
ℹ No downloads are needed
✔ 1 pkg + 6 deps: kept 7 [1.2s]
Installing GO.db...
 
✔ All system requirements are already installed.
  
ℹ No downloads are needed
✔ 1 pkg + 34 deps: kept 35 [1.8s]
Installing goftest...
 
  
ℹ No downloads are needed
✔ 1 pkg: kept 1 [1.2s]
Installing golem...
 
✔ All system requirements are already installed.
  
ℹ No downloads are needed
✔ 1 pkg + 35 deps: kept 35 [1.8s]
